#
# There is insufficient memory for the Java Runtime Environment to continue.
# Native memory allocation (malloc) failed to allocate 32744 bytes for ChunkPool::allocate
# Possible reasons:
#   The system is out of physical RAM or swap space
#   The process is running with CompressedOops enabled, and the Java Heap may be blocking the growth of the native heap
# Possible solutions:
#   Reduce memory load on the system
#   Increase physical memory or swap space
#   Check if swap backing store is full
#   Decrease Java heap size (-Xmx/-Xms)
#   Decrease number of Java threads
#   Decrease Java thread stack sizes (-Xss)
#   Set larger code cache with -XX:ReservedCodeCacheSize=
#   JVM is running with Unscaled Compressed Oops mode in which the Java heap is
#     placed in the first 4GB address space. The Java Heap base address is the
#     maximum limit for the native heap growth. Please use -XX:HeapBaseMinAddress
#     to set the Java Heap base and to place the Java Heap above 4GB virtual address.
# This output file may be truncated or incomplete.
#
#  Out of Memory Error (t:/workspace/open/src/hotspot/share/memory/arena.cpp:81), pid=12628, tid=11912
#
# JRE version: OpenJDK Runtime Environment (11.0.2+9) (build 11.0.2+9)
# Java VM: OpenJDK 64-Bit Server VM (11.0.2+9, mixed mode, tiered, compressed oops, g1 gc, windows-amd64)
# No core dump will be written. Minidumps are not enabled by default on client versions of Windows
#

---------------  S U M M A R Y ------------

Command Line: -XX:MaxMetaspaceSize=512m --add-opens=java.base/java.util=ALL-UNNAMED --add-opens=java.base/java.lang=ALL-UNNAMED --add-opens=java.base/java.lang.invoke=ALL-UNNAMED --add-opens=java.base/java.util=ALL-UNNAMED --add-opens=java.prefs/java.util.prefs=ALL-UNNAMED --add-opens=java.prefs/java.util.prefs=ALL-UNNAMED --add-opens=java.base/java.nio.charset=ALL-UNNAMED --add-opens=java.base/java.net=ALL-UNNAMED --add-opens=java.base/java.util.concurrent.atomic=ALL-UNNAMED -Xmx2048m -Dfile.encoding=windows-1252 -Duser.country=US -Duser.language=en -Duser.variant org.gradle.launcher.daemon.bootstrap.GradleDaemon 7.5.1

Host: Intel(R) Core(TM) i5-7Y54 CPU @ 1.20GHz, 4 cores, 7G,  Windows 10 , 64 bit Build 18362 (10.0.18362.1350)
Time: Tue Sep  5 23:14:14 2023 Pakistan Standard Time elapsed time: 85 seconds (0d 0h 1m 25s)

---------------  T H R E A D  ---------------

Current thread (0x0000028d1f451800):  JavaThread "C2 CompilerThread0" daemon [_thread_in_native, id=11912, stack(0x000000f422200000,0x000000f422300000)]


Current CompileTask:
C2:  85601 6212       4       jdk.internal.loader.URLClassPath::getResource (74 bytes)

Stack: [0x000000f422200000,0x000000f422300000]
Native frames: (J=compiled Java code, j=interpreted, Vv=VM code, C=native code)
V  [jvm.dll+0x63489a]
V  [jvm.dll+0x771f9f]
V  [jvm.dll+0x773648]
V  [jvm.dll+0x773d03]
V  [jvm.dll+0x25eba8]
V  [jvm.dll+0xc23bb]
V  [jvm.dll+0xc271c]
V  [jvm.dll+0xc2270]
V  [jvm.dll+0x613baf]
V  [jvm.dll+0x6664d5]
V  [jvm.dll+0x1a989d]
V  [jvm.dll+0x218ad2]
V  [jvm.dll+0x217b6a]
V  [jvm.dll+0x194370]
V  [jvm.dll+0x226b3f]
V  [jvm.dll+0x225148]
V  [jvm.dll+0x73774d]
V  [jvm.dll+0x633942]
C  [ucrtbase.dll+0x210b2]
C  [KERNEL32.DLL+0x17c24]
C  [ntdll.dll+0x6d721]


---------------  P R O C E S S  ---------------

Threads class SMR info:
_java_thread_list=0x0000028d2084b6b0, length=74, elements={
0x0000028d7f490000, 0x0000028d1f430800, 0x0000028d1f431800, 0x0000028d1f44c800,
0x0000028d1f44d800, 0x0000028d1f451800, 0x0000028d1fdec000, 0x0000028d1f48e000,
0x0000028d1ff0c800, 0x0000028d1ff1f800, 0x0000028d212d6000, 0x0000028d21038000,
0x0000028d2167d800, 0x0000028d214e0800, 0x0000028d21233000, 0x0000028d211a8000,
0x0000028d216aa000, 0x0000028d20ba8000, 0x0000028d21781000, 0x0000028d20cc4000,
0x0000028d20d15000, 0x0000028d20d10000, 0x0000028d20d11000, 0x0000028d20d11800,
0x0000028d20d12800, 0x0000028d20d13000, 0x0000028d20d0f000, 0x0000028d20d15800,
0x0000028d20d14000, 0x0000028d22df2800, 0x0000028d22df0000, 0x0000028d22df4800,
0x0000028d22df1000, 0x0000028d22df5000, 0x0000028d22df6800, 0x0000028d22df2000,
0x0000028d22df9000, 0x0000028d22df3800, 0x0000028d22dff000, 0x0000028d22dfa000,
0x0000028d22dfb000, 0x0000028d22dfb800, 0x0000028d22dfe000, 0x0000028d22dfc800,
0x0000028d22dfd000, 0x0000028d21e35800, 0x0000028d21e3c000, 0x0000028d21e3a800,
0x0000028d21e37800, 0x0000028d21e39000, 0x0000028d21e36800, 0x0000028d21e3b800,
0x0000028d21e3e000, 0x0000028d21e3d000, 0x0000028d21e38000, 0x0000028d21e39800,
0x0000028d21e44800, 0x0000028d21e41000, 0x0000028d21e3e800, 0x0000028d21e43800,
0x0000028d21e3f800, 0x0000028d21e40000, 0x0000028d21e42000, 0x0000028d21e42800,
0x0000028d21f4c000, 0x0000028d21f49000, 0x0000028d21f4f800, 0x0000028d21f49800,
0x0000028d21f4d000, 0x0000028d21f4b800, 0x0000028d21f4e800, 0x0000028d21f50800,
0x0000028d21f4a800, 0x0000028d21f51000
}

Java Threads: ( => current thread )
  0x0000028d7f490000 JavaThread "main" [_thread_blocked, id=7628, stack(0x000000f421600000,0x000000f421700000)]
  0x0000028d1f430800 JavaThread "Reference Handler" daemon [_thread_blocked, id=18132, stack(0x000000f421e00000,0x000000f421f00000)]
  0x0000028d1f431800 JavaThread "Finalizer" daemon [_thread_blocked, id=11460, stack(0x000000f421f00000,0x000000f422000000)]
  0x0000028d1f44c800 JavaThread "Signal Dispatcher" daemon [_thread_blocked, id=15388, stack(0x000000f422000000,0x000000f422100000)]
  0x0000028d1f44d800 JavaThread "Attach Listener" daemon [_thread_blocked, id=12320, stack(0x000000f422100000,0x000000f422200000)]
=>0x0000028d1f451800 JavaThread "C2 CompilerThread0" daemon [_thread_in_native, id=11912, stack(0x000000f422200000,0x000000f422300000)]
  0x0000028d1fdec000 JavaThread "C1 CompilerThread0" daemon [_thread_blocked, id=11836, stack(0x000000f422300000,0x000000f422400000)]
  0x0000028d1f48e000 JavaThread "Sweeper thread" daemon [_thread_blocked, id=5132, stack(0x000000f422400000,0x000000f422500000)]
  0x0000028d1ff0c800 JavaThread "Common-Cleaner" daemon [_thread_blocked, id=14236, stack(0x000000f422500000,0x000000f422600000)]
  0x0000028d1ff1f800 JavaThread "Service Thread" daemon [_thread_blocked, id=11484, stack(0x000000f422600000,0x000000f422700000)]
  0x0000028d212d6000 JavaThread "Daemon health stats" [_thread_blocked, id=8944, stack(0x000000f422a00000,0x000000f422b00000)]
  0x0000028d21038000 JavaThread "Incoming local TCP Connector on port 49824" [_thread_in_native, id=13440, stack(0x000000f422b00000,0x000000f422c00000)]
  0x0000028d2167d800 JavaThread "Daemon periodic checks" [_thread_blocked, id=3608, stack(0x000000f422c00000,0x000000f422d00000)]
  0x0000028d214e0800 JavaThread "Daemon" [_thread_blocked, id=10468, stack(0x000000f422e00000,0x000000f422f00000)]
  0x0000028d21233000 JavaThread "Handler for socket connection from /127.0.0.1:49824 to /127.0.0.1:49825" [_thread_in_native, id=13768, stack(0x000000f422f00000,0x000000f423000000)]
  0x0000028d211a8000 JavaThread "Cancel handler" [_thread_blocked, id=12636, stack(0x000000f422d00000,0x000000f422e00000)]
  0x0000028d216aa000 JavaThread "Daemon worker" [_thread_in_vm, id=9228, stack(0x000000f423000000,0x000000f423100000)]
  0x0000028d20ba8000 JavaThread "Asynchronous log dispatcher for DefaultDaemonConnection: socket connection from /127.0.0.1:49824 to /127.0.0.1:49825" [_thread_blocked, id=1064, stack(0x000000f423200000,0x000000f423300000)]
  0x0000028d21781000 JavaThread "Stdin handler" [_thread_blocked, id=776, stack(0x000000f423300000,0x000000f423400000)]
  0x0000028d20cc4000 JavaThread "Daemon client event forwarder" [_thread_blocked, id=18084, stack(0x000000f423400000,0x000000f423500000)]
  0x0000028d20d15000 JavaThread "Cache worker for journal cache (C:\Users\ARMemon\.gradle\caches\journal-1)" [_thread_blocked, id=6028, stack(0x000000f423500000,0x000000f423600000)]
  0x0000028d20d10000 JavaThread "File lock request listener" [_thread_in_native, id=16516, stack(0x000000f423600000,0x000000f423700000)]
  0x0000028d20d11000 JavaThread "Cache worker for file hash cache (C:\Users\ARMemon\.gradle\caches\7.5.1\fileHashes)" [_thread_blocked, id=11832, stack(0x000000f423700000,0x000000f423800000)]
  0x0000028d20d11800 JavaThread "File watcher server" daemon [_thread_in_native, id=3164, stack(0x000000f423900000,0x000000f423a00000)]
  0x0000028d20d12800 JavaThread "File watcher consumer" daemon [_thread_blocked, id=17132, stack(0x000000f423a00000,0x000000f423b00000)]
  0x0000028d20d13000 JavaThread "Cache worker for checksums cache (C:\Users\ARMemon\Desktop\Codes\ReactNative\IEEE_PES\android\.gradle\7.5.1\checksums)" [_thread_blocked, id=18232, stack(0x000000f423800000,0x000000f423900000)]
  0x0000028d20d0f000 JavaThread "Cache worker for cache directory md-rule (C:\Users\ARMemon\.gradle\caches\7.5.1\md-rule)" [_thread_blocked, id=16280, stack(0x000000f423b00000,0x000000f423c00000)]
  0x0000028d20d15800 JavaThread "Cache worker for file content cache (C:\Users\ARMemon\.gradle\caches\7.5.1\fileContent)" [_thread_blocked, id=8648, stack(0x000000f423c00000,0x000000f423d00000)]
  0x0000028d20d14000 JavaThread "Cache worker for file hash cache (C:\Users\ARMemon\Desktop\Codes\ReactNative\IEEE_PES\android\.gradle\7.5.1\fileHashes)" [_thread_blocked, id=580, stack(0x000000f423d00000,0x000000f423e00000)]
  0x0000028d22df2800 JavaThread "Cache worker for cache directory md-supplier (C:\Users\ARMemon\.gradle\caches\7.5.1\md-supplier)" [_thread_blocked, id=15088, stack(0x000000f423e00000,0x000000f423f00000)]
  0x0000028d22df0000 JavaThread "Cache worker for execution history cache (C:\Users\ARMemon\.gradle\caches\7.5.1\executionHistory)" [_thread_blocked, id=17256, stack(0x000000f424000000,0x000000f424100000)]
  0x0000028d22df4800 JavaThread "jar transforms" [_thread_blocked, id=16484, stack(0x000000f424100000,0x000000f424200000)]
  0x0000028d22df1000 JavaThread "jar transforms Thread 2" [_thread_blocked, id=7692, stack(0x000000f424200000,0x000000f424300000)]
  0x0000028d22df5000 JavaThread "jar transforms Thread 3" [_thread_blocked, id=6628, stack(0x000000f424300000,0x000000f424400000)]
  0x0000028d22df6800 JavaThread "jar transforms Thread 4" [_thread_blocked, id=2472, stack(0x000000f424400000,0x000000f424500000)]
  0x0000028d22df2000 JavaThread "Cache worker for kotlin-dsl (C:\Users\ARMemon\.gradle\caches\7.5.1\kotlin-dsl)" [_thread_blocked, id=13396, stack(0x000000f421700000,0x000000f421800000)]
  0x0000028d22df9000 JavaThread "Cache worker for dependencies-accessors (C:\Users\ARMemon\Desktop\Codes\ReactNative\IEEE_PES\android\.gradle\7.5.1\dependencies-accessors)" [_thread_blocked, id=15236, stack(0x000000f424600000,0x000000f424700000)]
  0x0000028d22df3800 JavaThread "Cache worker for Build Output Cleanup Cache (C:\Users\ARMemon\Desktop\Codes\ReactNative\IEEE_PES\node_modules\react-native-gradle-plugin\.gradle\buildOutputCleanup)" [_thread_blocked, id=9628, stack(0x000000f424700000,0x000000f424800000)]
  0x0000028d22dff000 JavaThread "Unconstrained build operations" [_thread_blocked, id=9416, stack(0x000000f424a00000,0x000000f424b00000)]
  0x0000028d22dfa000 JavaThread "Unconstrained build operations Thread 2" [_thread_blocked, id=12652, stack(0x000000f424b00000,0x000000f424c00000)]
  0x0000028d22dfb000 JavaThread "Unconstrained build operations Thread 3" [_thread_blocked, id=18428, stack(0x000000f424c00000,0x000000f424d00000)]
  0x0000028d22dfb800 JavaThread "Unconstrained build operations Thread 4" [_thread_blocked, id=17516, stack(0x000000f424d00000,0x000000f424e00000)]
  0x0000028d22dfe000 JavaThread "Unconstrained build operations Thread 5" [_thread_blocked, id=3448, stack(0x000000f424e00000,0x000000f424f00000)]
  0x0000028d22dfc800 JavaThread "Unconstrained build operations Thread 6" [_thread_blocked, id=12236, stack(0x000000f424f00000,0x000000f425000000)]
  0x0000028d22dfd000 JavaThread "Unconstrained build operations Thread 7" [_thread_blocked, id=15084, stack(0x000000f425000000,0x000000f425100000)]
  0x0000028d21e35800 JavaThread "Unconstrained build operations Thread 8" [_thread_blocked, id=18356, stack(0x000000f425100000,0x000000f425200000)]
  0x0000028d21e3c000 JavaThread "Unconstrained build operations Thread 9" [_thread_blocked, id=8880, stack(0x000000f425200000,0x000000f425300000)]
  0x0000028d21e3a800 JavaThread "Unconstrained build operations Thread 10" [_thread_blocked, id=6404, stack(0x000000f425300000,0x000000f425400000)]
  0x0000028d21e37800 JavaThread "Unconstrained build operations Thread 11" [_thread_blocked, id=7112, stack(0x000000f425400000,0x000000f425500000)]
  0x0000028d21e39000 JavaThread "Unconstrained build operations Thread 12" [_thread_blocked, id=5732, stack(0x000000f425500000,0x000000f425600000)]
  0x0000028d21e36800 JavaThread "Unconstrained build operations Thread 13" [_thread_blocked, id=7044, stack(0x000000f425600000,0x000000f425700000)]
  0x0000028d21e3b800 JavaThread "Unconstrained build operations Thread 14" [_thread_blocked, id=3176, stack(0x000000f425700000,0x000000f425800000)]
  0x0000028d21e3e000 JavaThread "Unconstrained build operations Thread 15" [_thread_blocked, id=13348, stack(0x000000f425800000,0x000000f425900000)]
  0x0000028d21e3d000 JavaThread "Unconstrained build operations Thread 16" [_thread_blocked, id=7836, stack(0x000000f425900000,0x000000f425a00000)]
  0x0000028d21e38000 JavaThread "Unconstrained build operations Thread 17" [_thread_blocked, id=16652, stack(0x000000f425a00000,0x000000f425b00000)]
  0x0000028d21e39800 JavaThread "Unconstrained build operations Thread 18" [_thread_blocked, id=228, stack(0x000000f425b00000,0x000000f425c00000)]
  0x0000028d21e44800 JavaThread "Unconstrained build operations Thread 19" [_thread_blocked, id=13692, stack(0x000000f425c00000,0x000000f425d00000)]
  0x0000028d21e41000 JavaThread "Unconstrained build operations Thread 20" [_thread_blocked, id=5100, stack(0x000000f425d00000,0x000000f425e00000)]
  0x0000028d21e3e800 JavaThread "Unconstrained build operations Thread 21" [_thread_blocked, id=11596, stack(0x000000f425e00000,0x000000f425f00000)]
  0x0000028d21e43800 JavaThread "Unconstrained build operations Thread 22" [_thread_blocked, id=1160, stack(0x000000f425f00000,0x000000f426000000)]
  0x0000028d21e3f800 JavaThread "Unconstrained build operations Thread 23" [_thread_blocked, id=7296, stack(0x000000f426000000,0x000000f426100000)]
  0x0000028d21e40000 JavaThread "Unconstrained build operations Thread 24" [_thread_blocked, id=3224, stack(0x000000f426100000,0x000000f426200000)]
  0x0000028d21e42000 JavaThread "Unconstrained build operations Thread 25" [_thread_blocked, id=12452, stack(0x000000f426200000,0x000000f426300000)]
  0x0000028d21e42800 JavaThread "Unconstrained build operations Thread 26" [_thread_blocked, id=9256, stack(0x000000f426300000,0x000000f426400000)]
  0x0000028d21f4c000 JavaThread "Unconstrained build operations Thread 27" [_thread_blocked, id=16076, stack(0x000000f426400000,0x000000f426500000)]
  0x0000028d21f49000 JavaThread "Unconstrained build operations Thread 28" [_thread_blocked, id=10172, stack(0x000000f426500000,0x000000f426600000)]
  0x0000028d21f4f800 JavaThread "Unconstrained build operations Thread 29" [_thread_blocked, id=10904, stack(0x000000f426600000,0x000000f426700000)]
  0x0000028d21f49800 JavaThread "Unconstrained build operations Thread 30" [_thread_blocked, id=7992, stack(0x000000f426700000,0x000000f426800000)]
  0x0000028d21f4d000 JavaThread "Unconstrained build operations Thread 31" [_thread_blocked, id=12152, stack(0x000000f426800000,0x000000f426900000)]
  0x0000028d21f4b800 JavaThread "Unconstrained build operations Thread 32" [_thread_blocked, id=2080, stack(0x000000f426900000,0x000000f426a00000)]
  0x0000028d21f4e800 JavaThread "Unconstrained build operations Thread 33" [_thread_blocked, id=13656, stack(0x000000f426a00000,0x000000f426b00000)]
  0x0000028d21f50800 JavaThread "build event listener" [_thread_blocked, id=14464, stack(0x000000f426c00000,0x000000f426d00000)]
  0x0000028d21f4a800 JavaThread "Memory manager" [_thread_blocked, id=9392, stack(0x000000f426d00000,0x000000f426e00000)]
  0x0000028d21f51000 JavaThread "C2 CompilerThread1" daemon [_thread_in_native, id=13760, stack(0x000000f426b00000,0x000000f426c00000)]

Other Threads:
  0x0000028d1f42b000 VMThread "VM Thread" [stack: 0x000000f421d00000,0x000000f421e00000] [id=8068]
  0x0000028d1ff48800 WatcherThread [stack: 0x000000f422700000,0x000000f422800000] [id=1752]
  0x0000028d7f4a2800 GCTaskThread "GC Thread#0" [stack: 0x000000f421800000,0x000000f421900000] [id=15948]
  0x0000028d1ffe5800 GCTaskThread "GC Thread#1" [stack: 0x000000f422800000,0x000000f422900000] [id=18008]
  0x0000028d20628000 GCTaskThread "GC Thread#2" [stack: 0x000000f422900000,0x000000f422a00000] [id=6264]
  0x0000028d223e1000 GCTaskThread "GC Thread#3" [stack: 0x000000f423100000,0x000000f423200000] [id=15348]
  0x0000028d7f4d2800 ConcurrentGCThread "G1 Main Marker" [stack: 0x000000f421900000,0x000000f421a00000] [id=10884]
  0x0000028d7f4d4000 ConcurrentGCThread "G1 Conc#0" [stack: 0x000000f421a00000,0x000000f421b00000] [id=1640]
  0x0000028d1f2a0800 ConcurrentGCThread "G1 Refine#0" [stack: 0x000000f421b00000,0x000000f421c00000] [id=17732]
  0x0000028d1f2a1800 ConcurrentGCThread "G1 Young RemSet Sampling" [stack: 0x000000f421c00000,0x000000f421d00000] [id=2448]

Threads with active compile tasks:
C2 CompilerThread06212       4       jdk.internal.loader.URLClassPath::getResource (74 bytes)
C2 CompilerThread16210       4       java.net.URLClassLoader$1::run (5 bytes)

VM state:not at safepoint (normal execution)

VM Mutex/Monitor currently owned by a thread: None

Heap address: 0x0000000080000000, size: 2048 MB, Compressed Oops mode: 32-bit
Narrow klass base: 0x0000000000000000, Narrow klass shift: 3
Compressed class space size: 528482304 Address: 0x0000000100000000

Heap:
 garbage-first heap   total 131072K, used 50238K [0x0000000080000000, 0x0000000100000000)
  region size 1024K, 7 young (7168K), 5 survivors (5120K)
 Metaspace       used 70230K, capacity 72047K, committed 72140K, reserved 579584K
  class space    used 9220K, capacity 9964K, committed 9984K, reserved 516096K
Heap Regions: E=young(eden), S=young(survivor), O=old, HS=humongous(starts), HC=humongous(continues), CS=collection set, F=free, A=archive, TAMS=top-at-mark-start (previous, next)
|   0|0x0000000080000000, 0x0000000080100000, 0x0000000080100000|100%|HS|  |TAMS 0x0000000080100000, 0x0000000080000000| Complete 
|   1|0x0000000080100000, 0x0000000080200000, 0x0000000080200000|100%|HC|  |TAMS 0x0000000080200000, 0x0000000080100000| Complete 
|   2|0x0000000080200000, 0x0000000080300000, 0x0000000080300000|100%|HC|  |TAMS 0x0000000080300000, 0x0000000080200000| Complete 
|   3|0x0000000080300000, 0x0000000080400000, 0x0000000080400000|100%| O|  |TAMS 0x0000000080400000, 0x0000000080300000| Untracked 
|   4|0x0000000080400000, 0x0000000080500000, 0x0000000080500000|100%| O|  |TAMS 0x0000000080500000, 0x0000000080400000| Untracked 
|   5|0x0000000080500000, 0x0000000080600000, 0x0000000080600000|100%| O|  |TAMS 0x0000000080600000, 0x0000000080500000| Untracked 
|   6|0x0000000080600000, 0x0000000080700000, 0x0000000080700000|100%| O|  |TAMS 0x0000000080700000, 0x0000000080600000| Untracked 
|   7|0x0000000080700000, 0x0000000080800000, 0x0000000080800000|100%| O|  |TAMS 0x0000000080800000, 0x0000000080700000| Untracked 
|   8|0x0000000080800000, 0x0000000080900000, 0x0000000080900000|100%| O|  |TAMS 0x0000000080900000, 0x0000000080800000| Untracked 
|   9|0x0000000080900000, 0x0000000080a00000, 0x0000000080a00000|100%| O|  |TAMS 0x0000000080a00000, 0x0000000080900000| Untracked 
|  10|0x0000000080a00000, 0x0000000080b00000, 0x0000000080b00000|100%| O|  |TAMS 0x0000000080b00000, 0x0000000080a00000| Untracked 
|  11|0x0000000080b00000, 0x0000000080c00000, 0x0000000080c00000|100%| O|  |TAMS 0x0000000080c00000, 0x0000000080b00000| Untracked 
|  12|0x0000000080c00000, 0x0000000080d00000, 0x0000000080d00000|100%| O|  |TAMS 0x0000000080d00000, 0x0000000080c00000| Untracked 
|  13|0x0000000080d00000, 0x0000000080e00000, 0x0000000080e00000|100%| O|  |TAMS 0x0000000080e00000, 0x0000000080d00000| Untracked 
|  14|0x0000000080e00000, 0x0000000080f00000, 0x0000000080f00000|100%| O|  |TAMS 0x0000000080f00000, 0x0000000080e00000| Untracked 
|  15|0x0000000080f00000, 0x0000000081000000, 0x0000000081000000|100%| O|  |TAMS 0x0000000081000000, 0x0000000080f00000| Untracked 
|  16|0x0000000081000000, 0x0000000081100000, 0x0000000081100000|100%| O|  |TAMS 0x0000000081100000, 0x0000000081000000| Untracked 
|  17|0x0000000081100000, 0x0000000081200000, 0x0000000081200000|100%| O|  |TAMS 0x0000000081200000, 0x0000000081100000| Untracked 
|  18|0x0000000081200000, 0x0000000081300000, 0x0000000081300000|100%| O|  |TAMS 0x0000000081300000, 0x0000000081200000| Untracked 
|  19|0x0000000081300000, 0x0000000081400000, 0x0000000081400000|100%| O|  |TAMS 0x0000000081400000, 0x0000000081300000| Untracked 
|  20|0x0000000081400000, 0x0000000081500000, 0x0000000081500000|100%| O|  |TAMS 0x0000000081500000, 0x0000000081400000| Untracked 
|  21|0x0000000081500000, 0x0000000081600000, 0x0000000081600000|100%| O|  |TAMS 0x0000000081600000, 0x0000000081500000| Untracked 
|  22|0x0000000081600000, 0x0000000081700000, 0x0000000081700000|100%| O|  |TAMS 0x0000000081700000, 0x0000000081600000| Untracked 
|  23|0x0000000081700000, 0x0000000081800000, 0x0000000081800000|100%| O|  |TAMS 0x0000000081800000, 0x0000000081700000| Untracked 
|  24|0x0000000081800000, 0x0000000081900000, 0x0000000081900000|100%| O|  |TAMS 0x0000000081900000, 0x0000000081800000| Untracked 
|  25|0x0000000081900000, 0x0000000081a00000, 0x0000000081a00000|100%| O|  |TAMS 0x0000000081a00000, 0x0000000081900000| Untracked 
|  26|0x0000000081a00000, 0x0000000081b00000, 0x0000000081b00000|100%| O|  |TAMS 0x0000000081b00000, 0x0000000081a00000| Untracked 
|  27|0x0000000081b00000, 0x0000000081c00000, 0x0000000081c00000|100%| O|  |TAMS 0x0000000081c00000, 0x0000000081b00000| Untracked 
|  28|0x0000000081c00000, 0x0000000081d00000, 0x0000000081d00000|100%| O|  |TAMS 0x0000000081d00000, 0x0000000081c00000| Untracked 
|  29|0x0000000081d00000, 0x0000000081e00000, 0x0000000081e00000|100%| O|  |TAMS 0x0000000081e00000, 0x0000000081d00000| Untracked 
|  30|0x0000000081e00000, 0x0000000081f00000, 0x0000000081f00000|100%|HS|  |TAMS 0x0000000081f00000, 0x0000000081e00000| Complete 
|  31|0x0000000081f00000, 0x0000000082000000, 0x0000000082000000|100%|HS|  |TAMS 0x0000000082000000, 0x0000000081f00000| Complete 
|  32|0x0000000082000000, 0x0000000082100000, 0x0000000082100000|100%|HC|  |TAMS 0x0000000082100000, 0x0000000082000000| Complete 
|  33|0x0000000082100000, 0x0000000082200000, 0x0000000082200000|100%|HC|  |TAMS 0x0000000082200000, 0x0000000082100000| Complete 
|  34|0x0000000082200000, 0x0000000082300000, 0x0000000082300000|100%| O|  |TAMS 0x0000000082300000, 0x0000000082200000| Untracked 
|  35|0x0000000082300000, 0x0000000082400000, 0x0000000082400000|100%| O|  |TAMS 0x0000000082400000, 0x0000000082300000| Untracked 
|  36|0x0000000082400000, 0x0000000082500000, 0x0000000082500000|100%| O|  |TAMS 0x0000000082500000, 0x0000000082400000| Untracked 
|  37|0x0000000082500000, 0x0000000082600000, 0x0000000082600000|100%| O|  |TAMS 0x0000000082600000, 0x0000000082500000| Untracked 
|  38|0x0000000082600000, 0x0000000082700000, 0x0000000082700000|100%| O|  |TAMS 0x0000000082700000, 0x0000000082600000| Untracked 
|  39|0x0000000082700000, 0x0000000082800000, 0x0000000082800000|100%| O|  |TAMS 0x0000000082800000, 0x0000000082700000| Untracked 
|  40|0x0000000082800000, 0x0000000082900000, 0x0000000082900000|100%| O|  |TAMS 0x0000000082900000, 0x0000000082800000| Untracked 
|  41|0x0000000082900000, 0x0000000082a00000, 0x0000000082a00000|100%| O|  |TAMS 0x0000000082a00000, 0x0000000082900000| Untracked 
|  42|0x0000000082a00000, 0x0000000082b00000, 0x0000000082b00000|100%| O|  |TAMS 0x0000000082adc800, 0x0000000082a00000| Untracked 
|  43|0x0000000082b00000, 0x0000000082b4d200, 0x0000000082c00000| 30%| O|  |TAMS 0x0000000082b00000, 0x0000000082b00000| Untracked 
|  44|0x0000000082c00000, 0x0000000082c00000, 0x0000000082d00000|  0%| F|  |TAMS 0x0000000082c00000, 0x0000000082c00000| Untracked 
|  45|0x0000000082d00000, 0x0000000082d00000, 0x0000000082e00000|  0%| F|  |TAMS 0x0000000082d00000, 0x0000000082d00000| Untracked 
|  46|0x0000000082e00000, 0x0000000082e00000, 0x0000000082f00000|  0%| F|  |TAMS 0x0000000082e00000, 0x0000000082e00000| Untracked 
|  47|0x0000000082f00000, 0x0000000082f00000, 0x0000000083000000|  0%| F|  |TAMS 0x0000000082f00000, 0x0000000082f00000| Untracked 
|  48|0x0000000083000000, 0x0000000083000000, 0x0000000083100000|  0%| F|  |TAMS 0x0000000083000000, 0x0000000083000000| Untracked 
|  49|0x0000000083100000, 0x0000000083100000, 0x0000000083200000|  0%| F|  |TAMS 0x0000000083100000, 0x0000000083100000| Untracked 
|  50|0x0000000083200000, 0x0000000083200000, 0x0000000083300000|  0%| F|  |TAMS 0x0000000083200000, 0x0000000083200000| Untracked 
|  51|0x0000000083300000, 0x0000000083300000, 0x0000000083400000|  0%| F|  |TAMS 0x0000000083300000, 0x0000000083300000| Untracked 
|  52|0x0000000083400000, 0x0000000083400000, 0x0000000083500000|  0%| F|  |TAMS 0x0000000083400000, 0x0000000083400000| Untracked 
|  53|0x0000000083500000, 0x0000000083500000, 0x0000000083600000|  0%| F|  |TAMS 0x0000000083500000, 0x0000000083500000| Untracked 
|  54|0x0000000083600000, 0x0000000083600000, 0x0000000083700000|  0%| F|  |TAMS 0x0000000083600000, 0x0000000083600000| Untracked 
|  55|0x0000000083700000, 0x0000000083700000, 0x0000000083800000|  0%| F|  |TAMS 0x0000000083700000, 0x0000000083700000| Untracked 
|  56|0x0000000083800000, 0x0000000083800000, 0x0000000083900000|  0%| F|  |TAMS 0x0000000083800000, 0x0000000083800000| Untracked 
|  57|0x0000000083900000, 0x0000000083900000, 0x0000000083a00000|  0%| F|  |TAMS 0x0000000083900000, 0x0000000083900000| Untracked 
|  58|0x0000000083a00000, 0x0000000083a00000, 0x0000000083b00000|  0%| F|  |TAMS 0x0000000083a00000, 0x0000000083a00000| Untracked 
|  59|0x0000000083b00000, 0x0000000083b00000, 0x0000000083c00000|  0%| F|  |TAMS 0x0000000083b00000, 0x0000000083b00000| Untracked 
|  60|0x0000000083c00000, 0x0000000083c00000, 0x0000000083d00000|  0%| F|  |TAMS 0x0000000083c00000, 0x0000000083c00000| Untracked 
|  61|0x0000000083d00000, 0x0000000083d00000, 0x0000000083e00000|  0%| F|  |TAMS 0x0000000083d00000, 0x0000000083d00000| Untracked 
|  62|0x0000000083e00000, 0x0000000083e00000, 0x0000000083f00000|  0%| F|  |TAMS 0x0000000083e00000, 0x0000000083e00000| Untracked 
|  63|0x0000000083f00000, 0x0000000083f00000, 0x0000000084000000|  0%| F|  |TAMS 0x0000000083f00000, 0x0000000083f00000| Untracked 
|  64|0x0000000084000000, 0x0000000084000000, 0x0000000084100000|  0%| F|  |TAMS 0x0000000084000000, 0x0000000084000000| Untracked 
|  65|0x0000000084100000, 0x0000000084100000, 0x0000000084200000|  0%| F|  |TAMS 0x0000000084100000, 0x0000000084100000| Untracked 
|  66|0x0000000084200000, 0x0000000084200000, 0x0000000084300000|  0%| F|  |TAMS 0x0000000084200000, 0x0000000084200000| Untracked 
|  67|0x0000000084300000, 0x0000000084300000, 0x0000000084400000|  0%| F|  |TAMS 0x0000000084300000, 0x0000000084300000| Untracked 
|  68|0x0000000084400000, 0x0000000084400000, 0x0000000084500000|  0%| F|  |TAMS 0x0000000084400000, 0x0000000084400000| Untracked 
|  69|0x0000000084500000, 0x0000000084500000, 0x0000000084600000|  0%| F|  |TAMS 0x0000000084500000, 0x0000000084500000| Untracked 
|  70|0x0000000084600000, 0x0000000084600000, 0x0000000084700000|  0%| F|  |TAMS 0x0000000084600000, 0x0000000084600000| Untracked 
|  71|0x0000000084700000, 0x0000000084700000, 0x0000000084800000|  0%| F|  |TAMS 0x0000000084700000, 0x0000000084700000| Untracked 
|  72|0x0000000084800000, 0x0000000084800000, 0x0000000084900000|  0%| F|  |TAMS 0x0000000084800000, 0x0000000084800000| Untracked 
|  73|0x0000000084900000, 0x0000000084900000, 0x0000000084a00000|  0%| F|  |TAMS 0x0000000084900000, 0x0000000084900000| Untracked 
|  74|0x0000000084a00000, 0x0000000084a00000, 0x0000000084b00000|  0%| F|  |TAMS 0x0000000084a00000, 0x0000000084a00000| Untracked 
|  75|0x0000000084b00000, 0x0000000084b00000, 0x0000000084c00000|  0%| F|  |TAMS 0x0000000084b00000, 0x0000000084b00000| Untracked 
|  76|0x0000000084c00000, 0x0000000084c00000, 0x0000000084d00000|  0%| F|  |TAMS 0x0000000084c00000, 0x0000000084c00000| Untracked 
|  77|0x0000000084d00000, 0x0000000084d00000, 0x0000000084e00000|  0%| F|  |TAMS 0x0000000084d00000, 0x0000000084d00000| Untracked 
|  78|0x0000000084e00000, 0x0000000084ec2920, 0x0000000084f00000| 76%| S|CS|TAMS 0x0000000084e00000, 0x0000000084e00000| Complete 
|  79|0x0000000084f00000, 0x0000000085000000, 0x0000000085000000|100%| S|CS|TAMS 0x0000000084f00000, 0x0000000084f00000| Complete 
|  80|0x0000000085000000, 0x0000000085100000, 0x0000000085100000|100%| S|CS|TAMS 0x0000000085000000, 0x0000000085000000| Complete 
|  81|0x0000000085100000, 0x0000000085200000, 0x0000000085200000|100%| S|CS|TAMS 0x0000000085100000, 0x0000000085100000| Complete 
|  82|0x0000000085200000, 0x0000000085200000, 0x0000000085300000|  0%| F|  |TAMS 0x0000000085200000, 0x0000000085200000| Untracked 
|  83|0x0000000085300000, 0x0000000085300000, 0x0000000085400000|  0%| F|  |TAMS 0x0000000085300000, 0x0000000085300000| Untracked 
|  84|0x0000000085400000, 0x0000000085400000, 0x0000000085500000|  0%| F|  |TAMS 0x0000000085400000, 0x0000000085400000| Untracked 
|  85|0x0000000085500000, 0x0000000085500000, 0x0000000085600000|  0%| F|  |TAMS 0x0000000085500000, 0x0000000085500000| Untracked 
|  86|0x0000000085600000, 0x0000000085700000, 0x0000000085700000|100%| S|CS|TAMS 0x0000000085600000, 0x0000000085600000| Complete 
|  87|0x0000000085700000, 0x0000000085700000, 0x0000000085800000|  0%| F|  |TAMS 0x0000000085700000, 0x0000000085700000| Untracked 
|  88|0x0000000085800000, 0x0000000085800000, 0x0000000085900000|  0%| F|  |TAMS 0x0000000085800000, 0x0000000085800000| Untracked 
|  89|0x0000000085900000, 0x0000000085900000, 0x0000000085a00000|  0%| F|  |TAMS 0x0000000085900000, 0x0000000085900000| Untracked 
|  90|0x0000000085a00000, 0x0000000085a00000, 0x0000000085b00000|  0%| F|  |TAMS 0x0000000085a00000, 0x0000000085a00000| Untracked 
|  91|0x0000000085b00000, 0x0000000085b00000, 0x0000000085c00000|  0%| F|  |TAMS 0x0000000085b00000, 0x0000000085b00000| Untracked 
|  92|0x0000000085c00000, 0x0000000085c00000, 0x0000000085d00000|  0%| F|  |TAMS 0x0000000085c00000, 0x0000000085c00000| Untracked 
|  93|0x0000000085d00000, 0x0000000085d00000, 0x0000000085e00000|  0%| F|  |TAMS 0x0000000085d00000, 0x0000000085d00000| Untracked 
|  94|0x0000000085e00000, 0x0000000085e00000, 0x0000000085f00000|  0%| F|  |TAMS 0x0000000085e00000, 0x0000000085e00000| Untracked 
|  95|0x0000000085f00000, 0x0000000085f00000, 0x0000000086000000|  0%| F|  |TAMS 0x0000000085f00000, 0x0000000085f00000| Untracked 
|  96|0x0000000086000000, 0x0000000086000000, 0x0000000086100000|  0%| F|  |TAMS 0x0000000086000000, 0x0000000086000000| Untracked 
|  97|0x0000000086100000, 0x0000000086100000, 0x0000000086200000|  0%| F|  |TAMS 0x0000000086100000, 0x0000000086100000| Untracked 
|  98|0x0000000086200000, 0x0000000086200000, 0x0000000086300000|  0%| F|  |TAMS 0x0000000086200000, 0x0000000086200000| Untracked 
|  99|0x0000000086300000, 0x0000000086300000, 0x0000000086400000|  0%| F|  |TAMS 0x0000000086300000, 0x0000000086300000| Untracked 
| 100|0x0000000086400000, 0x0000000086400000, 0x0000000086500000|  0%| F|  |TAMS 0x0000000086400000, 0x0000000086400000| Untracked 
| 101|0x0000000086500000, 0x0000000086500000, 0x0000000086600000|  0%| F|  |TAMS 0x0000000086500000, 0x0000000086500000| Untracked 
| 102|0x0000000086600000, 0x0000000086600000, 0x0000000086700000|  0%| F|  |TAMS 0x0000000086600000, 0x0000000086600000| Untracked 
| 103|0x0000000086700000, 0x0000000086700000, 0x0000000086800000|  0%| F|  |TAMS 0x0000000086700000, 0x0000000086700000| Untracked 
| 104|0x0000000086800000, 0x0000000086800000, 0x0000000086900000|  0%| F|  |TAMS 0x0000000086800000, 0x0000000086800000| Untracked 
| 105|0x0000000086900000, 0x0000000086900000, 0x0000000086a00000|  0%| F|  |TAMS 0x0000000086900000, 0x0000000086900000| Untracked 
| 106|0x0000000086a00000, 0x0000000086a00000, 0x0000000086b00000|  0%| F|  |TAMS 0x0000000086a00000, 0x0000000086a00000| Untracked 
| 107|0x0000000086b00000, 0x0000000086b00000, 0x0000000086c00000|  0%| F|  |TAMS 0x0000000086b00000, 0x0000000086b00000| Untracked 
| 108|0x0000000086c00000, 0x0000000086c00000, 0x0000000086d00000|  0%| F|  |TAMS 0x0000000086c00000, 0x0000000086c00000| Untracked 
| 109|0x0000000086d00000, 0x0000000086d00000, 0x0000000086e00000|  0%| F|  |TAMS 0x0000000086d00000, 0x0000000086d00000| Untracked 
| 110|0x0000000086e00000, 0x0000000086e00000, 0x0000000086f00000|  0%| F|  |TAMS 0x0000000086e00000, 0x0000000086e00000| Untracked 
| 111|0x0000000086f00000, 0x0000000086f00000, 0x0000000087000000|  0%| F|  |TAMS 0x0000000086f00000, 0x0000000086f00000| Untracked 
| 112|0x0000000087000000, 0x0000000087000000, 0x0000000087100000|  0%| F|  |TAMS 0x0000000087000000, 0x0000000087000000| Untracked 
| 113|0x0000000087100000, 0x0000000087100000, 0x0000000087200000|  0%| F|  |TAMS 0x0000000087100000, 0x0000000087100000| Untracked 
| 114|0x0000000087200000, 0x0000000087200000, 0x0000000087300000|  0%| F|  |TAMS 0x0000000087200000, 0x0000000087200000| Untracked 
| 115|0x0000000087300000, 0x0000000087300000, 0x0000000087400000|  0%| F|  |TAMS 0x0000000087300000, 0x0000000087300000| Untracked 
| 116|0x0000000087400000, 0x0000000087400000, 0x0000000087500000|  0%| F|  |TAMS 0x0000000087400000, 0x0000000087400000| Untracked 
| 117|0x0000000087500000, 0x0000000087500000, 0x0000000087600000|  0%| F|  |TAMS 0x0000000087500000, 0x0000000087500000| Untracked 
| 118|0x0000000087600000, 0x0000000087600000, 0x0000000087700000|  0%| F|  |TAMS 0x0000000087600000, 0x0000000087600000| Untracked 
| 119|0x0000000087700000, 0x0000000087700000, 0x0000000087800000|  0%| F|  |TAMS 0x0000000087700000, 0x0000000087700000| Untracked 
| 120|0x0000000087800000, 0x0000000087800000, 0x0000000087900000|  0%| F|  |TAMS 0x0000000087800000, 0x0000000087800000| Untracked 
| 121|0x0000000087900000, 0x0000000087900000, 0x0000000087a00000|  0%| F|  |TAMS 0x0000000087900000, 0x0000000087900000| Untracked 
| 122|0x0000000087a00000, 0x0000000087a00000, 0x0000000087b00000|  0%| F|  |TAMS 0x0000000087a00000, 0x0000000087a00000| Untracked 
| 123|0x0000000087b00000, 0x0000000087b00000, 0x0000000087c00000|  0%| F|  |TAMS 0x0000000087b00000, 0x0000000087b00000| Untracked 
| 124|0x0000000087c00000, 0x0000000087c00000, 0x0000000087d00000|  0%| F|  |TAMS 0x0000000087c00000, 0x0000000087c00000| Untracked 
| 125|0x0000000087d00000, 0x0000000087e00000, 0x0000000087e00000|100%| E|  |TAMS 0x0000000087d00000, 0x0000000087d00000| Complete 
| 126|0x0000000087e00000, 0x0000000087f00000, 0x0000000087f00000|100%| E|CS|TAMS 0x0000000087e00000, 0x0000000087e00000| Complete 
| 127|0x0000000087f00000, 0x0000000088000000, 0x0000000088000000|100%| E|CS|TAMS 0x0000000087f00000, 0x0000000087f00000| Complete 

Card table byte_map: [0x0000028d18650000,0x0000028d18a50000] _byte_map_base: 0x0000028d18250000

Marking Bits (Prev, Next): (CMBitMap*) 0x0000028d7f4c9bb8, (CMBitMap*) 0x0000028d7f4c9bf0
 Prev Bits: [0x0000028d18e50000, 0x0000028d1ae50000)
 Next Bits: [0x0000028d1ae50000, 0x0000028d1ce50000)

Polling page: 0x0000028d7ef90000

Metaspace:

Usage:
  Non-class:     60.63 MB capacity,    59.58 MB ( 98%) used,   874.58 KB (  1%) free+waste,   196.94 KB ( <1%) overhead. 
      Class:      9.73 MB capacity,     9.00 MB ( 93%) used,   648.75 KB (  7%) free+waste,    95.13 KB ( <1%) overhead. 
       Both:     70.36 MB capacity,    68.59 MB ( 97%) used,     1.49 MB (  2%) free+waste,   292.06 KB ( <1%) overhead. 

Virtual space:
  Non-class space:       62.00 MB reserved,      60.70 MB ( 98%) committed 
      Class space:      504.00 MB reserved,       9.75 MB (  2%) committed 
             Both:      566.00 MB reserved,      70.45 MB ( 12%) committed 

Chunk freelists:
   Non-Class:  1.13 KB
       Class:  0 bytes
        Both:  1.13 KB

CodeHeap 'non-profiled nmethods': size=120064Kb used=3715Kb max_used=3715Kb free=116348Kb
 bounds [0x0000028d11110000, 0x0000028d114c0000, 0x0000028d18650000]
CodeHeap 'profiled nmethods': size=120000Kb used=13383Kb max_used=13383Kb free=106616Kb
 bounds [0x0000028d09be0000, 0x0000028d0a900000, 0x0000028d11110000]
CodeHeap 'non-nmethods': size=5696Kb used=2284Kb max_used=2318Kb free=3411Kb
 bounds [0x0000028d09650000, 0x0000028d098c0000, 0x0000028d09be0000]
 total_blobs=8668 nmethods=6021 adapters=796
 compilation: enabled
              stopped_count=0, restarted_count=0
 full_count=0

Compilation events (10 events):
Event: 85.464 Thread 0x0000028d1fdec000 6307       3       org.gradle.api.internal.provider.Providers::internal (8 bytes)
Event: 85.464 Thread 0x0000028d1fdec000 nmethod 6307 0x0000028d0a8eb890 code [0x0000028d0a8eba60, 0x0000028d0a8ebcf8]
Event: 85.533 Thread 0x0000028d1fdec000 6309       3       org.gradle.internal.service.DefaultServiceRegistry$SingletonService::<init> (26 bytes)
Event: 85.534 Thread 0x0000028d1fdec000 nmethod 6309 0x0000028d0a8ebe10 code [0x0000028d0a8ec040, 0x0000028d0a8ec890]
Event: 85.535 Thread 0x0000028d1fdec000 6310       3       org.gradle.internal.service.DefaultServiceRegistry$ManagedObjectServiceProvider::<init> (21 bytes)
Event: 85.535 Thread 0x0000028d1fdec000 nmethod 6310 0x0000028d0a8ecb10 code [0x0000028d0a8ecd00, 0x0000028d0a8ed338]
Event: 85.558 Thread 0x0000028d1fdec000 6311       3       java.util.ArrayList::<init> (67 bytes)
Event: 85.559 Thread 0x0000028d1fdec000 nmethod 6311 0x0000028d0a8ed510 code [0x0000028d0a8ed720, 0x0000028d0a8edcc0]
Event: 85.575 Thread 0x0000028d1fdec000 6312       3       org.codehaus.groovy.util.FastArray::set (8 bytes)
Event: 85.575 Thread 0x0000028d1fdec000 nmethod 6312 0x0000028d0a8ede90 code [0x0000028d0a8ee060, 0x0000028d0a8ee358]

GC Heap History (10 events):
Event: 78.408 GC heap before
{Heap before GC invocations=14 (full 0):
 garbage-first heap   total 131072K, used 93186K [0x0000000080000000, 0x0000000100000000)
  region size 1024K, 58 young (59392K), 5 survivors (5120K)
 Metaspace       used 57188K, capacity 58677K, committed 58956K, reserved 567296K
  class space    used 7397K, capacity 7989K, committed 8064K, reserved 516096K
}
Event: 78.421 GC heap after
{Heap after GC invocations=15 (full 0):
 garbage-first heap   total 131072K, used 43843K [0x0000000080000000, 0x0000000100000000)
  region size 1024K, 8 young (8192K), 8 survivors (8192K)
 Metaspace       used 57188K, capacity 58677K, committed 58956K, reserved 567296K
  class space    used 7397K, capacity 7989K, committed 8064K, reserved 516096K
}
Event: 78.642 GC heap before
{Heap before GC invocations=15 (full 0):
 garbage-first heap   total 131072K, used 46915K [0x0000000080000000, 0x0000000100000000)
  region size 1024K, 12 young (12288K), 8 survivors (8192K)
 Metaspace       used 58611K, capacity 60160K, committed 60288K, reserved 569344K
  class space    used 7576K, capacity 8185K, committed 8192K, reserved 516096K
}
Event: 78.659 GC heap after
{Heap after GC invocations=16 (full 0):
 garbage-first heap   total 131072K, used 45570K [0x0000000080000000, 0x0000000100000000)
  region size 1024K, 2 young (2048K), 2 survivors (2048K)
 Metaspace       used 58611K, capacity 60160K, committed 60288K, reserved 569344K
  class space    used 7576K, capacity 8185K, committed 8192K, reserved 516096K
}
Event: 79.439 GC heap before
{Heap before GC invocations=17 (full 0):
 garbage-first heap   total 131072K, used 78338K [0x0000000080000000, 0x0000000100000000)
  region size 1024K, 34 young (34816K), 2 survivors (2048K)
 Metaspace       used 61406K, capacity 63043K, committed 63180K, reserved 571392K
  class space    used 8046K, capacity 8680K, committed 8704K, reserved 516096K
}
Event: 79.449 GC heap after
{Heap after GC invocations=18 (full 0):
 garbage-first heap   total 131072K, used 45605K [0x0000000080000000, 0x0000000100000000)
  region size 1024K, 2 young (2048K), 2 survivors (2048K)
 Metaspace       used 61406K, capacity 63043K, committed 63180K, reserved 571392K
  class space    used 8046K, capacity 8680K, committed 8704K, reserved 516096K
}
Event: 81.482 GC heap before
{Heap before GC invocations=19 (full 0):
 garbage-first heap   total 131072K, used 82469K [0x0000000080000000, 0x0000000100000000)
  region size 1024K, 38 young (38912K), 2 survivors (2048K)
 Metaspace       used 64489K, capacity 66116K, committed 66252K, reserved 573440K
  class space    used 8470K, capacity 9150K, committed 9216K, reserved 516096K
}
Event: 81.496 GC heap after
{Heap after GC invocations=20 (full 0):
 garbage-first heap   total 131072K, used 46848K [0x0000000080000000, 0x0000000100000000)
  region size 1024K, 3 young (3072K), 3 survivors (3072K)
 Metaspace       used 64489K, capacity 66116K, committed 66252K, reserved 573440K
  class space    used 8470K, capacity 9150K, committed 9216K, reserved 516096K
}
Event: 82.938 GC heap before
{Heap before GC invocations=20 (full 0):
 garbage-first heap   total 131072K, used 86784K [0x0000000080000000, 0x0000000100000000)
  region size 1024K, 42 young (43008K), 3 survivors (3072K)
 Metaspace       used 67076K, capacity 68708K, committed 68940K, reserved 575488K
  class space    used 8827K, capacity 9502K, committed 9600K, reserved 516096K
}
Event: 82.953 GC heap after
{Heap after GC invocations=21 (full 0):
 garbage-first heap   total 131072K, used 47332K [0x0000000080000000, 0x0000000100000000)
  region size 1024K, 4 young (4096K), 4 survivors (4096K)
 Metaspace       used 67076K, capacity 68708K, committed 68940K, reserved 575488K
  class space    used 8827K, capacity 9502K, committed 9600K, reserved 516096K
}

Deoptimization events (10 events):
Event: 84.104 Thread 0x0000028d216aa000 Uncommon trap: reason=class_check action=maybe_recompile pc=0x0000028d113cfe6c method=jdk.internal.loader.URLClassPath.getLoader(I)Ljdk/internal/loader/URLClassPath$Loader; @ 190 c2
Event: 84.104 Thread 0x0000028d216aa000 Uncommon trap: reason=class_check action=maybe_recompile pc=0x0000028d11292e18 method=jdk.internal.loader.URLClassPath.getResource(Ljava/lang/String;Z)Ljdk/internal/loader/Resource; @ 53 c2
Event: 84.105 Thread 0x0000028d216aa000 Uncommon trap: reason=class_check action=maybe_recompile pc=0x0000028d11411a88 method=java.net.URLClassLoader.defineClass(Ljava/lang/String;Ljdk/internal/loader/Resource;)Ljava/lang/Class; @ 13 c2
Event: 84.105 Thread 0x0000028d216aa000 Uncommon trap: reason=speculate_class_check action=maybe_recompile pc=0x0000028d113d45dc method=jdk.internal.loader.Resource.getBytes()[B @ 10 c2
Event: 84.183 Thread 0x0000028d216aa000 Uncommon trap: reason=unstable_if action=reinterpret pc=0x0000028d11436864 method=java.util.HashMap.getNode(ILjava/lang/Object;)Ljava/util/HashMap$Node; @ 84 c2
Event: 84.184 Thread 0x0000028d216aa000 Uncommon trap: reason=unstable_if action=reinterpret pc=0x0000028d11431c14 method=java.util.HashMap.putVal(ILjava/lang/Object;Ljava/lang/Object;ZZ)Ljava/lang/Object; @ 109 c2
Event: 84.188 Thread 0x0000028d216aa000 Uncommon trap: reason=unstable_if action=reinterpret pc=0x0000028d1117a8bc method=java.util.HashMap.resize()[Ljava/util/HashMap$Node; @ 203 c2
Event: 84.195 Thread 0x0000028d216aa000 Uncommon trap: reason=unstable_if action=reinterpret pc=0x0000028d1142088c method=java.util.HashMap.getNode(ILjava/lang/Object;)Ljava/util/HashMap$Node; @ 84 c2
Event: 84.625 Thread 0x0000028d216aa000 Uncommon trap: reason=unstable_if action=reinterpret pc=0x0000028d113b5098 method=java.util.HashMap.putVal(ILjava/lang/Object;Ljava/lang/Object;ZZ)Ljava/lang/Object; @ 109 c2
Event: 85.438 Thread 0x0000028d216aa000 Uncommon trap: reason=bimorphic_or_optimized_type_check action=maybe_recompile pc=0x0000028d113c14c0 method=java.util.AbstractCollection.addAll(Ljava/util/Collection;)Z @ 29 c2

Classes redefined (0 events):
No events

Internal exceptions (10 events):
Event: 80.965 Thread 0x0000028d216aa000 Exception <a 'java/lang/ClassNotFoundException'{0x00000000864b0878}: org/jetbrains/kotlin/gradle/targets/js/npm/NpmDependencyExtensionDelegateBeanInfo> (0x00000000864b0878) thrown at [t:/workspace/open/src/hotspot/share/classfile/systemDictionary.cpp, lin
Event: 80.966 Thread 0x0000028d216aa000 Exception <a 'java/lang/ClassNotFoundException'{0x00000000864bf9b0}: org/jetbrains/kotlin/gradle/targets/js/npm/NpmDependencyExtensionDelegateCustomizer> (0x00000000864bf9b0) thrown at [t:/workspace/open/src/hotspot/share/classfile/systemDictionary.cpp, l
Event: 80.969 Thread 0x0000028d216aa000 Exception <a 'java/lang/ClassNotFoundException'{0x00000000864e6b58}: org/jetbrains/kotlin/gradle/targets/js/npm/NpmDependencyExtensionKt$defaultNpmDependencyDelegate$1Customizer> (0x00000000864e6b58) thrown at [t:/workspace/open/src/hotspot/share/classfil
Event: 80.978 Thread 0x0000028d216aa000 Exception <a 'java/lang/ClassNotFoundException'{0x000000008632c170}: org/jetbrains/kotlin/gradle/targets/js/npm/DefaultDevNpmDependencyExtensionBeanInfo> (0x000000008632c170) thrown at [t:/workspace/open/src/hotspot/share/classfile/systemDictionary.cpp, l
Event: 80.980 Thread 0x0000028d216aa000 Exception <a 'java/lang/ClassNotFoundException'{0x000000008633a018}: org/jetbrains/kotlin/gradle/targets/js/npm/DefaultDevNpmDependencyExtensionCustomizer> (0x000000008633a018) thrown at [t:/workspace/open/src/hotspot/share/classfile/systemDictionary.cpp,
Event: 80.991 Thread 0x0000028d216aa000 Exception <a 'java/lang/ClassNotFoundException'{0x0000000086382648}: org/jetbrains/kotlin/gradle/targets/js/npm/DefaultPeerNpmDependencyExtensionBeanInfo> (0x0000000086382648) thrown at [t:/workspace/open/src/hotspot/share/classfile/systemDictionary.cpp, 
Event: 80.991 Thread 0x0000028d216aa000 Exception <a 'java/lang/ClassNotFoundException'{0x0000000086390500}: org/jetbrains/kotlin/gradle/targets/js/npm/DefaultPeerNpmDependencyExtensionCustomizer> (0x0000000086390500) thrown at [t:/workspace/open/src/hotspot/share/classfile/systemDictionary.cpp
Event: 81.000 Thread 0x0000028d216aa000 Exception <a 'java/lang/ClassNotFoundException'{0x00000000863e0b30}: org/jetbrains/kotlin/gradle/targets/js/npm/DefaultPeerNpmDependencyExtension$delegate$1BeanInfo> (0x00000000863e0b30) thrown at [t:/workspace/open/src/hotspot/share/classfile/systemDicti
Event: 81.011 Thread 0x0000028d216aa000 Exception <a 'java/lang/ClassNotFoundException'{0x00000000863ef1b8}: org/jetbrains/kotlin/gradle/targets/js/npm/DefaultPeerNpmDependencyExtension$delegate$1Customizer> (0x00000000863ef1b8) thrown at [t:/workspace/open/src/hotspot/share/classfile/systemDic
Event: 85.577 Thread 0x0000028d216aa000 Exception <a 'java/lang/ClassNotFoundException'{0x00000000857252d0}: build_9b549uhouvx674pxk3z00t94lBeanInfo> (0x00000000857252d0) thrown at [t:/workspace/open/src/hotspot/share/classfile/systemDictionary.cpp, line 231]

Events (10 events):
Event: 85.565 loading class org/gradle/api/internal/project/ProjectScript
Event: 85.565 loading class org/gradle/api/internal/project/ProjectScript done
Event: 85.570 loading class groovy/runtime/metaclass/build_9b549uhouvx674pxk3z00t94lMetaClass
Event: 85.570 loading class groovy/runtime/metaclass/build_9b549uhouvx674pxk3z00t94lMetaClass done
Event: 85.576 loading class build_9b549uhouvx674pxk3z00t94lBeanInfo
Event: 85.576 loading class build_9b549uhouvx674pxk3z00t94lBeanInfo done
Event: 85.576 loading class build_9b549uhouvx674pxk3z00t94lBeanInfo
Event: 85.576 loading class build_9b549uhouvx674pxk3z00t94lBeanInfo done
Event: 85.577 loading class org/gradle/api/internal/project/ProjectScriptBeanInfo
Event: 85.577 loading class org/gradle/api/internal/project/ProjectScriptBeanInfo done


Dynamic libraries:
0x00007ff68b860000 - 0x00007ff68b8a5000 	C:\Users\ARMemon\AppData\Local\jdk-11.0.2\bin\java.exe
0x00007ffc5f2e0000 - 0x00007ffc5f4d0000 	C:\WINDOWS\SYSTEM32\ntdll.dll
0x00007ffc5dc20000 - 0x00007ffc5dcd2000 	C:\WINDOWS\System32\KERNEL32.DLL
0x00007ffc5c250000 - 0x00007ffc5c4f5000 	C:\WINDOWS\System32\KERNELBASE.dll
0x00007ffc5d390000 - 0x00007ffc5d524000 	C:\WINDOWS\System32\USER32.dll
0x00007ffc5c500000 - 0x00007ffc5c521000 	C:\WINDOWS\System32\win32u.dll
0x00007ffc5da70000 - 0x00007ffc5da96000 	C:\WINDOWS\System32\GDI32.dll
0x00007ffc5c6e0000 - 0x00007ffc5c878000 	C:\WINDOWS\System32\gdi32full.dll
0x00007ffc5ca50000 - 0x00007ffc5caee000 	C:\WINDOWS\System32\msvcp_win.dll
0x00007ffc5cb10000 - 0x00007ffc5cc0a000 	C:\WINDOWS\System32\ucrtbase.dll
0x00007ffc4cf70000 - 0x00007ffc4d1f4000 	C:\WINDOWS\WinSxS\amd64_microsoft.windows.common-controls_6595b64144ccf1df_6.0.18362.1440_none_9e7dbfb9e45e8e67\COMCTL32.dll
0x00007ffc5e530000 - 0x00007ffc5e5ce000 	C:\WINDOWS\System32\msvcrt.dll
0x00007ffc5e5d0000 - 0x00007ffc5e906000 	C:\WINDOWS\System32\combase.dll
0x00007ffc5d730000 - 0x00007ffc5d84f000 	C:\WINDOWS\System32\RPCRT4.dll
0x00007ffc5c880000 - 0x00007ffc5c901000 	C:\WINDOWS\System32\bcryptPrimitives.dll
0x00007ffc5de20000 - 0x00007ffc5de4e000 	C:\WINDOWS\System32\IMM32.DLL
0x00007ffc47310000 - 0x00007ffc47326000 	C:\Users\ARMemon\AppData\Local\jdk-11.0.2\bin\vcruntime140.dll
0x00007ffbed040000 - 0x00007ffbed0ea000 	C:\Users\ARMemon\AppData\Local\jdk-11.0.2\bin\msvcp140.dll
0x00007ffbe1180000 - 0x00007ffbe1ca3000 	C:\Users\ARMemon\AppData\Local\jdk-11.0.2\bin\server\jvm.dll
0x00007ffc5de50000 - 0x00007ffc5def3000 	C:\WINDOWS\System32\ADVAPI32.dll
0x00007ffc5e920000 - 0x00007ffc5e9b7000 	C:\WINDOWS\System32\sechost.dll
0x00007ffc5dfd0000 - 0x00007ffc5dfd8000 	C:\WINDOWS\System32\PSAPI.DLL
0x00007ffc5a010000 - 0x00007ffc5a019000 	C:\WINDOWS\SYSTEM32\WSOCK32.dll
0x00007ffc5dfe0000 - 0x00007ffc5e04f000 	C:\WINDOWS\System32\WS2_32.dll
0x00007ffc59c10000 - 0x00007ffc59c34000 	C:\WINDOWS\SYSTEM32\WINMM.dll
0x00007ffc4d310000 - 0x00007ffc4d31a000 	C:\WINDOWS\SYSTEM32\VERSION.dll
0x00007ffc59be0000 - 0x00007ffc59c0d000 	C:\WINDOWS\SYSTEM32\WINMMBASE.dll
0x00007ffc5c530000 - 0x00007ffc5c57a000 	C:\WINDOWS\System32\cfgmgr32.dll
0x00007ffc5c1c0000 - 0x00007ffc5c1d1000 	C:\WINDOWS\System32\kernel.appcore.dll
0x00007ffc3dea0000 - 0x00007ffc3deb1000 	C:\Users\ARMemon\AppData\Local\jdk-11.0.2\bin\verify.dll
0x00007ffc5aa10000 - 0x00007ffc5ac04000 	C:\WINDOWS\SYSTEM32\DBGHELP.DLL
0x00007ffc4c320000 - 0x00007ffc4c34a000 	C:\WINDOWS\SYSTEM32\dbgcore.DLL
0x00007ffc3de70000 - 0x00007ffc3de98000 	C:\Users\ARMemon\AppData\Local\jdk-11.0.2\bin\java.dll
0x00007ffc3cb40000 - 0x00007ffc3cb56000 	C:\Users\ARMemon\AppData\Local\jdk-11.0.2\bin\zip.dll
0x00007ffc467e0000 - 0x00007ffc467ea000 	C:\Users\ARMemon\AppData\Local\jdk-11.0.2\bin\jimage.dll
0x00007ffc5e9c0000 - 0x00007ffc5f0a8000 	C:\WINDOWS\System32\SHELL32.dll
0x00007ffc5d600000 - 0x00007ffc5d6a7000 	C:\WINDOWS\System32\shcore.dll
0x00007ffc5cc10000 - 0x00007ffc5d38b000 	C:\WINDOWS\System32\windows.storage.dll
0x00007ffc5c1e0000 - 0x00007ffc5c1fe000 	C:\WINDOWS\System32\profapi.dll
0x00007ffc5c200000 - 0x00007ffc5c24a000 	C:\WINDOWS\System32\powrprof.dll
0x00007ffc5c190000 - 0x00007ffc5c1a0000 	C:\WINDOWS\System32\UMPDC.dll
0x00007ffc5f0b0000 - 0x00007ffc5f102000 	C:\WINDOWS\System32\shlwapi.dll
0x00007ffc5caf0000 - 0x00007ffc5cb07000 	C:\WINDOWS\System32\cryptsp.dll
0x00007ffc3cb20000 - 0x00007ffc3cb39000 	C:\Users\ARMemon\AppData\Local\jdk-11.0.2\bin\net.dll
0x00007ffc53450000 - 0x00007ffc5354a000 	C:\WINDOWS\SYSTEM32\WINHTTP.dll
0x00007ffc4d860000 - 0x00007ffc4da37000 	C:\WINDOWS\SYSTEM32\urlmon.dll
0x00007ffc4de90000 - 0x00007ffc4e137000 	C:\WINDOWS\SYSTEM32\iertutil.dll
0x00007ffc5bb40000 - 0x00007ffc5bb4c000 	C:\WINDOWS\SYSTEM32\CRYPTBASE.DLL
0x00007ffc5b970000 - 0x00007ffc5b9d7000 	C:\WINDOWS\system32\mswsock.dll
0x00007ffc3c820000 - 0x00007ffc3c833000 	C:\Users\ARMemon\AppData\Local\jdk-11.0.2\bin\nio.dll
0x00007ffc36710000 - 0x00007ffc36737000 	C:\Users\ARMemon\.gradle\native\e1d6ef7f7dcc3fd88c89a11ec53ec762bb8ba0a96d01ffa2cd45eb1d1d8dd5c5\windows-amd64\native-platform.dll
0x00007ffbebaf0000 - 0x00007ffbebc34000 	C:\Users\ARMemon\.gradle\native\0d407fdbe67a94daf76414ababcb853783967236a71b16ec16e742cd7a986fd3\windows-amd64\native-platform-file-events.dll
0x00007ffc3e360000 - 0x00007ffc3e369000 	C:\Users\ARMemon\AppData\Local\jdk-11.0.2\bin\management.dll
0x00007ffc3e330000 - 0x00007ffc3e33c000 	C:\Users\ARMemon\AppData\Local\jdk-11.0.2\bin\management_ext.dll
0x00007ffc5b4f0000 - 0x00007ffc5b523000 	C:\WINDOWS\system32\rsaenh.dll
0x00007ffc5ca20000 - 0x00007ffc5ca46000 	C:\WINDOWS\System32\bcrypt.dll
0x00007ffc5c070000 - 0x00007ffc5c095000 	C:\WINDOWS\SYSTEM32\USERENV.dll
0x00007ffc5b680000 - 0x00007ffc5b6ba000 	C:\WINDOWS\SYSTEM32\IPHLPAPI.DLL
0x00007ffc5d850000 - 0x00007ffc5d858000 	C:\WINDOWS\System32\NSI.dll
0x00007ffc4fea0000 - 0x00007ffc4feb6000 	C:\WINDOWS\SYSTEM32\dhcpcsvc6.DLL
0x00007ffc4fdc0000 - 0x00007ffc4fddc000 	C:\WINDOWS\SYSTEM32\dhcpcsvc.DLL
0x00007ffc5b6c0000 - 0x00007ffc5b78b000 	C:\WINDOWS\SYSTEM32\DNSAPI.dll
0x00007ffc3e120000 - 0x00007ffc3e12d000 	C:\Users\ARMemon\AppData\Local\jdk-11.0.2\bin\sunmscapi.dll
0x00007ffc5c580000 - 0x00007ffc5c6d1000 	C:\WINDOWS\System32\CRYPT32.dll
0x00007ffc5c1a0000 - 0x00007ffc5c1b2000 	C:\WINDOWS\System32\MSASN1.dll
0x00007ffc5bc40000 - 0x00007ffc5bc66000 	C:\WINDOWS\SYSTEM32\ncrypt.dll
0x00007ffc5bc00000 - 0x00007ffc5bc3b000 	C:\WINDOWS\SYSTEM32\NTASN1.dll
0x00007ffc3ded0000 - 0x00007ffc3def7000 	C:\Users\ARMemon\AppData\Local\jdk-11.0.2\bin\sunec.dll
0x0000000050d80000 - 0x0000000050da6000 	C:\Program Files\Bonjour\mdnsNSP.dll
0x00007ffc4f600000 - 0x00007ffc4f60a000 	C:\Windows\System32\rasadhlp.dll
0x00007ffc4f9d0000 - 0x00007ffc4fa47000 	C:\WINDOWS\System32\fwpuclnt.dll

dbghelp: loaded successfully - version: 4.0.5 - missing functions: none
symbol engine: initialized successfully - sym options: 0x614 - pdb path: .;C:\Users\ARMemon\AppData\Local\jdk-11.0.2\bin;C:\WINDOWS\SYSTEM32;C:\WINDOWS\WinSxS\amd64_microsoft.windows.common-controls_6595b64144ccf1df_6.0.18362.1440_none_9e7dbfb9e45e8e67;C:\Users\ARMemon\AppData\Local\jdk-11.0.2\bin\server;C:\Users\ARMemon\.gradle\native\e1d6ef7f7dcc3fd88c89a11ec53ec762bb8ba0a96d01ffa2cd45eb1d1d8dd5c5\windows-amd64;C:\Users\ARMemon\.gradle\native\0d407fdbe67a94daf76414ababcb853783967236a71b16ec16e742cd7a986fd3\windows-amd64;C:\Program Files\Bonjour

VM Arguments:
jvm_args: -XX:MaxMetaspaceSize=512m --add-opens=java.base/java.util=ALL-UNNAMED --add-opens=java.base/java.lang=ALL-UNNAMED --add-opens=java.base/java.lang.invoke=ALL-UNNAMED --add-opens=java.base/java.util=ALL-UNNAMED --add-opens=java.prefs/java.util.prefs=ALL-UNNAMED --add-opens=java.prefs/java.util.prefs=ALL-UNNAMED --add-opens=java.base/java.nio.charset=ALL-UNNAMED --add-opens=java.base/java.net=ALL-UNNAMED --add-opens=java.base/java.util.concurrent.atomic=ALL-UNNAMED -Xmx2048m -Dfile.encoding=windows-1252 -Duser.country=US -Duser.language=en -Duser.variant 
java_command: org.gradle.launcher.daemon.bootstrap.GradleDaemon 7.5.1
java_class_path (initial): C:\Users\ARMemon\.gradle\wrapper\dists\gradle-7.5.1-all\1ehga6e77gqps5uk2kc5kf1vc\gradle-7.5.1\lib\gradle-launcher-7.5.1.jar
Launcher Type: SUN_STANDARD

[Global flags]
     intx CICompilerCount                          = 3                                         {product} {ergonomic}
   size_t CompressedClassSpaceSize                 = 528482304                                 {product} {ergonomic}
     uint ConcGCThreads                            = 1                                         {product} {ergonomic}
     uint G1ConcRefinementThreads                  = 4                                         {product} {ergonomic}
   size_t G1HeapRegionSize                         = 1048576                                   {product} {ergonomic}
    uintx GCDrainStackTargetSize                   = 64                                        {product} {ergonomic}
   size_t InitialHeapSize                          = 134217728                                 {product} {ergonomic}
   size_t MarkStackSize                            = 4194304                                   {product} {ergonomic}
   size_t MaxHeapSize                              = 2147483648                                {product} {command line}
   size_t MaxMetaspaceSize                         = 536870912                                 {product} {command line}
   size_t MaxNewSize                               = 1287651328                                {product} {ergonomic}
   size_t MinHeapDeltaBytes                        = 1048576                                   {product} {ergonomic}
    uintx NonNMethodCodeHeapSize                   = 5830092                                {pd product} {ergonomic}
    uintx NonProfiledCodeHeapSize                  = 122914074                              {pd product} {ergonomic}
    uintx ProfiledCodeHeapSize                     = 122914074                              {pd product} {ergonomic}
    uintx ReservedCodeCacheSize                    = 251658240                              {pd product} {ergonomic}
     bool SegmentedCodeCache                       = true                                      {product} {ergonomic}
     bool UseCompressedClassPointers               = true                                 {lp64_product} {ergonomic}
     bool UseCompressedOops                        = true                                 {lp64_product} {ergonomic}
     bool UseG1GC                                  = true                                      {product} {ergonomic}
     bool UseLargePagesIndividualAllocation        = false                                  {pd product} {ergonomic}

Logging:
Log output configuration:
 #0: stdout all=warning uptime,level,tags
 #1: stderr all=off uptime,level,tags

Environment Variables:
JAVA_HOME=C:\Users\ARMemon\AppData\Local\jdk-11.0.2
CLASSPATH=C:\Users\ARMemon\Desktop\Codes\ReactNative\IEEE_PES\android\\gradle\wrapper\gradle-wrapper.jar
PATH=C:\Users\ARMemon\Desktop\Codes\ReactNative\IEEE_PES\android\node_modules\.bin;C:\Users\ARMemon\Desktop\Codes\ReactNative\IEEE_PES\node_modules\.bin;C:\Users\ARMemon\Desktop\Codes\ReactNative\node_modules\.bin;C:\Users\ARMemon\Desktop\Codes\node_modules\.bin;C:\Users\ARMemon\Desktop\node_modules\.bin;C:\Users\ARMemon\node_modules\.bin;C:\Users\node_modules\.bin;C:\node_modules\.bin;C:\Program Files\nodejs;C:\Users\ARMemon\Desktop\Codes\ReactNative\IEEE_PES\node_modules\.bin;C:\Users\ARMemon\Desktop\Codes\ReactNative\IEEE_PES\node_modules\.bin;C:\Users\ARMemon\Desktop\Codes\ReactNative\node_modules\.bin;C:\Users\ARMemon\Desktop\Codes\node_modules\.bin;C:\Users\ARMemon\Desktop\node_modules\.bin;C:\Users\ARMemon\node_modules\.bin;C:\Users\node_modules\.bin;C:\node_modules\.bin;C:\Users\ARMemon\AppData\Roaming\npm\node_modules\npm\node_modules\@npmcli\run-script\lib\node-gyp-bin;C:\Program Files (x86)\Common Files\Intel\Shared Files\fortran\bin\Intel64;C:\Program Files (x86)\Common Files\Intel\Shared Libraries\redist\intel64_win\mpirt;C:\Program Files (x86)\Common Files\Intel\Shared Libraries\redist\intel64_win\compiler;C:\Program Files (x86)\Common Files\Oracle\Java\javapath;C:\WINDOWS\system32;C:\WINDOWS;C:\WINDOWS\System32\Wbem;C:\WINDOWS\System32\WindowsPowerShell\v1.0\;C:\WINDOWS\System32\OpenSSH\;C:\MinGW\bin;C:\Program Files\Git\cmd;C:\Program Files\nodejs\;C:\Program Files\Microsoft SQL Server\Client SDK\ODBC\170\Tools\Binn\;C:\Program Files (x86)\Microsoft SQL Server\150\Tools\Binn\;C:\Program Files\Microsoft SQL Server\150\Tools\Binn\;C:\Program Files\Microsoft SQL Server\150\DTS\Binn\;C:\Program Files\Microsoft SQL Server\Client SDK\ODBC\130\Tools\Binn\;C:\Program Files\MATLAB\MATLAB Production Server\R2015a\runtime\win64;C:\Program Files\MATLAB\MATLAB Production Server\R2015a\bin;C:\Program Files\MATLAB\MATLAB Production Server\R2015a\polyspace\bin;C:\Users\ARMemon\AppData\Local\jdk-11.0.2\bin;C:\Users\ARMemon\AppData\Local\Programs\Python\Python310\Scripts
USERNAME=ARMemon
OS=Windows_NT
PROCESSOR_IDENTIFIER=Intel64 Family 6 Model 142 Stepping 9, GenuineIntel



---------------  S Y S T E M  ---------------

OS: Windows 10 , 64 bit Build 18362 (10.0.18362.1350)

CPU:total 4 (initial active 4) (2 cores per cpu, 2 threads per core) family 6 model 142 stepping 9, cmov, cx8, fxsr, mmx, sse, sse2, sse3, ssse3, sse4.1, sse4.2, popcnt, avx, avx2, aes, clmul, erms, 3dnowpref, lzcnt, ht, tsc, tscinvbit, bmi1, bmi2, adx, fma

Memory: 4k page, system-wide physical 8078M (316M free)
TotalPageFile size 16327M (AvailPageFile size 5M)
current process WorkingSet (physical memory assigned to process): 331M, peak: 333M
current process commit charge ("private bytes"): 382M, peak: 385M

vm_info: OpenJDK 64-Bit Server VM (11.0.2+9) for windows-amd64 JRE (11.0.2+9), built on Jan 18 2019 05:23:22 by "mach5one" with MS VC++ 15.5 (VS2017)

END.
