#
# There is insufficient memory for the Java Runtime Environment to continue.
# Native memory allocation (malloc) failed to allocate 1114896 bytes for Chunk::new
# Possible reasons:
#   The system is out of physical RAM or swap space
#   The process is running with CompressedOops enabled, and the Java Heap may be blocking the growth of the native heap
# Possible solutions:
#   Reduce memory load on the system
#   Increase physical memory or swap space
#   Check if swap backing store is full
#   Decrease Java heap size (-Xmx/-Xms)
#   Decrease number of Java threads
#   Decrease Java thread stack sizes (-Xss)
#   Set larger code cache with -XX:ReservedCodeCacheSize=
#   JVM is running with Unscaled Compressed Oops mode in which the Java heap is
#     placed in the first 4GB address space. The Java Heap base address is the
#     maximum limit for the native heap growth. Please use -XX:HeapBaseMinAddress
#     to set the Java Heap base and to place the Java Heap above 4GB virtual address.
# This output file may be truncated or incomplete.
#
#  Out of Memory Error (t:/workspace/open/src/hotspot/share/memory/arena.cpp:197), pid=11576, tid=12508
#
# JRE version: OpenJDK Runtime Environment (11.0.2+9) (build 11.0.2+9)
# Java VM: OpenJDK 64-Bit Server VM (11.0.2+9, mixed mode, tiered, compressed oops, g1 gc, windows-amd64)
# No core dump will be written. Minidumps are not enabled by default on client versions of Windows
#

---------------  S U M M A R Y ------------

Command Line: -XX:MaxMetaspaceSize=512m --add-opens=java.base/java.util=ALL-UNNAMED --add-opens=java.base/java.lang=ALL-UNNAMED --add-opens=java.base/java.lang.invoke=ALL-UNNAMED --add-opens=java.base/java.util=ALL-UNNAMED --add-opens=java.prefs/java.util.prefs=ALL-UNNAMED --add-opens=java.prefs/java.util.prefs=ALL-UNNAMED --add-opens=java.base/java.nio.charset=ALL-UNNAMED --add-opens=java.base/java.net=ALL-UNNAMED --add-opens=java.base/java.util.concurrent.atomic=ALL-UNNAMED -Xmx2048m -Dfile.encoding=windows-1252 -Duser.country=US -Duser.language=en -Duser.variant org.gradle.launcher.daemon.bootstrap.GradleDaemon 7.5.1

Host: Intel(R) Core(TM) i5-7Y54 CPU @ 1.20GHz, 4 cores, 7G,  Windows 10 , 64 bit Build 18362 (10.0.18362.1350)
Time: Fri Sep  8 20:59:32 2023 Pakistan Standard Time elapsed time: 79 seconds (0d 0h 1m 19s)

---------------  T H R E A D  ---------------

Current thread (0x0000019480254800):  JavaThread "C2 CompilerThread1" daemon [_thread_in_native, id=12508, stack(0x0000008536e00000,0x0000008536f00000)]


Current CompileTask:
C2:  79235 5926       4       jdk.internal.loader.URLClassPath::getResource (74 bytes)

Stack: [0x0000008536e00000,0x0000008536f00000]
Native frames: (J=compiled Java code, j=interpreted, Vv=VM code, C=native code)
V  [jvm.dll+0x63489a]
V  [jvm.dll+0x771f9f]
V  [jvm.dll+0x773648]
V  [jvm.dll+0x773d03]
V  [jvm.dll+0x25eba8]
V  [jvm.dll+0xc2191]
V  [jvm.dll+0xc271c]
V  [jvm.dll+0x36cc47]
V  [jvm.dll+0x1a95df]
V  [jvm.dll+0x218ad2]
V  [jvm.dll+0x217b6a]
V  [jvm.dll+0x194370]
V  [jvm.dll+0x226b3f]
V  [jvm.dll+0x225148]
V  [jvm.dll+0x73774d]
V  [jvm.dll+0x633942]
C  [ucrtbase.dll+0x210b2]
C  [KERNEL32.DLL+0x17c24]
C  [ntdll.dll+0x6d721]


---------------  P R O C E S S  ---------------

Threads class SMR info:
_java_thread_list=0x00000194fe9a4cb0, length=75, elements={
0x00000194d9d3f800, 0x00000194f813e800, 0x00000194f8140800, 0x00000194f815b800,
0x00000194f815d000, 0x00000194f8161000, 0x00000194f8165000, 0x00000194f819b000,
0x00000194f8c0c800, 0x00000194f8c39800, 0x00000194fabc5000, 0x00000194faa71000,
0x00000194fabc2800, 0x00000194faed4000, 0x00000194fa419000, 0x00000194f9ec4800,
0x00000194fb007000, 0x00000194fa91d800, 0x00000194fa91e800, 0x00000194fa92e000,
0x00000194fad5b800, 0x00000194fad5d800, 0x00000194fad5c000, 0x00000194fad5d000,
0x00000194faaf6800, 0x00000194faafb000, 0x00000194faafc000, 0x00000194faaf8800,
0x00000194faaf8000, 0x00000194faaf7000, 0x00000194faafd000, 0x00000194faaf9800,
0x00000194faaff800, 0x00000194fab00000, 0x00000194faafe800, 0x00000194faafa800,
0x00000194fab01000, 0x00000194fab01800, 0x00000194fab02800, 0x00000194fab03800,
0x00000194fab04000, 0x00000194fab05000, 0x00000194f9a69000, 0x00000194f9a69800,
0x00000194f9a6a800, 0x00000194f9a6b800, 0x00000194f9a6c000, 0x00000194f9a6d000,
0x00000194f9a6e000, 0x00000194f9a68000, 0x00000194f9a6f800, 0x00000194f9a6e800,
0x00000194f9a74800, 0x00000194f9a75000, 0x00000194f9a76000, 0x00000194f9a72800,
0x00000194f9a73800, 0x00000194f9a70000, 0x00000194f9a76800, 0x00000194f9a71000,
0x00000194f9a72000, 0x00000194f8f2c000, 0x00000194f8f2d000, 0x00000194f8f2e800,
0x00000194f8f2d800, 0x00000194f8f2f800, 0x00000194f8f30000, 0x00000194f8f31000,
0x00000194f8f2b000, 0x00000194f8f31800, 0x00000194f8f33800, 0x00000194f8f37800,
0x00000194f8f32800, 0x00000194f8f36000, 0x0000019480254800
}

Java Threads: ( => current thread )
  0x00000194d9d3f800 JavaThread "main" [_thread_blocked, id=1964, stack(0x0000008531b00000,0x0000008531c00000)]
  0x00000194f813e800 JavaThread "Reference Handler" daemon [_thread_blocked, id=15712, stack(0x0000008532200000,0x0000008532300000)]
  0x00000194f8140800 JavaThread "Finalizer" daemon [_thread_blocked, id=5204, stack(0x0000008532300000,0x0000008532400000)]
  0x00000194f815b800 JavaThread "Signal Dispatcher" daemon [_thread_blocked, id=2024, stack(0x0000008532400000,0x0000008532500000)]
  0x00000194f815d000 JavaThread "Attach Listener" daemon [_thread_blocked, id=16108, stack(0x0000008532500000,0x0000008532600000)]
  0x00000194f8161000 JavaThread "C2 CompilerThread0" daemon [_thread_in_native, id=14332, stack(0x0000008532600000,0x0000008532700000)]
  0x00000194f8165000 JavaThread "C1 CompilerThread0" daemon [_thread_blocked, id=2208, stack(0x0000008532700000,0x0000008532800000)]
  0x00000194f819b000 JavaThread "Sweeper thread" daemon [_thread_blocked, id=11176, stack(0x0000008532800000,0x0000008532900000)]
  0x00000194f8c0c800 JavaThread "Common-Cleaner" daemon [_thread_blocked, id=10472, stack(0x0000008532900000,0x0000008532a00000)]
  0x00000194f8c39800 JavaThread "Service Thread" daemon [_thread_blocked, id=1176, stack(0x0000008532a00000,0x0000008532b00000)]
  0x00000194fabc5000 JavaThread "Daemon health stats" [_thread_blocked, id=12208, stack(0x0000008533000000,0x0000008533100000)]
  0x00000194faa71000 JavaThread "Incoming local TCP Connector on port 63250" [_thread_in_native, id=10928, stack(0x0000008533100000,0x0000008533200000)]
  0x00000194fabc2800 JavaThread "Daemon periodic checks" [_thread_blocked, id=3592, stack(0x0000008533200000,0x0000008533300000)]
  0x00000194faed4000 JavaThread "Daemon" [_thread_blocked, id=10552, stack(0x0000008533300000,0x0000008533400000)]
  0x00000194fa419000 JavaThread "Handler for socket connection from /127.0.0.1:63250 to /127.0.0.1:63251" [_thread_in_native, id=588, stack(0x0000008533400000,0x0000008533500000)]
  0x00000194f9ec4800 JavaThread "Cancel handler" [_thread_blocked, id=11016, stack(0x0000008533500000,0x0000008533600000)]
  0x00000194fb007000 JavaThread "Daemon worker" [_thread_in_vm, id=9304, stack(0x0000008533600000,0x0000008533700000)]
  0x00000194fa91d800 JavaThread "Asynchronous log dispatcher for DefaultDaemonConnection: socket connection from /127.0.0.1:63250 to /127.0.0.1:63251" [_thread_blocked, id=7072, stack(0x0000008533700000,0x0000008533800000)]
  0x00000194fa91e800 JavaThread "Stdin handler" [_thread_blocked, id=13584, stack(0x0000008533800000,0x0000008533900000)]
  0x00000194fa92e000 JavaThread "Daemon client event forwarder" [_thread_blocked, id=4944, stack(0x0000008533900000,0x0000008533a00000)]
  0x00000194fad5b800 JavaThread "Cache worker for journal cache (C:\Users\ARMemon\.gradle\caches\journal-1)" [_thread_blocked, id=7240, stack(0x0000008533a00000,0x0000008533b00000)]
  0x00000194fad5d800 JavaThread "File lock request listener" [_thread_in_native, id=11500, stack(0x0000008533b00000,0x0000008533c00000)]
  0x00000194fad5c000 JavaThread "Cache worker for file hash cache (C:\Users\ARMemon\.gradle\caches\7.5.1\fileHashes)" [_thread_blocked, id=1544, stack(0x0000008533c00000,0x0000008533d00000)]
  0x00000194fad5d000 JavaThread "File watcher server" daemon [_thread_in_native, id=14676, stack(0x0000008533d00000,0x0000008533e00000)]
  0x00000194faaf6800 JavaThread "File watcher consumer" daemon [_thread_blocked, id=11892, stack(0x0000008533e00000,0x0000008533f00000)]
  0x00000194faafb000 JavaThread "Cache worker for checksums cache (C:\Users\ARMemon\Desktop\Codes\ReactNative\IEEE_PES\android\.gradle\7.5.1\checksums)" [_thread_blocked, id=4636, stack(0x0000008533f00000,0x0000008534000000)]
  0x00000194faafc000 JavaThread "Cache worker for cache directory md-rule (C:\Users\ARMemon\.gradle\caches\7.5.1\md-rule)" [_thread_blocked, id=4464, stack(0x0000008534000000,0x0000008534100000)]
  0x00000194faaf8800 JavaThread "Cache worker for file content cache (C:\Users\ARMemon\.gradle\caches\7.5.1\fileContent)" [_thread_blocked, id=12376, stack(0x0000008534100000,0x0000008534200000)]
  0x00000194faaf8000 JavaThread "Cache worker for file hash cache (C:\Users\ARMemon\Desktop\Codes\ReactNative\IEEE_PES\android\.gradle\7.5.1\fileHashes)" [_thread_blocked, id=2480, stack(0x0000008534200000,0x0000008534300000)]
  0x00000194faaf7000 JavaThread "Cache worker for cache directory md-supplier (C:\Users\ARMemon\.gradle\caches\7.5.1\md-supplier)" [_thread_blocked, id=5032, stack(0x0000008534300000,0x0000008534400000)]
  0x00000194faafd000 JavaThread "Cache worker for execution history cache (C:\Users\ARMemon\.gradle\caches\7.5.1\executionHistory)" [_thread_blocked, id=11504, stack(0x0000008534500000,0x0000008534600000)]
  0x00000194faaf9800 JavaThread "jar transforms" [_thread_blocked, id=14376, stack(0x0000008534600000,0x0000008534700000)]
  0x00000194faaff800 JavaThread "jar transforms Thread 2" [_thread_blocked, id=316, stack(0x0000008534700000,0x0000008534800000)]
  0x00000194fab00000 JavaThread "jar transforms Thread 3" [_thread_blocked, id=7524, stack(0x0000008534800000,0x0000008534900000)]
  0x00000194faafe800 JavaThread "jar transforms Thread 4" [_thread_blocked, id=13020, stack(0x0000008534900000,0x0000008534a00000)]
  0x00000194faafa800 JavaThread "File lock release action executor" [_thread_blocked, id=8236, stack(0x0000008534400000,0x0000008534500000)]
  0x00000194fab01000 JavaThread "Cache worker for kotlin-dsl (C:\Users\ARMemon\.gradle\caches\7.5.1\kotlin-dsl)" [_thread_blocked, id=16192, stack(0x0000008534d00000,0x0000008534e00000)]
  0x00000194fab01800 JavaThread "Cache worker for dependencies-accessors (C:\Users\ARMemon\Desktop\Codes\ReactNative\IEEE_PES\android\.gradle\7.5.1\dependencies-accessors)" [_thread_blocked, id=12548, stack(0x0000008534c00000,0x0000008534d00000)]
  0x00000194fab02800 JavaThread "Cache worker for Build Output Cleanup Cache (C:\Users\ARMemon\Desktop\Codes\ReactNative\IEEE_PES\node_modules\react-native-gradle-plugin\.gradle\buildOutputCleanup)" [_thread_blocked, id=4496, stack(0x0000008534e00000,0x0000008534f00000)]
  0x00000194fab03800 JavaThread "Unconstrained build operations" [_thread_blocked, id=5000, stack(0x0000008531900000,0x0000008531a00000)]
  0x00000194fab04000 JavaThread "Unconstrained build operations Thread 2" [_thread_blocked, id=5604, stack(0x0000008531a00000,0x0000008531b00000)]
  0x00000194fab05000 JavaThread "Unconstrained build operations Thread 3" [_thread_blocked, id=8652, stack(0x0000008532c00000,0x0000008532d00000)]
  0x00000194f9a69000 JavaThread "Unconstrained build operations Thread 4" [_thread_blocked, id=13324, stack(0x0000008534f00000,0x0000008535000000)]
  0x00000194f9a69800 JavaThread "Unconstrained build operations Thread 5" [_thread_blocked, id=11632, stack(0x0000008535000000,0x0000008535100000)]
  0x00000194f9a6a800 JavaThread "Unconstrained build operations Thread 6" [_thread_blocked, id=11344, stack(0x0000008535100000,0x0000008535200000)]
  0x00000194f9a6b800 JavaThread "Unconstrained build operations Thread 7" [_thread_blocked, id=8004, stack(0x0000008535200000,0x0000008535300000)]
  0x00000194f9a6c000 JavaThread "Unconstrained build operations Thread 8" [_thread_blocked, id=8552, stack(0x0000008535300000,0x0000008535400000)]
  0x00000194f9a6d000 JavaThread "Unconstrained build operations Thread 9" [_thread_blocked, id=1956, stack(0x0000008535400000,0x0000008535500000)]
  0x00000194f9a6e000 JavaThread "Unconstrained build operations Thread 10" [_thread_blocked, id=14612, stack(0x0000008535500000,0x0000008535600000)]
  0x00000194f9a68000 JavaThread "Unconstrained build operations Thread 11" [_thread_blocked, id=2236, stack(0x0000008535600000,0x0000008535700000)]
  0x00000194f9a6f800 JavaThread "Unconstrained build operations Thread 12" [_thread_blocked, id=8876, stack(0x0000008535700000,0x0000008535800000)]
  0x00000194f9a6e800 JavaThread "Unconstrained build operations Thread 13" [_thread_blocked, id=13040, stack(0x0000008535800000,0x0000008535900000)]
  0x00000194f9a74800 JavaThread "Unconstrained build operations Thread 14" [_thread_blocked, id=7708, stack(0x0000008535900000,0x0000008535a00000)]
  0x00000194f9a75000 JavaThread "Unconstrained build operations Thread 15" [_thread_blocked, id=14852, stack(0x0000008535a00000,0x0000008535b00000)]
  0x00000194f9a76000 JavaThread "Unconstrained build operations Thread 16" [_thread_blocked, id=772, stack(0x0000008535b00000,0x0000008535c00000)]
  0x00000194f9a72800 JavaThread "Unconstrained build operations Thread 17" [_thread_blocked, id=7512, stack(0x0000008535c00000,0x0000008535d00000)]
  0x00000194f9a73800 JavaThread "Unconstrained build operations Thread 18" [_thread_blocked, id=15804, stack(0x0000008535d00000,0x0000008535e00000)]
  0x00000194f9a70000 JavaThread "Unconstrained build operations Thread 19" [_thread_blocked, id=8116, stack(0x0000008535e00000,0x0000008535f00000)]
  0x00000194f9a76800 JavaThread "Unconstrained build operations Thread 20" [_thread_blocked, id=13424, stack(0x0000008535f00000,0x0000008536000000)]
  0x00000194f9a71000 JavaThread "Unconstrained build operations Thread 21" [_thread_blocked, id=8204, stack(0x0000008536000000,0x0000008536100000)]
  0x00000194f9a72000 JavaThread "Unconstrained build operations Thread 22" [_thread_blocked, id=4128, stack(0x0000008536100000,0x0000008536200000)]
  0x00000194f8f2c000 JavaThread "Unconstrained build operations Thread 23" [_thread_blocked, id=12604, stack(0x0000008536200000,0x0000008536300000)]
  0x00000194f8f2d000 JavaThread "Unconstrained build operations Thread 24" [_thread_blocked, id=1448, stack(0x0000008536300000,0x0000008536400000)]
  0x00000194f8f2e800 JavaThread "Unconstrained build operations Thread 25" [_thread_blocked, id=4292, stack(0x0000008536400000,0x0000008536500000)]
  0x00000194f8f2d800 JavaThread "Unconstrained build operations Thread 26" [_thread_blocked, id=15260, stack(0x0000008536500000,0x0000008536600000)]
  0x00000194f8f2f800 JavaThread "Unconstrained build operations Thread 27" [_thread_blocked, id=2716, stack(0x0000008536600000,0x0000008536700000)]
  0x00000194f8f30000 JavaThread "Unconstrained build operations Thread 28" [_thread_blocked, id=14732, stack(0x0000008536700000,0x0000008536800000)]
  0x00000194f8f31000 JavaThread "Unconstrained build operations Thread 29" [_thread_blocked, id=13968, stack(0x0000008536800000,0x0000008536900000)]
  0x00000194f8f2b000 JavaThread "Unconstrained build operations Thread 30" [_thread_blocked, id=9112, stack(0x0000008536900000,0x0000008536a00000)]
  0x00000194f8f31800 JavaThread "Unconstrained build operations Thread 31" [_thread_blocked, id=9080, stack(0x0000008536a00000,0x0000008536b00000)]
  0x00000194f8f33800 JavaThread "Unconstrained build operations Thread 32" [_thread_blocked, id=9008, stack(0x0000008536b00000,0x0000008536c00000)]
  0x00000194f8f37800 JavaThread "Unconstrained build operations Thread 33" [_thread_blocked, id=5448, stack(0x0000008536c00000,0x0000008536d00000)]
  0x00000194f8f32800 JavaThread "build event listener" [_thread_blocked, id=5076, stack(0x0000008536d00000,0x0000008536e00000)]
  0x00000194f8f36000 JavaThread "Memory manager" [_thread_blocked, id=1196, stack(0x0000008536f00000,0x0000008537000000)]
=>0x0000019480254800 JavaThread "C2 CompilerThread1" daemon [_thread_in_native, id=12508, stack(0x0000008536e00000,0x0000008536f00000)]

Other Threads:
  0x00000194f813b000 VMThread "VM Thread" [stack: 0x0000008532100000,0x0000008532200000] [id=10196]
  0x00000194f8c3e800 WatcherThread [stack: 0x0000008532b00000,0x0000008532c00000] [id=12852]
  0x00000194d9d52800 GCTaskThread "GC Thread#0" [stack: 0x0000008531c00000,0x0000008531d00000] [id=11560]
  0x00000194f8e9e000 GCTaskThread "GC Thread#1" [stack: 0x0000008532e00000,0x0000008532f00000] [id=14484]
  0x00000194f905d800 GCTaskThread "GC Thread#2" [stack: 0x0000008532f00000,0x0000008533000000] [id=11008]
  0x00000194f9fa9800 GCTaskThread "GC Thread#3" [stack: 0x0000008532d00000,0x0000008532e00000] [id=3380]
  0x00000194d9d82800 ConcurrentGCThread "G1 Main Marker" [stack: 0x0000008531d00000,0x0000008531e00000] [id=10548]
  0x00000194d9d84000 ConcurrentGCThread "G1 Conc#0" [stack: 0x0000008531e00000,0x0000008531f00000] [id=13908]
  0x00000194d9e08000 ConcurrentGCThread "G1 Refine#0" [stack: 0x0000008531f00000,0x0000008532000000] [id=1220]
  0x00000194f7fb0800 ConcurrentGCThread "G1 Young RemSet Sampling" [stack: 0x0000008532000000,0x0000008532100000] [id=7116]

Threads with active compile tasks:
C2 CompilerThread05927       4       java.net.URLClassLoader$1::run (5 bytes)
C2 CompilerThread15926       4       jdk.internal.loader.URLClassPath::getResource (74 bytes)

VM state:not at safepoint (normal execution)

VM Mutex/Monitor currently owned by a thread: None

Heap address: 0x0000000080000000, size: 2048 MB, Compressed Oops mode: 32-bit
Narrow klass base: 0x0000000000000000, Narrow klass shift: 3
Compressed class space size: 528482304 Address: 0x0000000100000000

Heap:
 garbage-first heap   total 131072K, used 65835K [0x0000000080000000, 0x0000000100000000)
  region size 1024K, 26 young (26624K), 4 survivors (4096K)
 Metaspace       used 63670K, capacity 65401K, committed 65536K, reserved 573440K
  class space    used 8372K, capacity 9075K, committed 9088K, reserved 516096K
Heap Regions: E=young(eden), S=young(survivor), O=old, HS=humongous(starts), HC=humongous(continues), CS=collection set, F=free, A=archive, TAMS=top-at-mark-start (previous, next)
|   0|0x0000000080000000, 0x0000000080100000, 0x0000000080100000|100%|HS|  |TAMS 0x0000000080100000, 0x0000000080000000| Complete 
|   1|0x0000000080100000, 0x0000000080200000, 0x0000000080200000|100%|HC|  |TAMS 0x0000000080200000, 0x0000000080100000| Complete 
|   2|0x0000000080200000, 0x0000000080300000, 0x0000000080300000|100%|HC|  |TAMS 0x0000000080300000, 0x0000000080200000| Complete 
|   3|0x0000000080300000, 0x0000000080400000, 0x0000000080400000|100%| O|  |TAMS 0x0000000080400000, 0x0000000080300000| Untracked 
|   4|0x0000000080400000, 0x0000000080500000, 0x0000000080500000|100%| O|  |TAMS 0x0000000080500000, 0x0000000080400000| Untracked 
|   5|0x0000000080500000, 0x0000000080600000, 0x0000000080600000|100%| O|  |TAMS 0x0000000080600000, 0x0000000080500000| Untracked 
|   6|0x0000000080600000, 0x0000000080700000, 0x0000000080700000|100%| O|  |TAMS 0x0000000080700000, 0x0000000080600000| Untracked 
|   7|0x0000000080700000, 0x0000000080800000, 0x0000000080800000|100%| O|  |TAMS 0x0000000080800000, 0x0000000080700000| Untracked 
|   8|0x0000000080800000, 0x0000000080900000, 0x0000000080900000|100%| O|  |TAMS 0x0000000080900000, 0x0000000080800000| Untracked 
|   9|0x0000000080900000, 0x0000000080a00000, 0x0000000080a00000|100%| O|  |TAMS 0x0000000080a00000, 0x0000000080900000| Untracked 
|  10|0x0000000080a00000, 0x0000000080b00000, 0x0000000080b00000|100%| O|  |TAMS 0x0000000080b00000, 0x0000000080a00000| Untracked 
|  11|0x0000000080b00000, 0x0000000080c00000, 0x0000000080c00000|100%| O|  |TAMS 0x0000000080c00000, 0x0000000080b00000| Untracked 
|  12|0x0000000080c00000, 0x0000000080d00000, 0x0000000080d00000|100%| O|  |TAMS 0x0000000080d00000, 0x0000000080c00000| Untracked 
|  13|0x0000000080d00000, 0x0000000080e00000, 0x0000000080e00000|100%| O|  |TAMS 0x0000000080e00000, 0x0000000080d00000| Untracked 
|  14|0x0000000080e00000, 0x0000000080f00000, 0x0000000080f00000|100%| O|  |TAMS 0x0000000080f00000, 0x0000000080e00000| Untracked 
|  15|0x0000000080f00000, 0x0000000081000000, 0x0000000081000000|100%| O|  |TAMS 0x0000000081000000, 0x0000000080f00000| Untracked 
|  16|0x0000000081000000, 0x0000000081100000, 0x0000000081100000|100%| O|  |TAMS 0x0000000081100000, 0x0000000081000000| Untracked 
|  17|0x0000000081100000, 0x0000000081200000, 0x0000000081200000|100%|HS|  |TAMS 0x0000000081200000, 0x0000000081100000| Complete 
|  18|0x0000000081200000, 0x0000000081300000, 0x0000000081300000|100%| O|  |TAMS 0x0000000081300000, 0x0000000081200000| Untracked 
|  19|0x0000000081300000, 0x0000000081400000, 0x0000000081400000|100%| O|  |TAMS 0x0000000081400000, 0x0000000081300000| Untracked 
|  20|0x0000000081400000, 0x0000000081500000, 0x0000000081500000|100%| O|  |TAMS 0x0000000081500000, 0x0000000081400000| Untracked 
|  21|0x0000000081500000, 0x0000000081600000, 0x0000000081600000|100%| O|  |TAMS 0x0000000081600000, 0x0000000081500000| Untracked 
|  22|0x0000000081600000, 0x0000000081700000, 0x0000000081700000|100%| O|  |TAMS 0x0000000081700000, 0x0000000081600000| Untracked 
|  23|0x0000000081700000, 0x0000000081800000, 0x0000000081800000|100%| O|  |TAMS 0x0000000081800000, 0x0000000081700000| Untracked 
|  24|0x0000000081800000, 0x0000000081900000, 0x0000000081900000|100%| O|  |TAMS 0x0000000081900000, 0x0000000081800000| Untracked 
|  25|0x0000000081900000, 0x0000000081a00000, 0x0000000081a00000|100%| O|  |TAMS 0x0000000081a00000, 0x0000000081900000| Untracked 
|  26|0x0000000081a00000, 0x0000000081b00000, 0x0000000081b00000|100%| O|  |TAMS 0x0000000081b00000, 0x0000000081a00000| Untracked 
|  27|0x0000000081b00000, 0x0000000081c00000, 0x0000000081c00000|100%| O|  |TAMS 0x0000000081c00000, 0x0000000081b00000| Untracked 
|  28|0x0000000081c00000, 0x0000000081d00000, 0x0000000081d00000|100%| O|  |TAMS 0x0000000081d00000, 0x0000000081c00000| Untracked 
|  29|0x0000000081d00000, 0x0000000081e00000, 0x0000000081e00000|100%|HS|  |TAMS 0x0000000081e00000, 0x0000000081d00000| Complete 
|  30|0x0000000081e00000, 0x0000000081f00000, 0x0000000081f00000|100%|HC|  |TAMS 0x0000000081f00000, 0x0000000081e00000| Complete 
|  31|0x0000000081f00000, 0x0000000082000000, 0x0000000082000000|100%|HC|  |TAMS 0x0000000082000000, 0x0000000081f00000| Complete 
|  32|0x0000000082000000, 0x0000000082100000, 0x0000000082100000|100%| O|  |TAMS 0x0000000082100000, 0x0000000082000000| Untracked 
|  33|0x0000000082100000, 0x0000000082200000, 0x0000000082200000|100%| O|  |TAMS 0x0000000082200000, 0x0000000082100000| Untracked 
|  34|0x0000000082200000, 0x0000000082300000, 0x0000000082300000|100%| O|  |TAMS 0x0000000082300000, 0x0000000082200000| Untracked 
|  35|0x0000000082300000, 0x0000000082400000, 0x0000000082400000|100%| O|  |TAMS 0x0000000082400000, 0x0000000082300000| Untracked 
|  36|0x0000000082400000, 0x0000000082500000, 0x0000000082500000|100%| O|  |TAMS 0x0000000082500000, 0x0000000082400000| Untracked 
|  37|0x0000000082500000, 0x0000000082600000, 0x0000000082600000|100%| O|  |TAMS 0x0000000082600000, 0x0000000082500000| Untracked 
|  38|0x0000000082600000, 0x0000000082700000, 0x0000000082700000|100%| O|  |TAMS 0x0000000082700000, 0x0000000082600000| Untracked 
|  39|0x0000000082700000, 0x00000000827c0200, 0x0000000082800000| 75%| O|  |TAMS 0x00000000827c0200, 0x0000000082700000| Untracked 
|  40|0x0000000082800000, 0x0000000082800000, 0x0000000082900000|  0%| F|  |TAMS 0x0000000082800000, 0x0000000082800000| Untracked 
|  41|0x0000000082900000, 0x0000000082900000, 0x0000000082a00000|  0%| F|  |TAMS 0x0000000082900000, 0x0000000082900000| Untracked 
|  42|0x0000000082a00000, 0x0000000082a00000, 0x0000000082b00000|  0%| F|  |TAMS 0x0000000082a00000, 0x0000000082a00000| Untracked 
|  43|0x0000000082b00000, 0x0000000082b00000, 0x0000000082c00000|  0%| F|  |TAMS 0x0000000082b00000, 0x0000000082b00000| Untracked 
|  44|0x0000000082c00000, 0x0000000082c00000, 0x0000000082d00000|  0%| F|  |TAMS 0x0000000082c00000, 0x0000000082c00000| Untracked 
|  45|0x0000000082d00000, 0x0000000082d00000, 0x0000000082e00000|  0%| F|  |TAMS 0x0000000082d00000, 0x0000000082d00000| Untracked 
|  46|0x0000000082e00000, 0x0000000082e00000, 0x0000000082f00000|  0%| F|  |TAMS 0x0000000082e00000, 0x0000000082e00000| Untracked 
|  47|0x0000000082f00000, 0x0000000082f00000, 0x0000000083000000|  0%| F|  |TAMS 0x0000000082f00000, 0x0000000082f00000| Untracked 
|  48|0x0000000083000000, 0x0000000083000000, 0x0000000083100000|  0%| F|  |TAMS 0x0000000083000000, 0x0000000083000000| Untracked 
|  49|0x0000000083100000, 0x0000000083100000, 0x0000000083200000|  0%| F|  |TAMS 0x0000000083100000, 0x0000000083100000| Untracked 
|  50|0x0000000083200000, 0x0000000083200000, 0x0000000083300000|  0%| F|  |TAMS 0x0000000083200000, 0x0000000083200000| Untracked 
|  51|0x0000000083300000, 0x0000000083300000, 0x0000000083400000|  0%| F|  |TAMS 0x0000000083300000, 0x0000000083300000| Untracked 
|  52|0x0000000083400000, 0x0000000083400000, 0x0000000083500000|  0%| F|  |TAMS 0x0000000083400000, 0x0000000083400000| Untracked 
|  53|0x0000000083500000, 0x0000000083500000, 0x0000000083600000|  0%| F|  |TAMS 0x0000000083500000, 0x0000000083500000| Untracked 
|  54|0x0000000083600000, 0x0000000083600000, 0x0000000083700000|  0%| F|  |TAMS 0x0000000083600000, 0x0000000083600000| Untracked 
|  55|0x0000000083700000, 0x0000000083700000, 0x0000000083800000|  0%| F|  |TAMS 0x0000000083700000, 0x0000000083700000| Untracked 
|  56|0x0000000083800000, 0x0000000083800000, 0x0000000083900000|  0%| F|  |TAMS 0x0000000083800000, 0x0000000083800000| Untracked 
|  57|0x0000000083900000, 0x0000000083900000, 0x0000000083a00000|  0%| F|  |TAMS 0x0000000083900000, 0x0000000083900000| Untracked 
|  58|0x0000000083a00000, 0x0000000083a00000, 0x0000000083b00000|  0%| F|  |TAMS 0x0000000083a00000, 0x0000000083a00000| Untracked 
|  59|0x0000000083b00000, 0x0000000083b00000, 0x0000000083c00000|  0%| F|  |TAMS 0x0000000083b00000, 0x0000000083b00000| Untracked 
|  60|0x0000000083c00000, 0x0000000083c00000, 0x0000000083d00000|  0%| F|  |TAMS 0x0000000083c00000, 0x0000000083c00000| Untracked 
|  61|0x0000000083d00000, 0x0000000083d00000, 0x0000000083e00000|  0%| F|  |TAMS 0x0000000083d00000, 0x0000000083d00000| Untracked 
|  62|0x0000000083e00000, 0x0000000083e00000, 0x0000000083f00000|  0%| F|  |TAMS 0x0000000083e00000, 0x0000000083e00000| Untracked 
|  63|0x0000000083f00000, 0x0000000083f8aaa0, 0x0000000084000000| 54%| S|CS|TAMS 0x0000000083f00000, 0x0000000083f00000| Complete 
|  64|0x0000000084000000, 0x0000000084100000, 0x0000000084100000|100%| S|CS|TAMS 0x0000000084000000, 0x0000000084000000| Complete 
|  65|0x0000000084100000, 0x0000000084200000, 0x0000000084200000|100%| S|CS|TAMS 0x0000000084100000, 0x0000000084100000| Complete 
|  66|0x0000000084200000, 0x0000000084300000, 0x0000000084300000|100%| S|CS|TAMS 0x0000000084200000, 0x0000000084200000| Complete 
|  67|0x0000000084300000, 0x0000000084300000, 0x0000000084400000|  0%| F|  |TAMS 0x0000000084300000, 0x0000000084300000| Untracked 
|  68|0x0000000084400000, 0x0000000084400000, 0x0000000084500000|  0%| F|  |TAMS 0x0000000084400000, 0x0000000084400000| Untracked 
|  69|0x0000000084500000, 0x0000000084500000, 0x0000000084600000|  0%| F|  |TAMS 0x0000000084500000, 0x0000000084500000| Untracked 
|  70|0x0000000084600000, 0x0000000084600000, 0x0000000084700000|  0%| F|  |TAMS 0x0000000084600000, 0x0000000084600000| Untracked 
|  71|0x0000000084700000, 0x0000000084700000, 0x0000000084800000|  0%| F|  |TAMS 0x0000000084700000, 0x0000000084700000| Untracked 
|  72|0x0000000084800000, 0x0000000084800000, 0x0000000084900000|  0%| F|  |TAMS 0x0000000084800000, 0x0000000084800000| Untracked 
|  73|0x0000000084900000, 0x0000000084900000, 0x0000000084a00000|  0%| F|  |TAMS 0x0000000084900000, 0x0000000084900000| Untracked 
|  74|0x0000000084a00000, 0x0000000084a00000, 0x0000000084b00000|  0%| F|  |TAMS 0x0000000084a00000, 0x0000000084a00000| Untracked 
|  75|0x0000000084b00000, 0x0000000084b00000, 0x0000000084c00000|  0%| F|  |TAMS 0x0000000084b00000, 0x0000000084b00000| Untracked 
|  76|0x0000000084c00000, 0x0000000084c00000, 0x0000000084d00000|  0%| F|  |TAMS 0x0000000084c00000, 0x0000000084c00000| Untracked 
|  77|0x0000000084d00000, 0x0000000084d00000, 0x0000000084e00000|  0%| F|  |TAMS 0x0000000084d00000, 0x0000000084d00000| Untracked 
|  78|0x0000000084e00000, 0x0000000084e00000, 0x0000000084f00000|  0%| F|  |TAMS 0x0000000084e00000, 0x0000000084e00000| Untracked 
|  79|0x0000000084f00000, 0x0000000084f00000, 0x0000000085000000|  0%| F|  |TAMS 0x0000000084f00000, 0x0000000084f00000| Untracked 
|  80|0x0000000085000000, 0x0000000085000000, 0x0000000085100000|  0%| F|  |TAMS 0x0000000085000000, 0x0000000085000000| Untracked 
|  81|0x0000000085100000, 0x0000000085100000, 0x0000000085200000|  0%| F|  |TAMS 0x0000000085100000, 0x0000000085100000| Untracked 
|  82|0x0000000085200000, 0x0000000085200000, 0x0000000085300000|  0%| F|  |TAMS 0x0000000085200000, 0x0000000085200000| Untracked 
|  83|0x0000000085300000, 0x0000000085300000, 0x0000000085400000|  0%| F|  |TAMS 0x0000000085300000, 0x0000000085300000| Untracked 
|  84|0x0000000085400000, 0x0000000085400000, 0x0000000085500000|  0%| F|  |TAMS 0x0000000085400000, 0x0000000085400000| Untracked 
|  85|0x0000000085500000, 0x0000000085500000, 0x0000000085600000|  0%| F|  |TAMS 0x0000000085500000, 0x0000000085500000| Untracked 
|  86|0x0000000085600000, 0x0000000085600000, 0x0000000085700000|  0%| F|  |TAMS 0x0000000085600000, 0x0000000085600000| Untracked 
|  87|0x0000000085700000, 0x0000000085700000, 0x0000000085800000|  0%| F|  |TAMS 0x0000000085700000, 0x0000000085700000| Untracked 
|  88|0x0000000085800000, 0x0000000085800000, 0x0000000085900000|  0%| F|  |TAMS 0x0000000085800000, 0x0000000085800000| Untracked 
|  89|0x0000000085900000, 0x0000000085900000, 0x0000000085a00000|  0%| F|  |TAMS 0x0000000085900000, 0x0000000085900000| Untracked 
|  90|0x0000000085a00000, 0x0000000085a00000, 0x0000000085b00000|  0%| F|  |TAMS 0x0000000085a00000, 0x0000000085a00000| Untracked 
|  91|0x0000000085b00000, 0x0000000085b00000, 0x0000000085c00000|  0%| F|  |TAMS 0x0000000085b00000, 0x0000000085b00000| Untracked 
|  92|0x0000000085c00000, 0x0000000085c00000, 0x0000000085d00000|  0%| F|  |TAMS 0x0000000085c00000, 0x0000000085c00000| Untracked 
|  93|0x0000000085d00000, 0x0000000085d00000, 0x0000000085e00000|  0%| F|  |TAMS 0x0000000085d00000, 0x0000000085d00000| Untracked 
|  94|0x0000000085e00000, 0x0000000085e00000, 0x0000000085f00000|  0%| F|  |TAMS 0x0000000085e00000, 0x0000000085e00000| Untracked 
|  95|0x0000000085f00000, 0x0000000085f00000, 0x0000000086000000|  0%| F|  |TAMS 0x0000000085f00000, 0x0000000085f00000| Untracked 
|  96|0x0000000086000000, 0x0000000086000000, 0x0000000086100000|  0%| F|  |TAMS 0x0000000086000000, 0x0000000086000000| Untracked 
|  97|0x0000000086100000, 0x0000000086100000, 0x0000000086200000|  0%| F|  |TAMS 0x0000000086100000, 0x0000000086100000| Untracked 
|  98|0x0000000086200000, 0x0000000086200000, 0x0000000086300000|  0%| F|  |TAMS 0x0000000086200000, 0x0000000086200000| Untracked 
|  99|0x0000000086300000, 0x0000000086300000, 0x0000000086400000|  0%| F|  |TAMS 0x0000000086300000, 0x0000000086300000| Untracked 
| 100|0x0000000086400000, 0x0000000086400000, 0x0000000086500000|  0%| F|  |TAMS 0x0000000086400000, 0x0000000086400000| Untracked 
| 101|0x0000000086500000, 0x0000000086500000, 0x0000000086600000|  0%| F|  |TAMS 0x0000000086500000, 0x0000000086500000| Untracked 
| 102|0x0000000086600000, 0x0000000086600000, 0x0000000086700000|  0%| F|  |TAMS 0x0000000086600000, 0x0000000086600000| Untracked 
| 103|0x0000000086700000, 0x0000000086700000, 0x0000000086800000|  0%| F|  |TAMS 0x0000000086700000, 0x0000000086700000| Untracked 
| 104|0x0000000086800000, 0x0000000086800000, 0x0000000086900000|  0%| F|  |TAMS 0x0000000086800000, 0x0000000086800000| Untracked 
| 105|0x0000000086900000, 0x0000000086900000, 0x0000000086a00000|  0%| F|  |TAMS 0x0000000086900000, 0x0000000086900000| Untracked 
| 106|0x0000000086a00000, 0x0000000086a80800, 0x0000000086b00000| 50%| E|  |TAMS 0x0000000086a00000, 0x0000000086a00000| Complete 
| 107|0x0000000086b00000, 0x0000000086c00000, 0x0000000086c00000|100%| E|CS|TAMS 0x0000000086b00000, 0x0000000086b00000| Complete 
| 108|0x0000000086c00000, 0x0000000086d00000, 0x0000000086d00000|100%| E|CS|TAMS 0x0000000086c00000, 0x0000000086c00000| Complete 
| 109|0x0000000086d00000, 0x0000000086e00000, 0x0000000086e00000|100%| E|CS|TAMS 0x0000000086d00000, 0x0000000086d00000| Complete 
| 110|0x0000000086e00000, 0x0000000086f00000, 0x0000000086f00000|100%| E|CS|TAMS 0x0000000086e00000, 0x0000000086e00000| Complete 
| 111|0x0000000086f00000, 0x0000000087000000, 0x0000000087000000|100%| E|CS|TAMS 0x0000000086f00000, 0x0000000086f00000| Complete 
| 112|0x0000000087000000, 0x0000000087100000, 0x0000000087100000|100%| E|CS|TAMS 0x0000000087000000, 0x0000000087000000| Complete 
| 113|0x0000000087100000, 0x0000000087200000, 0x0000000087200000|100%| E|CS|TAMS 0x0000000087100000, 0x0000000087100000| Complete 
| 114|0x0000000087200000, 0x0000000087300000, 0x0000000087300000|100%| E|CS|TAMS 0x0000000087200000, 0x0000000087200000| Complete 
| 115|0x0000000087300000, 0x0000000087400000, 0x0000000087400000|100%| E|CS|TAMS 0x0000000087300000, 0x0000000087300000| Complete 
| 116|0x0000000087400000, 0x0000000087500000, 0x0000000087500000|100%| E|CS|TAMS 0x0000000087400000, 0x0000000087400000| Complete 
| 117|0x0000000087500000, 0x0000000087600000, 0x0000000087600000|100%| E|CS|TAMS 0x0000000087500000, 0x0000000087500000| Complete 
| 118|0x0000000087600000, 0x0000000087700000, 0x0000000087700000|100%| E|CS|TAMS 0x0000000087600000, 0x0000000087600000| Complete 
| 119|0x0000000087700000, 0x0000000087800000, 0x0000000087800000|100%| E|CS|TAMS 0x0000000087700000, 0x0000000087700000| Complete 
| 120|0x0000000087800000, 0x0000000087900000, 0x0000000087900000|100%| E|CS|TAMS 0x0000000087800000, 0x0000000087800000| Complete 
| 121|0x0000000087900000, 0x0000000087a00000, 0x0000000087a00000|100%| E|CS|TAMS 0x0000000087900000, 0x0000000087900000| Complete 
| 122|0x0000000087a00000, 0x0000000087b00000, 0x0000000087b00000|100%| E|CS|TAMS 0x0000000087a00000, 0x0000000087a00000| Complete 
| 123|0x0000000087b00000, 0x0000000087c00000, 0x0000000087c00000|100%| E|CS|TAMS 0x0000000087b00000, 0x0000000087b00000| Complete 
| 124|0x0000000087c00000, 0x0000000087d00000, 0x0000000087d00000|100%| E|CS|TAMS 0x0000000087c00000, 0x0000000087c00000| Complete 
| 125|0x0000000087d00000, 0x0000000087e00000, 0x0000000087e00000|100%| E|CS|TAMS 0x0000000087d00000, 0x0000000087d00000| Complete 
| 126|0x0000000087e00000, 0x0000000087f00000, 0x0000000087f00000|100%| E|CS|TAMS 0x0000000087e00000, 0x0000000087e00000| Complete 
| 127|0x0000000087f00000, 0x0000000088000000, 0x0000000088000000|100%| E|CS|TAMS 0x0000000087f00000, 0x0000000087f00000| Complete 

Card table byte_map: [0x00000194f1450000,0x00000194f1850000] _byte_map_base: 0x00000194f1050000

Marking Bits (Prev, Next): (CMBitMap*) 0x00000194d9d79b78, (CMBitMap*) 0x00000194d9d79bb0
 Prev Bits: [0x00000194f1c50000, 0x00000194f3c50000)
 Next Bits: [0x00000194f3c50000, 0x00000194f5c50000)

Polling page: 0x00000194d7ab0000

Metaspace:

Usage:
  Non-class:     55.01 MB capacity,    54.02 MB ( 98%) used,   822.03 KB (  1%) free+waste,   189.44 KB ( <1%) overhead. 
      Class:      8.86 MB capacity,     8.18 MB ( 92%) used,   605.57 KB (  7%) free+waste,    92.19 KB (  1%) overhead. 
       Both:     63.87 MB capacity,    62.20 MB ( 97%) used,     1.39 MB (  2%) free+waste,   281.63 KB ( <1%) overhead. 

Virtual space:
  Non-class space:       56.00 MB reserved,      55.13 MB ( 98%) committed 
      Class space:      504.00 MB reserved,       8.88 MB (  2%) committed 
             Both:      560.00 MB reserved,      64.00 MB ( 11%) committed 

Chunk freelists:
   Non-Class:  7.25 KB
       Class:  1.63 KB
        Both:  8.88 KB

CodeHeap 'non-profiled nmethods': size=120064Kb used=3450Kb max_used=3450Kb free=116613Kb
 bounds [0x00000194e9b10000, 0x00000194e9e70000, 0x00000194f1050000]
CodeHeap 'profiled nmethods': size=120000Kb used=12433Kb max_used=12433Kb free=107566Kb
 bounds [0x00000194e25e0000, 0x00000194e3210000, 0x00000194e9b10000]
CodeHeap 'non-nmethods': size=5696Kb used=2265Kb max_used=2292Kb free=3431Kb
 bounds [0x00000194e2050000, 0x00000194e22c0000, 0x00000194e25e0000]
 total_blobs=8209 nmethods=5697 adapters=766
 compilation: enabled
              stopped_count=0, restarted_count=0
 full_count=0

Compilation events (10 events):
Event: 79.176 Thread 0x00000194f8165000 5955       3       org.gradle.api.internal.DefaultNamedDomainObjectCollection::findByName (61 bytes)
Event: 79.177 Thread 0x00000194f8165000 nmethod 5955 0x00000194e31fac90 code [0x00000194e31faec0, 0x00000194e31fb6e0]
Event: 79.179 Thread 0x00000194f8165000 5956       3       org.gradle.cache.internal.DefaultCrossBuildInMemoryCacheFactory$DefaultClassMap::maybeGetRetainedValue (9 bytes)
Event: 79.180 Thread 0x00000194f8165000 nmethod 5956 0x00000194e31fb910 code [0x00000194e31fbb00, 0x00000194e31fbec0]
Event: 79.181 Thread 0x00000194f8165000 5957       3       org.gradle.internal.instantiation.generator.AbstractClassGenerator$InjectionAnnotationValidator::validateMethod (166 bytes)
Event: 79.184 Thread 0x00000194f8165000 nmethod 5957 0x00000194e31fc010 code [0x00000194e31fc3a0, 0x00000194e31fdcd0]
Event: 79.184 Thread 0x00000194f8165000 5958       3       org.gradle.cache.internal.DefaultCrossBuildInMemoryCacheFactory$DefaultClassMap::retainValue (10 bytes)
Event: 79.185 Thread 0x00000194f8165000 nmethod 5958 0x00000194e31fe390 code [0x00000194e31fe580, 0x00000194e31fe940]
Event: 79.185 Thread 0x00000194f8165000 5959       3       org.gradle.cache.internal.DefaultCrossBuildInMemoryCacheFactory$DefaultClassMap::retainValue (14 bytes)
Event: 79.186 Thread 0x00000194f8165000 nmethod 5959 0x00000194e31fea90 code [0x00000194e31fece0, 0x00000194e31ff6a0]

GC Heap History (10 events):
Event: 53.421 GC heap before
{Heap before GC invocations=11 (full 0):
 garbage-first heap   total 131072K, used 96554K [0x0000000080000000, 0x0000000100000000)
  region size 1024K, 75 young (76800K), 9 survivors (9216K)
 Metaspace       used 45112K, capacity 46310K, committed 46540K, reserved 557056K
  class space    used 5779K, capacity 6288K, committed 6400K, reserved 516096K
}
Event: 53.472 GC heap after
{Heap after GC invocations=12 (full 0):
 garbage-first heap   total 131072K, used 31307K [0x0000000080000000, 0x0000000100000000)
  region size 1024K, 4 young (4096K), 4 survivors (4096K)
 Metaspace       used 45112K, capacity 46310K, committed 46540K, reserved 557056K
  class space    used 5779K, capacity 6288K, committed 6400K, reserved 516096K
}
Event: 62.739 GC heap before
{Heap before GC invocations=12 (full 0):
 garbage-first heap   total 131072K, used 97867K [0x0000000080000000, 0x0000000100000000)
  region size 1024K, 69 young (70656K), 4 survivors (4096K)
 Metaspace       used 49977K, capacity 51281K, committed 51404K, reserved 561152K
  class space    used 6498K, capacity 7047K, committed 7168K, reserved 516096K
}
Event: 62.769 GC heap after
{Heap after GC invocations=13 (full 0):
 garbage-first heap   total 131072K, used 32731K [0x0000000080000000, 0x0000000100000000)
  region size 1024K, 5 young (5120K), 5 survivors (5120K)
 Metaspace       used 49977K, capacity 51281K, committed 51404K, reserved 561152K
  class space    used 6498K, capacity 7047K, committed 7168K, reserved 516096K
}
Event: 74.361 GC heap before
{Heap before GC invocations=13 (full 0):
 garbage-first heap   total 131072K, used 104411K [0x0000000080000000, 0x0000000100000000)
  region size 1024K, 71 young (72704K), 5 survivors (5120K)
 Metaspace       used 55929K, capacity 57447K, committed 57676K, reserved 567296K
  class space    used 7344K, capacity 7975K, committed 8064K, reserved 516096K
}
Event: 74.381 GC heap after
{Heap after GC invocations=14 (full 0):
 garbage-first heap   total 131072K, used 40775K [0x0000000080000000, 0x0000000100000000)
  region size 1024K, 9 young (9216K), 9 survivors (9216K)
 Metaspace       used 55929K, capacity 57447K, committed 57676K, reserved 567296K
  class space    used 7344K, capacity 7975K, committed 8064K, reserved 516096K
}
Event: 76.575 GC heap before
{Heap before GC invocations=14 (full 0):
 garbage-first heap   total 131072K, used 70471K [0x0000000080000000, 0x0000000100000000)
  region size 1024K, 39 young (39936K), 9 survivors (9216K)
 Metaspace       used 58497K, capacity 60118K, committed 60288K, reserved 569344K
  class space    used 7696K, capacity 8371K, committed 8448K, reserved 516096K
}
Event: 76.614 GC heap after
{Heap after GC invocations=15 (full 0):
 garbage-first heap   total 131072K, used 42092K [0x0000000080000000, 0x0000000100000000)
  region size 1024K, 6 young (6144K), 6 survivors (6144K)
 Metaspace       used 58497K, capacity 60118K, committed 60288K, reserved 569344K
  class space    used 7696K, capacity 8371K, committed 8448K, reserved 516096K
}
Event: 78.273 GC heap before
{Heap before GC invocations=16 (full 0):
 garbage-first heap   total 131072K, used 98412K [0x0000000080000000, 0x0000000100000000)
  region size 1024K, 61 young (62464K), 6 survivors (6144K)
 Metaspace       used 62215K, capacity 63836K, committed 64128K, reserved 571392K
  class space    used 8183K, capacity 8860K, committed 8960K, reserved 516096K
}
Event: 78.299 GC heap after
{Heap after GC invocations=17 (full 0):
 garbage-first heap   total 131072K, used 44331K [0x0000000080000000, 0x0000000100000000)
  region size 1024K, 4 young (4096K), 4 survivors (4096K)
 Metaspace       used 62215K, capacity 63836K, committed 64128K, reserved 571392K
  class space    used 8183K, capacity 8860K, committed 8960K, reserved 516096K
}

Deoptimization events (10 events):
Event: 78.605 Thread 0x00000194fb007000 Uncommon trap: reason=class_check action=maybe_recompile pc=0x00000194e9d1a37c method=java.net.URLClassLoader.defineClass(Ljava/lang/String;Ljdk/internal/loader/Resource;)Ljava/lang/Class; @ 13 c2
Event: 78.605 Thread 0x00000194fb007000 Uncommon trap: reason=speculate_class_check action=maybe_recompile pc=0x00000194e9da2de4 method=jdk.internal.loader.Resource.cachedInputStream()Ljava/io/InputStream; @ 9 c2
Event: 78.606 Thread 0x00000194fb007000 Uncommon trap: reason=speculate_class_check action=maybe_recompile pc=0x00000194e9dead34 method=jdk.internal.loader.Resource.getBytes()[B @ 10 c2
Event: 78.612 Thread 0x00000194fb007000 Uncommon trap: reason=class_check action=maybe_recompile pc=0x00000194e9d27fe8 method=java.net.URLClassLoader.defineClass(Ljava/lang/String;Ljdk/internal/loader/Resource;)Ljava/lang/Class; @ 13 c2
Event: 78.660 Thread 0x00000194fb007000 Uncommon trap: reason=unstable_if action=reinterpret pc=0x00000194e9df1964 method=java.util.HashMap.getNode(ILjava/lang/Object;)Ljava/util/HashMap$Node; @ 84 c2
Event: 78.660 Thread 0x00000194fb007000 Uncommon trap: reason=unstable_if action=reinterpret pc=0x00000194e9e04d84 method=java.util.HashMap.putVal(ILjava/lang/Object;Ljava/lang/Object;ZZ)Ljava/lang/Object; @ 109 c2
Event: 78.662 Thread 0x00000194fb007000 Uncommon trap: reason=unstable_if action=reinterpret pc=0x00000194e9b7923c method=java.util.HashMap.resize()[Ljava/util/HashMap$Node; @ 203 c2
Event: 78.670 Thread 0x00000194fb007000 Uncommon trap: reason=unstable_if action=reinterpret pc=0x00000194e9e29940 method=java.util.HashMap.getNode(ILjava/lang/Object;)Ljava/util/HashMap$Node; @ 84 c2
Event: 78.670 Thread 0x00000194fb007000 Uncommon trap: reason=unstable_if action=reinterpret pc=0x00000194e9e0f35c method=java.util.HashMap.getNode(ILjava/lang/Object;)Ljava/util/HashMap$Node; @ 84 c2
Event: 78.945 Thread 0x00000194fb007000 Uncommon trap: reason=unstable_if action=reinterpret pc=0x00000194e9df420c method=java.util.HashMap.putVal(ILjava/lang/Object;Ljava/lang/Object;ZZ)Ljava/lang/Object; @ 109 c2

Classes redefined (0 events):
No events

Internal exceptions (10 events):
Event: 76.382 Thread 0x00000194fb007000 Exception <a 'java/lang/ClassNotFoundException'{0x0000000086761678}: org/jetbrains/kotlin/gradle/targets/js/npm/NpmDependencyExtensionKt$defaultNpmDependencyDelegate$1BeanInfo> (0x0000000086761678) thrown at [t:/workspace/open/src/hotspot/share/classfile/
Event: 76.383 Thread 0x00000194fb007000 Exception <a 'java/lang/ClassNotFoundException'{0x0000000086770120}: org/jetbrains/kotlin/gradle/targets/js/npm/NpmDependencyExtensionDelegateBeanInfo> (0x0000000086770120) thrown at [t:/workspace/open/src/hotspot/share/classfile/systemDictionary.cpp, lin
Event: 76.383 Thread 0x00000194fb007000 Exception <a 'java/lang/ClassNotFoundException'{0x000000008677f258}: org/jetbrains/kotlin/gradle/targets/js/npm/NpmDependencyExtensionDelegateCustomizer> (0x000000008677f258) thrown at [t:/workspace/open/src/hotspot/share/classfile/systemDictionary.cpp, l
Event: 76.391 Thread 0x00000194fb007000 Exception <a 'java/lang/ClassNotFoundException'{0x00000000867a6648}: org/jetbrains/kotlin/gradle/targets/js/npm/NpmDependencyExtensionKt$defaultNpmDependencyDelegate$1Customizer> (0x00000000867a6648) thrown at [t:/workspace/open/src/hotspot/share/classfil
Event: 76.397 Thread 0x00000194fb007000 Exception <a 'java/lang/ClassNotFoundException'{0x00000000867eb3e8}: org/jetbrains/kotlin/gradle/targets/js/npm/DefaultDevNpmDependencyExtensionBeanInfo> (0x00000000867eb3e8) thrown at [t:/workspace/open/src/hotspot/share/classfile/systemDictionary.cpp, l
Event: 76.398 Thread 0x00000194fb007000 Exception <a 'java/lang/ClassNotFoundException'{0x00000000867f9290}: org/jetbrains/kotlin/gradle/targets/js/npm/DefaultDevNpmDependencyExtensionCustomizer> (0x00000000867f9290) thrown at [t:/workspace/open/src/hotspot/share/classfile/systemDictionary.cpp,
Event: 76.408 Thread 0x00000194fb007000 Exception <a 'java/lang/ClassNotFoundException'{0x0000000086641738}: org/jetbrains/kotlin/gradle/targets/js/npm/DefaultPeerNpmDependencyExtensionBeanInfo> (0x0000000086641738) thrown at [t:/workspace/open/src/hotspot/share/classfile/systemDictionary.cpp, 
Event: 76.409 Thread 0x00000194fb007000 Exception <a 'java/lang/ClassNotFoundException'{0x000000008664f5f0}: org/jetbrains/kotlin/gradle/targets/js/npm/DefaultPeerNpmDependencyExtensionCustomizer> (0x000000008664f5f0) thrown at [t:/workspace/open/src/hotspot/share/classfile/systemDictionary.cpp
Event: 76.417 Thread 0x00000194fb007000 Exception <a 'java/lang/ClassNotFoundException'{0x000000008669fad0}: org/jetbrains/kotlin/gradle/targets/js/npm/DefaultPeerNpmDependencyExtension$delegate$1BeanInfo> (0x000000008669fad0) thrown at [t:/workspace/open/src/hotspot/share/classfile/systemDicti
Event: 76.419 Thread 0x00000194fb007000 Exception <a 'java/lang/ClassNotFoundException'{0x00000000866ae158}: org/jetbrains/kotlin/gradle/targets/js/npm/DefaultPeerNpmDependencyExtension$delegate$1Customizer> (0x00000000866ae158) thrown at [t:/workspace/open/src/hotspot/share/classfile/systemDic

Events (10 events):
Event: 79.224 loading class org/gradle/api/internal/plugins/DefaultAppliedPlugin
Event: 79.224 loading class org/gradle/api/internal/plugins/DefaultAppliedPlugin done
Event: 79.225 loading class org/gradle/api/plugins/AppliedPlugin
Event: 79.225 loading class org/gradle/api/plugins/AppliedPlugin done
Event: 79.225 loading class org/jetbrains/kotlin/gradle/plugin/Kotlin2JvmSourceSetProcessor$doTargetSpecificProcessing$2$2$1
Event: 79.225 loading class org/jetbrains/kotlin/gradle/plugin/Kotlin2JvmSourceSetProcessor$doTargetSpecificProcessing$2$2$1 done
Event: 79.226 loading class org/gradle/api/artifacts/ConfigurationPublications
Event: 79.226 loading class org/gradle/api/artifacts/ConfigurationPublications done
Event: 79.227 loading class org/gradle/api/artifacts/ConfigurationVariant
Event: 79.227 loading class org/gradle/api/artifacts/ConfigurationVariant done


Dynamic libraries:
0x00007ff6b1010000 - 0x00007ff6b1055000 	C:\Users\ARMemon\AppData\Local\jdk-11.0.2\bin\java.exe
0x00007ff850ea0000 - 0x00007ff851090000 	C:\WINDOWS\SYSTEM32\ntdll.dll
0x00007ff84f7c0000 - 0x00007ff84f872000 	C:\WINDOWS\System32\KERNEL32.DLL
0x00007ff84de40000 - 0x00007ff84e0e5000 	C:\WINDOWS\System32\KERNELBASE.dll
0x00007ff84f180000 - 0x00007ff84f314000 	C:\WINDOWS\System32\USER32.dll
0x00007ff84de10000 - 0x00007ff84de31000 	C:\WINDOWS\System32\win32u.dll
0x00007ff84f790000 - 0x00007ff84f7b6000 	C:\WINDOWS\System32\GDI32.dll
0x00007ff84eb00000 - 0x00007ff84ec98000 	C:\WINDOWS\System32\gdi32full.dll
0x00007ff84e250000 - 0x00007ff84e2ee000 	C:\WINDOWS\System32\msvcp_win.dll
0x00007ff84e150000 - 0x00007ff84e24a000 	C:\WINDOWS\System32\ucrtbase.dll
0x00007ff83e8a0000 - 0x00007ff83eb24000 	C:\WINDOWS\WinSxS\amd64_microsoft.windows.common-controls_6595b64144ccf1df_6.0.18362.1440_none_9e7dbfb9e45e8e67\COMCTL32.dll
0x00007ff84f9c0000 - 0x00007ff84fa5e000 	C:\WINDOWS\System32\msvcrt.dll
0x00007ff84ff70000 - 0x00007ff8502a6000 	C:\WINDOWS\System32\combase.dll
0x00007ff84f060000 - 0x00007ff84f17f000 	C:\WINDOWS\System32\RPCRT4.dll
0x00007ff84e2f0000 - 0x00007ff84e371000 	C:\WINDOWS\System32\bcryptPrimitives.dll
0x00007ff850e30000 - 0x00007ff850e5e000 	C:\WINDOWS\System32\IMM32.DLL
0x00007ff84a280000 - 0x00007ff84a296000 	C:\Users\ARMemon\AppData\Local\jdk-11.0.2\bin\vcruntime140.dll
0x00007ff81aba0000 - 0x00007ff81ac4a000 	C:\Users\ARMemon\AppData\Local\jdk-11.0.2\bin\msvcp140.dll
0x00007fffd3b90000 - 0x00007fffd46b3000 	C:\Users\ARMemon\AppData\Local\jdk-11.0.2\bin\server\jvm.dll
0x00007ff850d80000 - 0x00007ff850e23000 	C:\WINDOWS\System32\ADVAPI32.dll
0x00007ff84fc40000 - 0x00007ff84fcd7000 	C:\WINDOWS\System32\sechost.dll
0x00007ff84fb80000 - 0x00007ff84fb88000 	C:\WINDOWS\System32\PSAPI.DLL
0x00007ff84a470000 - 0x00007ff84a479000 	C:\WINDOWS\SYSTEM32\WSOCK32.dll
0x00007ff84fb10000 - 0x00007ff84fb7f000 	C:\WINDOWS\System32\WS2_32.dll
0x00007ff83ec50000 - 0x00007ff83ec5a000 	C:\WINDOWS\SYSTEM32\VERSION.dll
0x00007ff84b910000 - 0x00007ff84b934000 	C:\WINDOWS\SYSTEM32\WINMM.dll
0x00007ff84b8e0000 - 0x00007ff84b90d000 	C:\WINDOWS\SYSTEM32\WINMMBASE.dll
0x00007ff84eee0000 - 0x00007ff84ef2a000 	C:\WINDOWS\System32\cfgmgr32.dll
0x00007ff84ddf0000 - 0x00007ff84de01000 	C:\WINDOWS\System32\kernel.appcore.dll
0x00007ff845280000 - 0x00007ff845291000 	C:\Users\ARMemon\AppData\Local\jdk-11.0.2\bin\verify.dll
0x00007ff84c5d0000 - 0x00007ff84c7c4000 	C:\WINDOWS\SYSTEM32\DBGHELP.DLL
0x00007ff83dde0000 - 0x00007ff83de0a000 	C:\WINDOWS\SYSTEM32\dbgcore.DLL
0x00007ff844790000 - 0x00007ff8447b8000 	C:\Users\ARMemon\AppData\Local\jdk-11.0.2\bin\java.dll
0x00007ff845260000 - 0x00007ff845276000 	C:\Users\ARMemon\AppData\Local\jdk-11.0.2\bin\zip.dll
0x00007ff84a040000 - 0x00007ff84a04a000 	C:\Users\ARMemon\AppData\Local\jdk-11.0.2\bin\jimage.dll
0x00007ff8504e0000 - 0x00007ff850bc8000 	C:\WINDOWS\System32\SHELL32.dll
0x00007ff84fa60000 - 0x00007ff84fb07000 	C:\WINDOWS\System32\shcore.dll
0x00007ff84e380000 - 0x00007ff84eafb000 	C:\WINDOWS\System32\windows.storage.dll
0x00007ff84ddd0000 - 0x00007ff84ddee000 	C:\WINDOWS\System32\profapi.dll
0x00007ff84dd80000 - 0x00007ff84ddca000 	C:\WINDOWS\System32\powrprof.dll
0x00007ff84dd50000 - 0x00007ff84dd60000 	C:\WINDOWS\System32\UMPDC.dll
0x00007ff84ef80000 - 0x00007ff84efd2000 	C:\WINDOWS\System32\shlwapi.dll
0x00007ff84ef30000 - 0x00007ff84ef47000 	C:\WINDOWS\System32\cryptsp.dll
0x00007ff844770000 - 0x00007ff844789000 	C:\Users\ARMemon\AppData\Local\jdk-11.0.2\bin\net.dll
0x00007ff844e50000 - 0x00007ff844f4a000 	C:\WINDOWS\SYSTEM32\WINHTTP.dll
0x00007ff83f5f0000 - 0x00007ff83f7c7000 	C:\WINDOWS\SYSTEM32\urlmon.dll
0x00007ff83f2e0000 - 0x00007ff83f587000 	C:\WINDOWS\SYSTEM32\iertutil.dll
0x00007ff84d700000 - 0x00007ff84d70c000 	C:\WINDOWS\SYSTEM32\CRYPTBASE.DLL
0x00007ff84d530000 - 0x00007ff84d597000 	C:\WINDOWS\system32\mswsock.dll
0x00007ff840400000 - 0x00007ff840413000 	C:\Users\ARMemon\AppData\Local\jdk-11.0.2\bin\nio.dll
0x00007ff840310000 - 0x00007ff840337000 	C:\Users\ARMemon\.gradle\native\e1d6ef7f7dcc3fd88c89a11ec53ec762bb8ba0a96d01ffa2cd45eb1d1d8dd5c5\windows-amd64\native-platform.dll
0x00007ff8190b0000 - 0x00007ff8191f4000 	C:\Users\ARMemon\.gradle\native\0d407fdbe67a94daf76414ababcb853783967236a71b16ec16e742cd7a986fd3\windows-amd64\native-platform-file-events.dll
0x00007ff844920000 - 0x00007ff844929000 	C:\Users\ARMemon\AppData\Local\jdk-11.0.2\bin\management.dll
0x00007ff8448d0000 - 0x00007ff8448dc000 	C:\Users\ARMemon\AppData\Local\jdk-11.0.2\bin\management_ext.dll
0x00007ff84d0b0000 - 0x00007ff84d0e3000 	C:\WINDOWS\system32\rsaenh.dll
0x00007ff84eeb0000 - 0x00007ff84eed6000 	C:\WINDOWS\System32\bcrypt.dll
0x00007ff84dc70000 - 0x00007ff84dc95000 	C:\WINDOWS\SYSTEM32\USERENV.dll
0x00007ff84d240000 - 0x00007ff84d27a000 	C:\WINDOWS\SYSTEM32\IPHLPAPI.DLL
0x00007ff84f050000 - 0x00007ff84f058000 	C:\WINDOWS\System32\NSI.dll
0x00007ff841a80000 - 0x00007ff841a96000 	C:\WINDOWS\SYSTEM32\dhcpcsvc6.DLL
0x00007ff8417c0000 - 0x00007ff8417dc000 	C:\WINDOWS\SYSTEM32\dhcpcsvc.DLL
0x00007ff84d280000 - 0x00007ff84d34b000 	C:\WINDOWS\SYSTEM32\DNSAPI.dll

dbghelp: loaded successfully - version: 4.0.5 - missing functions: none
symbol engine: initialized successfully - sym options: 0x614 - pdb path: .;C:\Users\ARMemon\AppData\Local\jdk-11.0.2\bin;C:\WINDOWS\SYSTEM32;C:\WINDOWS\WinSxS\amd64_microsoft.windows.common-controls_6595b64144ccf1df_6.0.18362.1440_none_9e7dbfb9e45e8e67;C:\Users\ARMemon\AppData\Local\jdk-11.0.2\bin\server;C:\Users\ARMemon\.gradle\native\e1d6ef7f7dcc3fd88c89a11ec53ec762bb8ba0a96d01ffa2cd45eb1d1d8dd5c5\windows-amd64;C:\Users\ARMemon\.gradle\native\0d407fdbe67a94daf76414ababcb853783967236a71b16ec16e742cd7a986fd3\windows-amd64

VM Arguments:
jvm_args: -XX:MaxMetaspaceSize=512m --add-opens=java.base/java.util=ALL-UNNAMED --add-opens=java.base/java.lang=ALL-UNNAMED --add-opens=java.base/java.lang.invoke=ALL-UNNAMED --add-opens=java.base/java.util=ALL-UNNAMED --add-opens=java.prefs/java.util.prefs=ALL-UNNAMED --add-opens=java.prefs/java.util.prefs=ALL-UNNAMED --add-opens=java.base/java.nio.charset=ALL-UNNAMED --add-opens=java.base/java.net=ALL-UNNAMED --add-opens=java.base/java.util.concurrent.atomic=ALL-UNNAMED -Xmx2048m -Dfile.encoding=windows-1252 -Duser.country=US -Duser.language=en -Duser.variant 
java_command: org.gradle.launcher.daemon.bootstrap.GradleDaemon 7.5.1
java_class_path (initial): C:\Users\ARMemon\.gradle\wrapper\dists\gradle-7.5.1-all\1ehga6e77gqps5uk2kc5kf1vc\gradle-7.5.1\lib\gradle-launcher-7.5.1.jar
Launcher Type: SUN_STANDARD

[Global flags]
     intx CICompilerCount                          = 3                                         {product} {ergonomic}
   size_t CompressedClassSpaceSize                 = 528482304                                 {product} {ergonomic}
     uint ConcGCThreads                            = 1                                         {product} {ergonomic}
     uint G1ConcRefinementThreads                  = 4                                         {product} {ergonomic}
   size_t G1HeapRegionSize                         = 1048576                                   {product} {ergonomic}
    uintx GCDrainStackTargetSize                   = 64                                        {product} {ergonomic}
   size_t InitialHeapSize                          = 134217728                                 {product} {ergonomic}
   size_t MarkStackSize                            = 4194304                                   {product} {ergonomic}
   size_t MaxHeapSize                              = 2147483648                                {product} {command line}
   size_t MaxMetaspaceSize                         = 536870912                                 {product} {command line}
   size_t MaxNewSize                               = 1287651328                                {product} {ergonomic}
   size_t MinHeapDeltaBytes                        = 1048576                                   {product} {ergonomic}
    uintx NonNMethodCodeHeapSize                   = 5830092                                {pd product} {ergonomic}
    uintx NonProfiledCodeHeapSize                  = 122914074                              {pd product} {ergonomic}
    uintx ProfiledCodeHeapSize                     = 122914074                              {pd product} {ergonomic}
    uintx ReservedCodeCacheSize                    = 251658240                              {pd product} {ergonomic}
     bool SegmentedCodeCache                       = true                                      {product} {ergonomic}
     bool UseCompressedClassPointers               = true                                 {lp64_product} {ergonomic}
     bool UseCompressedOops                        = true                                 {lp64_product} {ergonomic}
     bool UseG1GC                                  = true                                      {product} {ergonomic}
     bool UseLargePagesIndividualAllocation        = false                                  {pd product} {ergonomic}

Logging:
Log output configuration:
 #0: stdout all=warning uptime,level,tags
 #1: stderr all=off uptime,level,tags

Environment Variables:
JAVA_HOME=C:\Users\ARMemon\AppData\Local\jdk-11.0.2
CLASSPATH=C:\Users\ARMemon\Desktop\Codes\ReactNative\IEEE_PES\android\\gradle\wrapper\gradle-wrapper.jar
PATH=C:\Users\ARMemon\Desktop\Codes\ReactNative\IEEE_PES\android\node_modules\.bin;C:\Users\ARMemon\Desktop\Codes\ReactNative\IEEE_PES\node_modules\.bin;C:\Users\ARMemon\Desktop\Codes\ReactNative\node_modules\.bin;C:\Users\ARMemon\Desktop\Codes\node_modules\.bin;C:\Users\ARMemon\Desktop\node_modules\.bin;C:\Users\ARMemon\node_modules\.bin;C:\Users\node_modules\.bin;C:\node_modules\.bin;C:\Program Files\nodejs;C:\Users\ARMemon\Desktop\Codes\ReactNative\IEEE_PES\node_modules\.bin;C:\Users\ARMemon\Desktop\Codes\ReactNative\IEEE_PES\node_modules\.bin;C:\Users\ARMemon\Desktop\Codes\ReactNative\node_modules\.bin;C:\Users\ARMemon\Desktop\Codes\node_modules\.bin;C:\Users\ARMemon\Desktop\node_modules\.bin;C:\Users\ARMemon\node_modules\.bin;C:\Users\node_modules\.bin;C:\node_modules\.bin;C:\Users\ARMemon\AppData\Roaming\npm\node_modules\npm\node_modules\@npmcli\run-script\lib\node-gyp-bin;C:\Program Files (x86)\Common Files\Intel\Shared Files\fortran\bin\Intel64;C:\Program Files (x86)\Common Files\Intel\Shared Libraries\redist\intel64_win\mpirt;C:\Program Files (x86)\Common Files\Intel\Shared Libraries\redist\intel64_win\compiler;C:\Program Files (x86)\Common Files\Oracle\Java\javapath;C:\WINDOWS\system32;C:\WINDOWS;C:\WINDOWS\System32\Wbem;C:\WINDOWS\System32\WindowsPowerShell\v1.0\;C:\WINDOWS\System32\OpenSSH\;C:\MinGW\bin;C:\Program Files\Git\cmd;C:\Program Files\nodejs\;C:\Program Files\Microsoft SQL Server\Client SDK\ODBC\170\Tools\Binn\;C:\Program Files (x86)\Microsoft SQL Server\150\Tools\Binn\;C:\Program Files\Microsoft SQL Server\150\Tools\Binn\;C:\Program Files\Microsoft SQL Server\150\DTS\Binn\;C:\Program Files\Microsoft SQL Server\Client SDK\ODBC\130\Tools\Binn\;C:\Program Files\MATLAB\MATLAB Production Server\R2015a\runtime\win64;C:\Program Files\MATLAB\MATLAB Production Server\R2015a\bin;C:\Program Files\MATLAB\MATLAB Production Server\R2015a\polyspace\bin;C:\Users\ARMemon\AppData\Local\jdk-11.0.2\bin;C:\Users\ARMemon\AppData\Local\Programs\Python\Python310\Scripts
USERNAME=ARMemon
OS=Windows_NT
PROCESSOR_IDENTIFIER=Intel64 Family 6 Model 142 Stepping 9, GenuineIntel



---------------  S Y S T E M  ---------------

OS: Windows 10 , 64 bit Build 18362 (10.0.18362.1350)

CPU:total 4 (initial active 4) (2 cores per cpu, 2 threads per core) family 6 model 142 stepping 9, cmov, cx8, fxsr, mmx, sse, sse2, sse3, ssse3, sse4.1, sse4.2, popcnt, avx, avx2, aes, clmul, erms, 3dnowpref, lzcnt, ht, tsc, tscinvbit, bmi1, bmi2, adx, fma

Memory: 4k page, system-wide physical 8078M (272M free)
TotalPageFile size 15903M (AvailPageFile size 13M)
current process WorkingSet (physical memory assigned to process): 302M, peak: 302M
current process commit charge ("private bytes"): 346M, peak: 347M

vm_info: OpenJDK 64-Bit Server VM (11.0.2+9) for windows-amd64 JRE (11.0.2+9), built on Jan 18 2019 05:23:22 by "mach5one" with MS VC++ 15.5 (VS2017)

END.
