#
# There is insufficient memory for the Java Runtime Environment to continue.
# Native memory allocation (malloc) failed to allocate 1917776 bytes for Chunk::new
# Possible reasons:
#   The system is out of physical RAM or swap space
#   The process is running with CompressedOops enabled, and the Java Heap may be blocking the growth of the native heap
# Possible solutions:
#   Reduce memory load on the system
#   Increase physical memory or swap space
#   Check if swap backing store is full
#   Decrease Java heap size (-Xmx/-Xms)
#   Decrease number of Java threads
#   Decrease Java thread stack sizes (-Xss)
#   Set larger code cache with -XX:ReservedCodeCacheSize=
#   JVM is running with Unscaled Compressed Oops mode in which the Java heap is
#     placed in the first 4GB address space. The Java Heap base address is the
#     maximum limit for the native heap growth. Please use -XX:HeapBaseMinAddress
#     to set the Java Heap base and to place the Java Heap above 4GB virtual address.
# This output file may be truncated or incomplete.
#
#  Out of Memory Error (t:/workspace/open/src/hotspot/share/memory/arena.cpp:197), pid=8308, tid=2672
#
# JRE version: OpenJDK Runtime Environment (11.0.2+9) (build 11.0.2+9)
# Java VM: OpenJDK 64-Bit Server VM (11.0.2+9, mixed mode, tiered, compressed oops, g1 gc, windows-amd64)
# No core dump will be written. Minidumps are not enabled by default on client versions of Windows
#

---------------  S U M M A R Y ------------

Command Line: -XX:MaxMetaspaceSize=512m --add-opens=java.base/java.util=ALL-UNNAMED --add-opens=java.base/java.lang=ALL-UNNAMED --add-opens=java.base/java.lang.invoke=ALL-UNNAMED --add-opens=java.base/java.util=ALL-UNNAMED --add-opens=java.prefs/java.util.prefs=ALL-UNNAMED --add-opens=java.prefs/java.util.prefs=ALL-UNNAMED --add-opens=java.base/java.nio.charset=ALL-UNNAMED --add-opens=java.base/java.net=ALL-UNNAMED --add-opens=java.base/java.util.concurrent.atomic=ALL-UNNAMED -Xmx2048m -Dfile.encoding=windows-1252 -Duser.country=US -Duser.language=en -Duser.variant org.gradle.launcher.daemon.bootstrap.GradleDaemon 7.5.1

Host: Intel(R) Core(TM) i5-7Y54 CPU @ 1.20GHz, 4 cores, 7G,  Windows 10 , 64 bit Build 18362 (10.0.18362.1350)
Time: Thu Aug 24 17:30:13 2023 Pakistan Standard Time elapsed time: 230 seconds (0d 0h 3m 50s)

---------------  T H R E A D  ---------------

Current thread (0x00000235ebafe000):  JavaThread "C2 CompilerThread0" daemon [_thread_in_native, id=2672, stack(0x000000b913800000,0x000000b913900000)]


Current CompileTask:
C2: 230044 13920       4       org.gradle.api.internal.artifacts.result.DefaultResolutionResult::eachElement (92 bytes)

Stack: [0x000000b913800000,0x000000b913900000]
Native frames: (J=compiled Java code, j=interpreted, Vv=VM code, C=native code)
V  [jvm.dll+0x63489a]
V  [jvm.dll+0x771f9f]
V  [jvm.dll+0x773648]
V  [jvm.dll+0x773d03]
V  [jvm.dll+0x25eba8]
V  [jvm.dll+0xc2191]
V  [jvm.dll+0xc271c]
V  [jvm.dll+0x36cc02]
V  [jvm.dll+0x1a95df]
V  [jvm.dll+0x218ad2]
V  [jvm.dll+0x217b6a]
V  [jvm.dll+0x194370]
V  [jvm.dll+0x226b3f]
V  [jvm.dll+0x225148]
V  [jvm.dll+0x73774d]
V  [jvm.dll+0x633942]
C  [ucrtbase.dll+0x210b2]
C  [KERNEL32.DLL+0x17c24]
C  [ntdll.dll+0x6d721]


---------------  P R O C E S S  ---------------

Threads class SMR info:
_java_thread_list=0x00000235f7bc6e30, length=86, elements={
0x00000235ccee3000, 0x00000235ebaa1800, 0x00000235ebaa2800, 0x00000235ebaf9000,
0x00000235ebafa000, 0x00000235ebafe000, 0x00000235ec40a800, 0x00000235ec483000,
0x00000235ec56d000, 0x00000235ec590800, 0x00000235eda15800, 0x00000235ed581800,
0x00000235ed70b800, 0x00000235ec4dd000, 0x00000235ec4dd800, 0x00000235eeaf6800,
0x00000235eeae5800, 0x00000235eeae6000, 0x00000235ede55800, 0x00000235ede8a000,
0x00000235ec4cb000, 0x00000235ec4c7000, 0x00000235ec4ca000, 0x00000235ec4cd800,
0x00000235ec4c7800, 0x00000235ec4cb800, 0x00000235ec4c8800, 0x00000235ec4cc800,
0x00000235ec4c9000, 0x00000235ed3f4000, 0x00000235ed3f3800, 0x00000235ed3f5000,
0x00000235ed3f6000, 0x00000235ed3f2800, 0x00000235ed3f7800, 0x00000235ed3fb800,
0x00000235ed3fa000, 0x00000235ed3fd000, 0x00000235ed3f9000, 0x00000235ed3fe000,
0x00000235ed3fb000, 0x00000235ed3fc800, 0x00000235ed3f8800, 0x00000235ed3ff000,
0x00000235ed3ff800, 0x00000235ed400800, 0x00000235ef0ec800, 0x00000235ef0ea800,
0x00000235ef0ee000, 0x00000235ef0ed000, 0x00000235ef0e9000, 0x00000235ef0e8800,
0x00000235ef0eb800, 0x00000235ef0ef000, 0x00000235ef0ef800, 0x00000235ef0ea000,
0x00000235ef0f5800, 0x00000235ef0f2000, 0x00000235ef0f4800, 0x00000235ef0f6000,
0x00000235ef0f3000, 0x00000235ef0f0800, 0x00000235ef0f7000, 0x00000235ef0f1800,
0x00000235ef0f3800, 0x00000235ef136800, 0x00000235ef137000, 0x00000235ef138000,
0x00000235ef133000, 0x00000235ef132800, 0x00000235ef134800, 0x00000235ef134000,
0x00000235ef135800, 0x00000235ef139800, 0x00000235ef13d800, 0x00000235ef139000,
0x00000235ef13f800, 0x00000235ef13d000, 0x00000235ef13c000, 0x00000235ef13a800,
0x00000235ef140000, 0x00000235ef141000, 0x00000235ef13b800, 0x00000235f278c800,
0x00000235f2793000, 0x00000235f6d6e800
}

Java Threads: ( => current thread )
  0x00000235ccee3000 JavaThread "main" [_thread_blocked, id=16016, stack(0x000000b912c00000,0x000000b912d00000)]
  0x00000235ebaa1800 JavaThread "Reference Handler" daemon [_thread_blocked, id=13912, stack(0x000000b913400000,0x000000b913500000)]
  0x00000235ebaa2800 JavaThread "Finalizer" daemon [_thread_blocked, id=2160, stack(0x000000b913500000,0x000000b913600000)]
  0x00000235ebaf9000 JavaThread "Signal Dispatcher" daemon [_thread_blocked, id=8320, stack(0x000000b913600000,0x000000b913700000)]
  0x00000235ebafa000 JavaThread "Attach Listener" daemon [_thread_blocked, id=15220, stack(0x000000b913700000,0x000000b913800000)]
=>0x00000235ebafe000 JavaThread "C2 CompilerThread0" daemon [_thread_in_native, id=2672, stack(0x000000b913800000,0x000000b913900000)]
  0x00000235ec40a800 JavaThread "C1 CompilerThread0" daemon [_thread_blocked, id=2776, stack(0x000000b913900000,0x000000b913a00000)]
  0x00000235ec483000 JavaThread "Sweeper thread" daemon [_thread_blocked, id=3916, stack(0x000000b913a00000,0x000000b913b00000)]
  0x00000235ec56d000 JavaThread "Common-Cleaner" daemon [_thread_blocked, id=10436, stack(0x000000b913b00000,0x000000b913c00000)]
  0x00000235ec590800 JavaThread "Service Thread" daemon [_thread_blocked, id=13516, stack(0x000000b913c00000,0x000000b913d00000)]
  0x00000235eda15800 JavaThread "Daemon health stats" [_thread_blocked, id=15512, stack(0x000000b914000000,0x000000b914100000)]
  0x00000235ed581800 JavaThread "Incoming local TCP Connector on port 49870" [_thread_in_native, id=15228, stack(0x000000b914100000,0x000000b914200000)]
  0x00000235ed70b800 JavaThread "Daemon periodic checks" [_thread_blocked, id=10156, stack(0x000000b914300000,0x000000b914400000)]
  0x00000235ec4dd000 JavaThread "Daemon" [_thread_blocked, id=10628, stack(0x000000b914400000,0x000000b914500000)]
  0x00000235ec4dd800 JavaThread "Handler for socket connection from /127.0.0.1:49870 to /127.0.0.1:49871" [_thread_in_native, id=944, stack(0x000000b914500000,0x000000b914600000)]
  0x00000235eeaf6800 JavaThread "Cancel handler" [_thread_blocked, id=12000, stack(0x000000b914600000,0x000000b914700000)]
  0x00000235eeae5800 JavaThread "Daemon worker" [_thread_in_Java, id=16544, stack(0x000000b914700000,0x000000b914800000)]
  0x00000235eeae6000 JavaThread "Asynchronous log dispatcher for DefaultDaemonConnection: socket connection from /127.0.0.1:49870 to /127.0.0.1:49871" [_thread_in_native, id=10144, stack(0x000000b914800000,0x000000b914900000)]
  0x00000235ede55800 JavaThread "Stdin handler" [_thread_blocked, id=9196, stack(0x000000b914900000,0x000000b914a00000)]
  0x00000235ede8a000 JavaThread "Daemon client event forwarder" [_thread_blocked, id=2936, stack(0x000000b914a00000,0x000000b914b00000)]
  0x00000235ec4cb000 JavaThread "Cache worker for journal cache (C:\Users\ARMemon\.gradle\caches\journal-1)" [_thread_blocked, id=464, stack(0x000000b914b00000,0x000000b914c00000)]
  0x00000235ec4c7000 JavaThread "File lock request listener" [_thread_in_native, id=14452, stack(0x000000b914c00000,0x000000b914d00000)]
  0x00000235ec4ca000 JavaThread "Cache worker for file hash cache (C:\Users\ARMemon\.gradle\caches\7.5.1\fileHashes)" [_thread_blocked, id=14396, stack(0x000000b914d00000,0x000000b914e00000)]
  0x00000235ec4cd800 JavaThread "File watcher server" daemon [_thread_in_native, id=10856, stack(0x000000b914e00000,0x000000b914f00000)]
  0x00000235ec4c7800 JavaThread "File watcher consumer" daemon [_thread_blocked, id=9928, stack(0x000000b914f00000,0x000000b915000000)]
  0x00000235ec4cb800 JavaThread "Cache worker for checksums cache (C:\Users\ARMemon\Desktop\Codes\ReactNative\IEEE_PES\android\.gradle\7.5.1\checksums)" [_thread_blocked, id=13048, stack(0x000000b915000000,0x000000b915100000)]
  0x00000235ec4c8800 JavaThread "Cache worker for cache directory md-rule (C:\Users\ARMemon\.gradle\caches\7.5.1\md-rule)" [_thread_blocked, id=7732, stack(0x000000b915100000,0x000000b915200000)]
  0x00000235ec4cc800 JavaThread "Cache worker for file content cache (C:\Users\ARMemon\.gradle\caches\7.5.1\fileContent)" [_thread_blocked, id=11076, stack(0x000000b915200000,0x000000b915300000)]
  0x00000235ec4c9000 JavaThread "Cache worker for file hash cache (C:\Users\ARMemon\Desktop\Codes\ReactNative\IEEE_PES\android\.gradle\7.5.1\fileHashes)" [_thread_blocked, id=13112, stack(0x000000b915500000,0x000000b915600000)]
  0x00000235ed3f4000 JavaThread "Cache worker for cache directory md-supplier (C:\Users\ARMemon\.gradle\caches\7.5.1\md-supplier)" [_thread_blocked, id=7172, stack(0x000000b915600000,0x000000b915700000)]
  0x00000235ed3f3800 JavaThread "Cache worker for execution history cache (C:\Users\ARMemon\.gradle\caches\7.5.1\executionHistory)" [_thread_blocked, id=7416, stack(0x000000b915700000,0x000000b915800000)]
  0x00000235ed3f5000 JavaThread "jar transforms" [_thread_blocked, id=5760, stack(0x000000b915800000,0x000000b915900000)]
  0x00000235ed3f6000 JavaThread "jar transforms Thread 2" [_thread_blocked, id=11080, stack(0x000000b915900000,0x000000b915a00000)]
  0x00000235ed3f2800 JavaThread "jar transforms Thread 3" [_thread_blocked, id=13652, stack(0x000000b912b00000,0x000000b912c00000)]
  0x00000235ed3f7800 JavaThread "jar transforms Thread 4" [_thread_blocked, id=17052, stack(0x000000b915a00000,0x000000b915b00000)]
  0x00000235ed3fb800 JavaThread "Cache worker for kotlin-dsl (C:\Users\ARMemon\.gradle\caches\7.5.1\kotlin-dsl)" [_thread_blocked, id=13836, stack(0x000000b915c00000,0x000000b915d00000)]
  0x00000235ed3fa000 JavaThread "Cache worker for dependencies-accessors (C:\Users\ARMemon\Desktop\Codes\ReactNative\IEEE_PES\android\.gradle\7.5.1\dependencies-accessors)" [_thread_blocked, id=16124, stack(0x000000b915d00000,0x000000b915e00000)]
  0x00000235ed3fd000 JavaThread "Cache worker for Build Output Cleanup Cache (C:\Users\ARMemon\Desktop\Codes\ReactNative\IEEE_PES\node_modules\react-native-gradle-plugin\.gradle\buildOutputCleanup)" [_thread_blocked, id=7452, stack(0x000000b915b00000,0x000000b915c00000)]
  0x00000235ed3f9000 JavaThread "Unconstrained build operations" [_thread_blocked, id=10164, stack(0x000000b915e00000,0x000000b915f00000)]
  0x00000235ed3fe000 JavaThread "Unconstrained build operations Thread 2" [_thread_blocked, id=8116, stack(0x000000b915f00000,0x000000b916000000)]
  0x00000235ed3fb000 JavaThread "Unconstrained build operations Thread 3" [_thread_blocked, id=18412, stack(0x000000b916000000,0x000000b916100000)]
  0x00000235ed3fc800 JavaThread "Unconstrained build operations Thread 4" [_thread_blocked, id=6544, stack(0x000000b916100000,0x000000b916200000)]
  0x00000235ed3f8800 JavaThread "Unconstrained build operations Thread 5" [_thread_blocked, id=13712, stack(0x000000b916200000,0x000000b916300000)]
  0x00000235ed3ff000 JavaThread "Unconstrained build operations Thread 6" [_thread_blocked, id=12916, stack(0x000000b916300000,0x000000b916400000)]
  0x00000235ed3ff800 JavaThread "Unconstrained build operations Thread 7" [_thread_blocked, id=1600, stack(0x000000b916400000,0x000000b916500000)]
  0x00000235ed400800 JavaThread "Unconstrained build operations Thread 8" [_thread_blocked, id=2140, stack(0x000000b916500000,0x000000b916600000)]
  0x00000235ef0ec800 JavaThread "Unconstrained build operations Thread 9" [_thread_blocked, id=2948, stack(0x000000b916600000,0x000000b916700000)]
  0x00000235ef0ea800 JavaThread "Unconstrained build operations Thread 10" [_thread_blocked, id=11916, stack(0x000000b916700000,0x000000b916800000)]
  0x00000235ef0ee000 JavaThread "Unconstrained build operations Thread 11" [_thread_blocked, id=18332, stack(0x000000b916800000,0x000000b916900000)]
  0x00000235ef0ed000 JavaThread "Unconstrained build operations Thread 12" [_thread_blocked, id=16136, stack(0x000000b916900000,0x000000b916a00000)]
  0x00000235ef0e9000 JavaThread "Unconstrained build operations Thread 13" [_thread_blocked, id=16188, stack(0x000000b916a00000,0x000000b916b00000)]
  0x00000235ef0e8800 JavaThread "Unconstrained build operations Thread 14" [_thread_blocked, id=6276, stack(0x000000b916b00000,0x000000b916c00000)]
  0x00000235ef0eb800 JavaThread "Unconstrained build operations Thread 15" [_thread_blocked, id=14060, stack(0x000000b916c00000,0x000000b916d00000)]
  0x00000235ef0ef000 JavaThread "Unconstrained build operations Thread 16" [_thread_blocked, id=8444, stack(0x000000b916d00000,0x000000b916e00000)]
  0x00000235ef0ef800 JavaThread "Unconstrained build operations Thread 17" [_thread_blocked, id=15336, stack(0x000000b916e00000,0x000000b916f00000)]
  0x00000235ef0ea000 JavaThread "Unconstrained build operations Thread 18" [_thread_blocked, id=18404, stack(0x000000b916f00000,0x000000b917000000)]
  0x00000235ef0f5800 JavaThread "Unconstrained build operations Thread 19" [_thread_blocked, id=13616, stack(0x000000b917000000,0x000000b917100000)]
  0x00000235ef0f2000 JavaThread "Unconstrained build operations Thread 20" [_thread_blocked, id=13592, stack(0x000000b917100000,0x000000b917200000)]
  0x00000235ef0f4800 JavaThread "Unconstrained build operations Thread 21" [_thread_blocked, id=1076, stack(0x000000b917200000,0x000000b917300000)]
  0x00000235ef0f6000 JavaThread "Unconstrained build operations Thread 22" [_thread_blocked, id=6592, stack(0x000000b917300000,0x000000b917400000)]
  0x00000235ef0f3000 JavaThread "Unconstrained build operations Thread 23" [_thread_blocked, id=12736, stack(0x000000b917400000,0x000000b917500000)]
  0x00000235ef0f0800 JavaThread "Unconstrained build operations Thread 24" [_thread_blocked, id=13940, stack(0x000000b917500000,0x000000b917600000)]
  0x00000235ef0f7000 JavaThread "Unconstrained build operations Thread 25" [_thread_blocked, id=11372, stack(0x000000b917600000,0x000000b917700000)]
  0x00000235ef0f1800 JavaThread "Unconstrained build operations Thread 26" [_thread_blocked, id=17400, stack(0x000000b917700000,0x000000b917800000)]
  0x00000235ef0f3800 JavaThread "Unconstrained build operations Thread 27" [_thread_blocked, id=15160, stack(0x000000b917800000,0x000000b917900000)]
  0x00000235ef136800 JavaThread "Unconstrained build operations Thread 28" [_thread_blocked, id=7636, stack(0x000000b917900000,0x000000b917a00000)]
  0x00000235ef137000 JavaThread "Unconstrained build operations Thread 29" [_thread_blocked, id=5436, stack(0x000000b917a00000,0x000000b917b00000)]
  0x00000235ef138000 JavaThread "Unconstrained build operations Thread 30" [_thread_blocked, id=8824, stack(0x000000b917b00000,0x000000b917c00000)]
  0x00000235ef133000 JavaThread "Unconstrained build operations Thread 31" [_thread_blocked, id=11932, stack(0x000000b917c00000,0x000000b917d00000)]
  0x00000235ef132800 JavaThread "Unconstrained build operations Thread 32" [_thread_blocked, id=9712, stack(0x000000b917d00000,0x000000b917e00000)]
  0x00000235ef134800 JavaThread "Unconstrained build operations Thread 33" [_thread_blocked, id=13896, stack(0x000000b917e00000,0x000000b917f00000)]
  0x00000235ef134000 JavaThread "build event listener" [_thread_blocked, id=6300, stack(0x000000b917f00000,0x000000b918000000)]
  0x00000235ef135800 JavaThread "Memory manager" [_thread_blocked, id=2592, stack(0x000000b918000000,0x000000b918100000)]
  0x00000235ef139800 JavaThread "Cache worker for Build Output Cleanup Cache (C:\Users\ARMemon\Desktop\Codes\ReactNative\IEEE_PES\android\.gradle\buildOutputCleanup)" [_thread_blocked, id=5604, stack(0x000000b918200000,0x000000b918300000)]
  0x00000235ef13d800 JavaThread "Execution worker" [_thread_blocked, id=576, stack(0x000000b918400000,0x000000b918500000)]
  0x00000235ef139000 JavaThread "Execution worker Thread 2" [_thread_blocked, id=17568, stack(0x000000b918500000,0x000000b918600000)]
  0x00000235ef13f800 JavaThread "Execution worker Thread 3" [_thread_blocked, id=3088, stack(0x000000b918600000,0x000000b918700000)]
  0x00000235ef13d000 JavaThread "Cache worker for execution history cache (C:\Users\ARMemon\Desktop\Codes\ReactNative\IEEE_PES\node_modules\react-native-gradle-plugin\.gradle\7.5.1\executionHistory)" [_thread_blocked, id=16312, stack(0x000000b918700000,0x000000b918800000)]
  0x00000235ef13c000 JavaThread "Unconstrained build operations Thread 34" [_thread_blocked, id=3096, stack(0x000000b918100000,0x000000b918200000)]
  0x00000235ef13a800 JavaThread "Unconstrained build operations Thread 35" [_thread_blocked, id=6664, stack(0x000000b918800000,0x000000b918900000)]
  0x00000235ef140000 JavaThread "Unconstrained build operations Thread 36" [_thread_blocked, id=6336, stack(0x000000b918900000,0x000000b918a00000)]
  0x00000235ef141000 JavaThread "Unconstrained build operations Thread 37" [_thread_blocked, id=14740, stack(0x000000b918a00000,0x000000b918b00000)]
  0x00000235ef13b800 JavaThread "Unconstrained build operations Thread 38" [_thread_blocked, id=11240, stack(0x000000b918b00000,0x000000b918c00000)]
  0x00000235f278c800 JavaThread "Unconstrained build operations Thread 39" [_thread_blocked, id=2768, stack(0x000000b918c00000,0x000000b918d00000)]
  0x00000235f2793000 JavaThread "Unconstrained build operations Thread 40" [_thread_blocked, id=12408, stack(0x000000b918d00000,0x000000b918e00000)]
  0x00000235f6d6e800 JavaThread "C2 CompilerThread1" daemon [_thread_in_native, id=17940, stack(0x000000b912d00000,0x000000b912e00000)]

Other Threads:
  0x00000235eba9a000 VMThread "VM Thread" [stack: 0x000000b913300000,0x000000b913400000] [id=2044]
  0x00000235ec591800 WatcherThread [stack: 0x000000b913d00000,0x000000b913e00000] [id=10420]
  0x00000235ccef5000 GCTaskThread "GC Thread#0" [stack: 0x000000b912e00000,0x000000b912f00000] [id=7696]
  0x00000235ec72e000 GCTaskThread "GC Thread#1" [stack: 0x000000b913e00000,0x000000b913f00000] [id=17484]
  0x00000235ec72e800 GCTaskThread "GC Thread#2" [stack: 0x000000b913f00000,0x000000b914000000] [id=8120]
  0x00000235edc65800 GCTaskThread "GC Thread#3" [stack: 0x000000b914200000,0x000000b914300000] [id=7644]
  0x00000235ccf24800 ConcurrentGCThread "G1 Main Marker" [stack: 0x000000b912f00000,0x000000b913000000] [id=9736]
  0x00000235ccf25800 ConcurrentGCThread "G1 Conc#0" [stack: 0x000000b913000000,0x000000b913100000] [id=18396]
  0x00000235ccfa9800 ConcurrentGCThread "G1 Refine#0" [stack: 0x000000b913100000,0x000000b913200000] [id=9956]
  0x00000235eb910800 ConcurrentGCThread "G1 Young RemSet Sampling" [stack: 0x000000b913200000,0x000000b913300000] [id=2960]

Threads with active compile tasks:
C2 CompilerThread013920       4       org.gradle.api.internal.artifacts.result.DefaultResolutionResult::eachElement (92 bytes)
C2 CompilerThread113868       4       org.gradle.api.internal.artifacts.ivyservice.resolveengine.result.ResolvedVariantResultSerializer::read (132 bytes)

VM state:not at safepoint (normal execution)

VM Mutex/Monitor currently owned by a thread: None

Heap address: 0x0000000080000000, size: 2048 MB, Compressed Oops mode: 32-bit
Narrow klass base: 0x0000000000000000, Narrow klass shift: 3
Compressed class space size: 528482304 Address: 0x0000000100000000

Heap:
 garbage-first heap   total 273408K, used 203590K [0x0000000080000000, 0x0000000100000000)
  region size 1024K, 37 young (37888K), 7 survivors (7168K)
 Metaspace       used 112861K, capacity 116831K, committed 117068K, reserved 618496K
  class space    used 14930K, capacity 16429K, committed 16460K, reserved 516096K
Heap Regions: E=young(eden), S=young(survivor), O=old, HS=humongous(starts), HC=humongous(continues), CS=collection set, F=free, A=archive, TAMS=top-at-mark-start (previous, next)
|   0|0x0000000080000000, 0x0000000080100000, 0x0000000080100000|100%|HS|  |TAMS 0x0000000080100000, 0x0000000080000000| Complete 
|   1|0x0000000080100000, 0x0000000080200000, 0x0000000080200000|100%|HC|  |TAMS 0x0000000080200000, 0x0000000080100000| Complete 
|   2|0x0000000080200000, 0x0000000080300000, 0x0000000080300000|100%|HC|  |TAMS 0x0000000080300000, 0x0000000080200000| Complete 
|   3|0x0000000080300000, 0x0000000080400000, 0x0000000080400000|100%| O|  |TAMS 0x0000000080400000, 0x0000000080300000| Untracked 
|   4|0x0000000080400000, 0x0000000080500000, 0x0000000080500000|100%| O|  |TAMS 0x0000000080500000, 0x0000000080400000| Untracked 
|   5|0x0000000080500000, 0x0000000080600000, 0x0000000080600000|100%| O|  |TAMS 0x0000000080600000, 0x0000000080500000| Untracked 
|   6|0x0000000080600000, 0x0000000080700000, 0x0000000080700000|100%| O|  |TAMS 0x0000000080700000, 0x0000000080600000| Untracked 
|   7|0x0000000080700000, 0x0000000080800000, 0x0000000080800000|100%| O|  |TAMS 0x0000000080800000, 0x0000000080700000| Untracked 
|   8|0x0000000080800000, 0x0000000080900000, 0x0000000080900000|100%| O|  |TAMS 0x0000000080900000, 0x0000000080800000| Untracked 
|   9|0x0000000080900000, 0x0000000080a00000, 0x0000000080a00000|100%| O|  |TAMS 0x0000000080a00000, 0x0000000080900000| Untracked 
|  10|0x0000000080a00000, 0x0000000080b00000, 0x0000000080b00000|100%| O|  |TAMS 0x0000000080b00000, 0x0000000080a00000| Untracked 
|  11|0x0000000080b00000, 0x0000000080c00000, 0x0000000080c00000|100%| O|  |TAMS 0x0000000080c00000, 0x0000000080b00000| Untracked 
|  12|0x0000000080c00000, 0x0000000080d00000, 0x0000000080d00000|100%| O|  |TAMS 0x0000000080d00000, 0x0000000080c00000| Untracked 
|  13|0x0000000080d00000, 0x0000000080e00000, 0x0000000080e00000|100%| O|  |TAMS 0x0000000080e00000, 0x0000000080d00000| Untracked 
|  14|0x0000000080e00000, 0x0000000080f00000, 0x0000000080f00000|100%| O|  |TAMS 0x0000000080f00000, 0x0000000080e00000| Untracked 
|  15|0x0000000080f00000, 0x0000000081000000, 0x0000000081000000|100%| O|  |TAMS 0x0000000081000000, 0x0000000080f00000| Untracked 
|  16|0x0000000081000000, 0x0000000081100000, 0x0000000081100000|100%| O|  |TAMS 0x0000000081100000, 0x0000000081000000| Untracked 
|  17|0x0000000081100000, 0x0000000081200000, 0x0000000081200000|100%|HS|  |TAMS 0x0000000081200000, 0x0000000081100000| Complete 
|  18|0x0000000081200000, 0x0000000081300000, 0x0000000081300000|100%| O|  |TAMS 0x0000000081300000, 0x0000000081200000| Untracked 
|  19|0x0000000081300000, 0x0000000081400000, 0x0000000081400000|100%| O|  |TAMS 0x0000000081400000, 0x0000000081300000| Untracked 
|  20|0x0000000081400000, 0x0000000081500000, 0x0000000081500000|100%| O|  |TAMS 0x0000000081500000, 0x0000000081400000| Untracked 
|  21|0x0000000081500000, 0x0000000081600000, 0x0000000081600000|100%| O|  |TAMS 0x0000000081600000, 0x0000000081500000| Untracked 
|  22|0x0000000081600000, 0x0000000081700000, 0x0000000081700000|100%| O|  |TAMS 0x0000000081700000, 0x0000000081600000| Untracked 
|  23|0x0000000081700000, 0x0000000081800000, 0x0000000081800000|100%| O|  |TAMS 0x0000000081800000, 0x0000000081700000| Untracked 
|  24|0x0000000081800000, 0x0000000081900000, 0x0000000081900000|100%| O|  |TAMS 0x0000000081900000, 0x0000000081800000| Untracked 
|  25|0x0000000081900000, 0x0000000081a00000, 0x0000000081a00000|100%| O|  |TAMS 0x0000000081a00000, 0x0000000081900000| Untracked 
|  26|0x0000000081a00000, 0x0000000081b00000, 0x0000000081b00000|100%| O|  |TAMS 0x0000000081b00000, 0x0000000081a00000| Untracked 
|  27|0x0000000081b00000, 0x0000000081c00000, 0x0000000081c00000|100%| O|  |TAMS 0x0000000081c00000, 0x0000000081b00000| Untracked 
|  28|0x0000000081c00000, 0x0000000081d00000, 0x0000000081d00000|100%| O|  |TAMS 0x0000000081d00000, 0x0000000081c00000| Untracked 
|  29|0x0000000081d00000, 0x0000000081e00000, 0x0000000081e00000|100%|HS|  |TAMS 0x0000000081e00000, 0x0000000081d00000| Complete 
|  30|0x0000000081e00000, 0x0000000081f00000, 0x0000000081f00000|100%|HC|  |TAMS 0x0000000081f00000, 0x0000000081e00000| Complete 
|  31|0x0000000081f00000, 0x0000000082000000, 0x0000000082000000|100%|HC|  |TAMS 0x0000000082000000, 0x0000000081f00000| Complete 
|  32|0x0000000082000000, 0x0000000082100000, 0x0000000082100000|100%| O|  |TAMS 0x0000000082100000, 0x0000000082000000| Untracked 
|  33|0x0000000082100000, 0x0000000082200000, 0x0000000082200000|100%| O|  |TAMS 0x0000000082200000, 0x0000000082100000| Untracked 
|  34|0x0000000082200000, 0x0000000082300000, 0x0000000082300000|100%| O|  |TAMS 0x0000000082300000, 0x0000000082200000| Untracked 
|  35|0x0000000082300000, 0x0000000082400000, 0x0000000082400000|100%| O|  |TAMS 0x0000000082400000, 0x0000000082300000| Untracked 
|  36|0x0000000082400000, 0x0000000082500000, 0x0000000082500000|100%| O|  |TAMS 0x0000000082500000, 0x0000000082400000| Untracked 
|  37|0x0000000082500000, 0x0000000082600000, 0x0000000082600000|100%| O|  |TAMS 0x0000000082600000, 0x0000000082500000| Untracked 
|  38|0x0000000082600000, 0x0000000082700000, 0x0000000082700000|100%| O|  |TAMS 0x0000000082700000, 0x0000000082600000| Untracked 
|  39|0x0000000082700000, 0x0000000082800000, 0x0000000082800000|100%| O|  |TAMS 0x0000000082800000, 0x0000000082700000| Untracked 
|  40|0x0000000082800000, 0x0000000082900000, 0x0000000082900000|100%| O|  |TAMS 0x0000000082900000, 0x0000000082800000| Untracked 
|  41|0x0000000082900000, 0x0000000082a00000, 0x0000000082a00000|100%| O|  |TAMS 0x0000000082a00000, 0x0000000082900000| Untracked 
|  42|0x0000000082a00000, 0x0000000082b00000, 0x0000000082b00000|100%| O|  |TAMS 0x0000000082b00000, 0x0000000082a00000| Untracked 
|  43|0x0000000082b00000, 0x0000000082c00000, 0x0000000082c00000|100%|HS|  |TAMS 0x0000000082c00000, 0x0000000082b00000| Complete 
|  44|0x0000000082c00000, 0x0000000082d00000, 0x0000000082d00000|100%|HS|  |TAMS 0x0000000082d00000, 0x0000000082c00000| Complete 
|  45|0x0000000082d00000, 0x0000000082e00000, 0x0000000082e00000|100%| O|  |TAMS 0x0000000082e00000, 0x0000000082d00000| Untracked 
|  46|0x0000000082e00000, 0x0000000082f00000, 0x0000000082f00000|100%| O|  |TAMS 0x0000000082f00000, 0x0000000082e00000| Untracked 
|  47|0x0000000082f00000, 0x0000000083000000, 0x0000000083000000|100%| O|  |TAMS 0x0000000083000000, 0x0000000082f00000| Untracked 
|  48|0x0000000083000000, 0x0000000083100000, 0x0000000083100000|100%| O|  |TAMS 0x0000000083100000, 0x0000000083000000| Untracked 
|  49|0x0000000083100000, 0x0000000083200000, 0x0000000083200000|100%| O|  |TAMS 0x0000000083200000, 0x0000000083100000| Untracked 
|  50|0x0000000083200000, 0x0000000083300000, 0x0000000083300000|100%| O|  |TAMS 0x0000000083300000, 0x0000000083200000| Untracked 
|  51|0x0000000083300000, 0x0000000083400000, 0x0000000083400000|100%| O|  |TAMS 0x0000000083400000, 0x0000000083300000| Untracked 
|  52|0x0000000083400000, 0x0000000083500000, 0x0000000083500000|100%| O|  |TAMS 0x0000000083500000, 0x0000000083400000| Untracked 
|  53|0x0000000083500000, 0x0000000083600000, 0x0000000083600000|100%| O|  |TAMS 0x0000000083600000, 0x0000000083500000| Untracked 
|  54|0x0000000083600000, 0x0000000083700000, 0x0000000083700000|100%|HS|  |TAMS 0x0000000083700000, 0x0000000083600000| Complete 
|  55|0x0000000083700000, 0x0000000083800000, 0x0000000083800000|100%|HC|  |TAMS 0x0000000083800000, 0x0000000083700000| Complete 
|  56|0x0000000083800000, 0x0000000083900000, 0x0000000083900000|100%| O|  |TAMS 0x0000000083900000, 0x0000000083800000| Untracked 
|  57|0x0000000083900000, 0x0000000083a00000, 0x0000000083a00000|100%| O|  |TAMS 0x0000000083a00000, 0x0000000083900000| Untracked 
|  58|0x0000000083a00000, 0x0000000083b00000, 0x0000000083b00000|100%| O|  |TAMS 0x0000000083b00000, 0x0000000083a00000| Untracked 
|  59|0x0000000083b00000, 0x0000000083c00000, 0x0000000083c00000|100%| O|  |TAMS 0x0000000083c00000, 0x0000000083b00000| Untracked 
|  60|0x0000000083c00000, 0x0000000083d00000, 0x0000000083d00000|100%| O|  |TAMS 0x0000000083d00000, 0x0000000083c00000| Untracked 
|  61|0x0000000083d00000, 0x0000000083e00000, 0x0000000083e00000|100%| O|  |TAMS 0x0000000083e00000, 0x0000000083d00000| Untracked 
|  62|0x0000000083e00000, 0x0000000083f00000, 0x0000000083f00000|100%| O|  |TAMS 0x0000000083f00000, 0x0000000083e00000| Untracked 
|  63|0x0000000083f00000, 0x0000000084000000, 0x0000000084000000|100%| O|  |TAMS 0x0000000084000000, 0x0000000083f00000| Untracked 
|  64|0x0000000084000000, 0x0000000084100000, 0x0000000084100000|100%| O|  |TAMS 0x0000000084100000, 0x0000000084000000| Untracked 
|  65|0x0000000084100000, 0x0000000084200000, 0x0000000084200000|100%| O|  |TAMS 0x0000000084200000, 0x0000000084100000| Untracked 
|  66|0x0000000084200000, 0x0000000084300000, 0x0000000084300000|100%| O|  |TAMS 0x0000000084300000, 0x0000000084200000| Untracked 
|  67|0x0000000084300000, 0x0000000084400000, 0x0000000084400000|100%| O|  |TAMS 0x0000000084400000, 0x0000000084300000| Untracked 
|  68|0x0000000084400000, 0x0000000084500000, 0x0000000084500000|100%| O|  |TAMS 0x0000000084500000, 0x0000000084400000| Untracked 
|  69|0x0000000084500000, 0x0000000084600000, 0x0000000084600000|100%| O|  |TAMS 0x0000000084600000, 0x0000000084500000| Untracked 
|  70|0x0000000084600000, 0x0000000084700000, 0x0000000084700000|100%| O|  |TAMS 0x0000000084700000, 0x0000000084600000| Untracked 
|  71|0x0000000084700000, 0x0000000084800000, 0x0000000084800000|100%| O|  |TAMS 0x0000000084800000, 0x0000000084700000| Untracked 
|  72|0x0000000084800000, 0x0000000084900000, 0x0000000084900000|100%| O|  |TAMS 0x0000000084900000, 0x0000000084800000| Untracked 
|  73|0x0000000084900000, 0x0000000084a00000, 0x0000000084a00000|100%| O|  |TAMS 0x0000000084a00000, 0x0000000084900000| Untracked 
|  74|0x0000000084a00000, 0x0000000084b00000, 0x0000000084b00000|100%| O|  |TAMS 0x0000000084b00000, 0x0000000084a00000| Untracked 
|  75|0x0000000084b00000, 0x0000000084c00000, 0x0000000084c00000|100%| O|  |TAMS 0x0000000084c00000, 0x0000000084b00000| Untracked 
|  76|0x0000000084c00000, 0x0000000084d00000, 0x0000000084d00000|100%| O|  |TAMS 0x0000000084d00000, 0x0000000084c00000| Untracked 
|  77|0x0000000084d00000, 0x0000000084e00000, 0x0000000084e00000|100%| O|  |TAMS 0x0000000084e00000, 0x0000000084d00000| Untracked 
|  78|0x0000000084e00000, 0x0000000084f00000, 0x0000000084f00000|100%| O|  |TAMS 0x0000000084f00000, 0x0000000084e00000| Untracked 
|  79|0x0000000084f00000, 0x0000000085000000, 0x0000000085000000|100%| O|  |TAMS 0x0000000085000000, 0x0000000084f00000| Untracked 
|  80|0x0000000085000000, 0x0000000085100000, 0x0000000085100000|100%|HS|  |TAMS 0x0000000085100000, 0x0000000085000000| Complete 
|  81|0x0000000085100000, 0x0000000085200000, 0x0000000085200000|100%|HS|  |TAMS 0x0000000085200000, 0x0000000085100000| Complete 
|  82|0x0000000085200000, 0x0000000085300000, 0x0000000085300000|100%|HS|  |TAMS 0x0000000085300000, 0x0000000085200000| Complete 
|  83|0x0000000085300000, 0x0000000085400000, 0x0000000085400000|100%|HS|  |TAMS 0x0000000085400000, 0x0000000085300000| Complete 
|  84|0x0000000085400000, 0x0000000085500000, 0x0000000085500000|100%|HC|  |TAMS 0x0000000085500000, 0x0000000085400000| Complete 
|  85|0x0000000085500000, 0x0000000085600000, 0x0000000085600000|100%|HC|  |TAMS 0x0000000085600000, 0x0000000085500000| Complete 
|  86|0x0000000085600000, 0x0000000085700000, 0x0000000085700000|100%| O|  |TAMS 0x0000000085700000, 0x0000000085600000| Untracked 
|  87|0x0000000085700000, 0x0000000085800000, 0x0000000085800000|100%| O|  |TAMS 0x0000000085800000, 0x0000000085700000| Untracked 
|  88|0x0000000085800000, 0x0000000085900000, 0x0000000085900000|100%| O|  |TAMS 0x0000000085900000, 0x0000000085800000| Untracked 
|  89|0x0000000085900000, 0x0000000085a00000, 0x0000000085a00000|100%| O|  |TAMS 0x0000000085a00000, 0x0000000085900000| Untracked 
|  90|0x0000000085a00000, 0x0000000085b00000, 0x0000000085b00000|100%| O|  |TAMS 0x0000000085b00000, 0x0000000085a00000| Untracked 
|  91|0x0000000085b00000, 0x0000000085c00000, 0x0000000085c00000|100%| O|  |TAMS 0x0000000085c00000, 0x0000000085b00000| Untracked 
|  92|0x0000000085c00000, 0x0000000085d00000, 0x0000000085d00000|100%| O|  |TAMS 0x0000000085d00000, 0x0000000085c00000| Untracked 
|  93|0x0000000085d00000, 0x0000000085e00000, 0x0000000085e00000|100%| O|  |TAMS 0x0000000085e00000, 0x0000000085d00000| Untracked 
|  94|0x0000000085e00000, 0x0000000085f00000, 0x0000000085f00000|100%| O|  |TAMS 0x0000000085f00000, 0x0000000085e00000| Untracked 
|  95|0x0000000085f00000, 0x0000000086000000, 0x0000000086000000|100%| O|  |TAMS 0x0000000086000000, 0x0000000085f00000| Untracked 
|  96|0x0000000086000000, 0x0000000086100000, 0x0000000086100000|100%| O|  |TAMS 0x0000000086100000, 0x0000000086000000| Untracked 
|  97|0x0000000086100000, 0x0000000086200000, 0x0000000086200000|100%| O|  |TAMS 0x0000000086200000, 0x0000000086100000| Untracked 
|  98|0x0000000086200000, 0x0000000086300000, 0x0000000086300000|100%| O|  |TAMS 0x0000000086300000, 0x0000000086200000| Untracked 
|  99|0x0000000086300000, 0x0000000086400000, 0x0000000086400000|100%|HS|  |TAMS 0x0000000086400000, 0x0000000086300000| Complete 
| 100|0x0000000086400000, 0x0000000086500000, 0x0000000086500000|100%|HC|  |TAMS 0x0000000086500000, 0x0000000086400000| Complete 
| 101|0x0000000086500000, 0x0000000086600000, 0x0000000086600000|100%|HS|  |TAMS 0x0000000086600000, 0x0000000086500000| Complete 
| 102|0x0000000086600000, 0x0000000086700000, 0x0000000086700000|100%|HC|  |TAMS 0x0000000086700000, 0x0000000086600000| Complete 
| 103|0x0000000086700000, 0x0000000086800000, 0x0000000086800000|100%| O|  |TAMS 0x0000000086800000, 0x0000000086700000| Untracked 
| 104|0x0000000086800000, 0x0000000086900000, 0x0000000086900000|100%| O|  |TAMS 0x0000000086900000, 0x0000000086800000| Untracked 
| 105|0x0000000086900000, 0x0000000086a00000, 0x0000000086a00000|100%| O|  |TAMS 0x0000000086a00000, 0x0000000086900000| Untracked 
| 106|0x0000000086a00000, 0x0000000086b00000, 0x0000000086b00000|100%| O|  |TAMS 0x0000000086b00000, 0x0000000086a00000| Untracked 
| 107|0x0000000086b00000, 0x0000000086c00000, 0x0000000086c00000|100%| O|  |TAMS 0x0000000086c00000, 0x0000000086b00000| Untracked 
| 108|0x0000000086c00000, 0x0000000086d00000, 0x0000000086d00000|100%| O|  |TAMS 0x0000000086d00000, 0x0000000086c00000| Untracked 
| 109|0x0000000086d00000, 0x0000000086e00000, 0x0000000086e00000|100%| O|  |TAMS 0x0000000086e00000, 0x0000000086d00000| Untracked 
| 110|0x0000000086e00000, 0x0000000086f00000, 0x0000000086f00000|100%| O|  |TAMS 0x0000000086f00000, 0x0000000086e00000| Untracked 
| 111|0x0000000086f00000, 0x0000000087000000, 0x0000000087000000|100%| O|  |TAMS 0x0000000087000000, 0x0000000086f00000| Untracked 
| 112|0x0000000087000000, 0x0000000087100000, 0x0000000087100000|100%| O|  |TAMS 0x0000000087100000, 0x0000000087000000| Untracked 
| 113|0x0000000087100000, 0x0000000087200000, 0x0000000087200000|100%| O|  |TAMS 0x0000000087200000, 0x0000000087100000| Untracked 
| 114|0x0000000087200000, 0x0000000087300000, 0x0000000087300000|100%| O|  |TAMS 0x0000000087300000, 0x0000000087200000| Untracked 
| 115|0x0000000087300000, 0x0000000087400000, 0x0000000087400000|100%| O|  |TAMS 0x0000000087400000, 0x0000000087300000| Untracked 
| 116|0x0000000087400000, 0x0000000087500000, 0x0000000087500000|100%| O|  |TAMS 0x0000000087500000, 0x0000000087400000| Untracked 
| 117|0x0000000087500000, 0x0000000087600000, 0x0000000087600000|100%| O|  |TAMS 0x0000000087600000, 0x0000000087500000| Untracked 
| 118|0x0000000087600000, 0x0000000087700000, 0x0000000087700000|100%| O|  |TAMS 0x0000000087700000, 0x0000000087600000| Untracked 
| 119|0x0000000087700000, 0x0000000087800000, 0x0000000087800000|100%| O|  |TAMS 0x0000000087800000, 0x0000000087700000| Untracked 
| 120|0x0000000087800000, 0x0000000087900000, 0x0000000087900000|100%| O|  |TAMS 0x0000000087900000, 0x0000000087800000| Untracked 
| 121|0x0000000087900000, 0x0000000087a00000, 0x0000000087a00000|100%| O|  |TAMS 0x0000000087a00000, 0x0000000087900000| Untracked 
| 122|0x0000000087a00000, 0x0000000087b00000, 0x0000000087b00000|100%| O|  |TAMS 0x0000000087b00000, 0x0000000087a00000| Untracked 
| 123|0x0000000087b00000, 0x0000000087c00000, 0x0000000087c00000|100%| O|  |TAMS 0x0000000087c00000, 0x0000000087b00000| Untracked 
| 124|0x0000000087c00000, 0x0000000087d00000, 0x0000000087d00000|100%| O|  |TAMS 0x0000000087d00000, 0x0000000087c00000| Untracked 
| 125|0x0000000087d00000, 0x0000000087e00000, 0x0000000087e00000|100%| O|  |TAMS 0x0000000087e00000, 0x0000000087d00000| Untracked 
| 126|0x0000000087e00000, 0x0000000087f00000, 0x0000000087f00000|100%| O|  |TAMS 0x0000000087f00000, 0x0000000087e00000| Untracked 
| 127|0x0000000087f00000, 0x0000000088000000, 0x0000000088000000|100%| O|  |TAMS 0x0000000088000000, 0x0000000087f00000| Untracked 
| 128|0x0000000088000000, 0x0000000088100000, 0x0000000088100000|100%| O|  |TAMS 0x0000000088100000, 0x0000000088000000| Untracked 
| 129|0x0000000088100000, 0x0000000088200000, 0x0000000088200000|100%| O|  |TAMS 0x0000000088200000, 0x0000000088100000| Untracked 
| 130|0x0000000088200000, 0x0000000088300000, 0x0000000088300000|100%| O|  |TAMS 0x0000000088300000, 0x0000000088200000| Untracked 
| 131|0x0000000088300000, 0x0000000088400000, 0x0000000088400000|100%| O|  |TAMS 0x0000000088400000, 0x0000000088300000| Untracked 
| 132|0x0000000088400000, 0x0000000088500000, 0x0000000088500000|100%| O|  |TAMS 0x0000000088500000, 0x0000000088400000| Untracked 
| 133|0x0000000088500000, 0x0000000088600000, 0x0000000088600000|100%| O|  |TAMS 0x0000000088600000, 0x0000000088500000| Untracked 
| 134|0x0000000088600000, 0x0000000088700000, 0x0000000088700000|100%| O|  |TAMS 0x0000000088700000, 0x0000000088600000| Untracked 
| 135|0x0000000088700000, 0x0000000088800000, 0x0000000088800000|100%| O|  |TAMS 0x0000000088800000, 0x0000000088700000| Untracked 
| 136|0x0000000088800000, 0x0000000088900000, 0x0000000088900000|100%| O|  |TAMS 0x0000000088900000, 0x0000000088800000| Untracked 
| 137|0x0000000088900000, 0x0000000088a00000, 0x0000000088a00000|100%| O|  |TAMS 0x0000000088a00000, 0x0000000088900000| Untracked 
| 138|0x0000000088a00000, 0x0000000088b00000, 0x0000000088b00000|100%| O|  |TAMS 0x0000000088b00000, 0x0000000088a00000| Untracked 
| 139|0x0000000088b00000, 0x0000000088c00000, 0x0000000088c00000|100%|HS|  |TAMS 0x0000000088c00000, 0x0000000088b00000| Complete 
| 140|0x0000000088c00000, 0x0000000088d00000, 0x0000000088d00000|100%|HS|  |TAMS 0x0000000088d00000, 0x0000000088c00000| Complete 
| 141|0x0000000088d00000, 0x0000000088e00000, 0x0000000088e00000|100%|HC|  |TAMS 0x0000000088e00000, 0x0000000088d00000| Complete 
| 142|0x0000000088e00000, 0x0000000088f00000, 0x0000000088f00000|100%|HC|  |TAMS 0x0000000088f00000, 0x0000000088e00000| Complete 
| 143|0x0000000088f00000, 0x0000000089000000, 0x0000000089000000|100%| O|  |TAMS 0x0000000089000000, 0x0000000088f00000| Untracked 
| 144|0x0000000089000000, 0x0000000089100000, 0x0000000089100000|100%| O|  |TAMS 0x0000000089100000, 0x0000000089000000| Untracked 
| 145|0x0000000089100000, 0x0000000089200000, 0x0000000089200000|100%| O|  |TAMS 0x0000000089200000, 0x0000000089100000| Untracked 
| 146|0x0000000089200000, 0x0000000089300000, 0x0000000089300000|100%| O|  |TAMS 0x0000000089300000, 0x0000000089200000| Untracked 
| 147|0x0000000089300000, 0x0000000089400000, 0x0000000089400000|100%| O|  |TAMS 0x0000000089400000, 0x0000000089300000| Untracked 
| 148|0x0000000089400000, 0x0000000089500000, 0x0000000089500000|100%|HS|  |TAMS 0x0000000089500000, 0x0000000089400000| Complete 
| 149|0x0000000089500000, 0x0000000089600000, 0x0000000089600000|100%| O|  |TAMS 0x0000000089600000, 0x0000000089500000| Untracked 
| 150|0x0000000089600000, 0x0000000089700000, 0x0000000089700000|100%| O|  |TAMS 0x0000000089700000, 0x0000000089600000| Untracked 
| 151|0x0000000089700000, 0x0000000089800000, 0x0000000089800000|100%| O|  |TAMS 0x0000000089800000, 0x0000000089700000| Untracked 
| 152|0x0000000089800000, 0x0000000089900000, 0x0000000089900000|100%| O|  |TAMS 0x0000000089900000, 0x0000000089800000| Untracked 
| 153|0x0000000089900000, 0x0000000089a00000, 0x0000000089a00000|100%| O|  |TAMS 0x0000000089a00000, 0x0000000089900000| Untracked 
| 154|0x0000000089a00000, 0x0000000089b00000, 0x0000000089b00000|100%| O|  |TAMS 0x0000000089b00000, 0x0000000089a00000| Untracked 
| 155|0x0000000089b00000, 0x0000000089c00000, 0x0000000089c00000|100%| O|  |TAMS 0x0000000089c00000, 0x0000000089b00000| Untracked 
| 156|0x0000000089c00000, 0x0000000089d00000, 0x0000000089d00000|100%| O|  |TAMS 0x0000000089c87800, 0x0000000089c00000| Untracked 
| 157|0x0000000089d00000, 0x0000000089e00000, 0x0000000089e00000|100%| O|  |TAMS 0x0000000089d00000, 0x0000000089d00000| Untracked 
| 158|0x0000000089e00000, 0x0000000089f00000, 0x0000000089f00000|100%| O|  |TAMS 0x0000000089e00000, 0x0000000089e00000| Untracked 
| 159|0x0000000089f00000, 0x000000008a000000, 0x000000008a000000|100%| O|  |TAMS 0x0000000089f00000, 0x0000000089f00000| Untracked 
| 160|0x000000008a000000, 0x000000008a100000, 0x000000008a100000|100%| O|  |TAMS 0x000000008a000000, 0x000000008a000000| Untracked 
| 161|0x000000008a100000, 0x000000008a200000, 0x000000008a200000|100%| O|  |TAMS 0x000000008a100000, 0x000000008a100000| Untracked 
| 162|0x000000008a200000, 0x000000008a2d1800, 0x000000008a300000| 81%| O|  |TAMS 0x000000008a200000, 0x000000008a200000| Untracked 
| 163|0x000000008a300000, 0x000000008a300000, 0x000000008a400000|  0%| F|  |TAMS 0x000000008a300000, 0x000000008a300000| Untracked 
| 164|0x000000008a400000, 0x000000008a400000, 0x000000008a500000|  0%| F|  |TAMS 0x000000008a400000, 0x000000008a400000| Untracked 
| 165|0x000000008a500000, 0x000000008a500000, 0x000000008a600000|  0%| F|  |TAMS 0x000000008a500000, 0x000000008a500000| Untracked 
| 166|0x000000008a600000, 0x000000008a600000, 0x000000008a700000|  0%| F|  |TAMS 0x000000008a600000, 0x000000008a600000| Untracked 
| 167|0x000000008a700000, 0x000000008a700000, 0x000000008a800000|  0%| F|  |TAMS 0x000000008a700000, 0x000000008a700000| Untracked 
| 168|0x000000008a800000, 0x000000008a800000, 0x000000008a900000|  0%| F|  |TAMS 0x000000008a800000, 0x000000008a800000| Untracked 
| 169|0x000000008a900000, 0x000000008a900000, 0x000000008aa00000|  0%| F|  |TAMS 0x000000008a900000, 0x000000008a900000| Untracked 
| 170|0x000000008aa00000, 0x000000008aa00000, 0x000000008ab00000|  0%| F|  |TAMS 0x000000008aa00000, 0x000000008aa00000| Untracked 
| 171|0x000000008ab00000, 0x000000008ab00000, 0x000000008ac00000|  0%| F|  |TAMS 0x000000008ab00000, 0x000000008ab00000| Untracked 
| 172|0x000000008ac00000, 0x000000008ac00000, 0x000000008ad00000|  0%| F|  |TAMS 0x000000008ac00000, 0x000000008ac00000| Untracked 
| 173|0x000000008ad00000, 0x000000008ad00000, 0x000000008ae00000|  0%| F|  |TAMS 0x000000008ad00000, 0x000000008ad00000| Untracked 
| 174|0x000000008ae00000, 0x000000008ae00000, 0x000000008af00000|  0%| F|  |TAMS 0x000000008ae00000, 0x000000008ae00000| Untracked 
| 175|0x000000008af00000, 0x000000008af00000, 0x000000008b000000|  0%| F|  |TAMS 0x000000008af00000, 0x000000008af00000| Untracked 
| 176|0x000000008b000000, 0x000000008b000000, 0x000000008b100000|  0%| F|  |TAMS 0x000000008b000000, 0x000000008b000000| Untracked 
| 177|0x000000008b100000, 0x000000008b100000, 0x000000008b200000|  0%| F|  |TAMS 0x000000008b100000, 0x000000008b100000| Untracked 
| 178|0x000000008b200000, 0x000000008b200000, 0x000000008b300000|  0%| F|  |TAMS 0x000000008b200000, 0x000000008b200000| Untracked 
| 179|0x000000008b300000, 0x000000008b300000, 0x000000008b400000|  0%| F|  |TAMS 0x000000008b300000, 0x000000008b300000| Untracked 
| 180|0x000000008b400000, 0x000000008b400000, 0x000000008b500000|  0%| F|  |TAMS 0x000000008b400000, 0x000000008b400000| Untracked 
| 181|0x000000008b500000, 0x000000008b500000, 0x000000008b600000|  0%| F|  |TAMS 0x000000008b500000, 0x000000008b500000| Untracked 
| 182|0x000000008b600000, 0x000000008b600000, 0x000000008b700000|  0%| F|  |TAMS 0x000000008b600000, 0x000000008b600000| Untracked 
| 183|0x000000008b700000, 0x000000008b700000, 0x000000008b800000|  0%| F|  |TAMS 0x000000008b700000, 0x000000008b700000| Untracked 
| 184|0x000000008b800000, 0x000000008b800000, 0x000000008b900000|  0%| F|  |TAMS 0x000000008b800000, 0x000000008b800000| Untracked 
| 185|0x000000008b900000, 0x000000008b900000, 0x000000008ba00000|  0%| F|  |TAMS 0x000000008b900000, 0x000000008b900000| Untracked 
| 186|0x000000008ba00000, 0x000000008ba00000, 0x000000008bb00000|  0%| F|  |TAMS 0x000000008ba00000, 0x000000008ba00000| Untracked 
| 187|0x000000008bb00000, 0x000000008bb00000, 0x000000008bc00000|  0%| F|  |TAMS 0x000000008bb00000, 0x000000008bb00000| Untracked 
| 188|0x000000008bc00000, 0x000000008bc00000, 0x000000008bd00000|  0%| F|  |TAMS 0x000000008bc00000, 0x000000008bc00000| Untracked 
| 189|0x000000008bd00000, 0x000000008bd00000, 0x000000008be00000|  0%| F|  |TAMS 0x000000008bd00000, 0x000000008bd00000| Untracked 
| 190|0x000000008be00000, 0x000000008be00000, 0x000000008bf00000|  0%| F|  |TAMS 0x000000008be00000, 0x000000008be00000| Untracked 
| 191|0x000000008bf00000, 0x000000008bf00000, 0x000000008c000000|  0%| F|  |TAMS 0x000000008bf00000, 0x000000008bf00000| Untracked 
| 192|0x000000008c000000, 0x000000008c000000, 0x000000008c100000|  0%| F|  |TAMS 0x000000008c000000, 0x000000008c000000| Untracked 
| 193|0x000000008c100000, 0x000000008c100000, 0x000000008c200000|  0%| F|  |TAMS 0x000000008c100000, 0x000000008c100000| Untracked 
| 194|0x000000008c200000, 0x000000008c200000, 0x000000008c300000|  0%| F|  |TAMS 0x000000008c200000, 0x000000008c200000| Untracked 
| 195|0x000000008c300000, 0x000000008c300000, 0x000000008c400000|  0%| F|  |TAMS 0x000000008c300000, 0x000000008c300000| Untracked 
| 196|0x000000008c400000, 0x000000008c400000, 0x000000008c500000|  0%| F|  |TAMS 0x000000008c400000, 0x000000008c400000| Untracked 
| 197|0x000000008c500000, 0x000000008c500000, 0x000000008c600000|  0%| F|  |TAMS 0x000000008c500000, 0x000000008c500000| Untracked 
| 198|0x000000008c600000, 0x000000008c600000, 0x000000008c700000|  0%| F|  |TAMS 0x000000008c600000, 0x000000008c600000| Untracked 
| 199|0x000000008c700000, 0x000000008c700000, 0x000000008c800000|  0%| F|  |TAMS 0x000000008c700000, 0x000000008c700000| Untracked 
| 200|0x000000008c800000, 0x000000008c800000, 0x000000008c900000|  0%| F|  |TAMS 0x000000008c800000, 0x000000008c800000| Untracked 
| 201|0x000000008c900000, 0x000000008c900000, 0x000000008ca00000|  0%| F|  |TAMS 0x000000008c900000, 0x000000008c900000| Untracked 
| 202|0x000000008ca00000, 0x000000008ca00000, 0x000000008cb00000|  0%| F|  |TAMS 0x000000008ca00000, 0x000000008ca00000| Untracked 
| 203|0x000000008cb00000, 0x000000008cb00000, 0x000000008cc00000|  0%| F|  |TAMS 0x000000008cb00000, 0x000000008cb00000| Untracked 
| 204|0x000000008cc00000, 0x000000008cc00000, 0x000000008cd00000|  0%| F|  |TAMS 0x000000008cc00000, 0x000000008cc00000| Untracked 
| 205|0x000000008cd00000, 0x000000008cd00000, 0x000000008ce00000|  0%| F|  |TAMS 0x000000008cd00000, 0x000000008cd00000| Untracked 
| 206|0x000000008ce00000, 0x000000008ce00000, 0x000000008cf00000|  0%| F|  |TAMS 0x000000008ce00000, 0x000000008ce00000| Untracked 
| 207|0x000000008cf00000, 0x000000008cf00000, 0x000000008d000000|  0%| F|  |TAMS 0x000000008cf00000, 0x000000008cf00000| Untracked 
| 208|0x000000008d000000, 0x000000008d000000, 0x000000008d100000|  0%| F|  |TAMS 0x000000008d000000, 0x000000008d000000| Untracked 
| 209|0x000000008d100000, 0x000000008d100000, 0x000000008d200000|  0%| F|  |TAMS 0x000000008d100000, 0x000000008d100000| Untracked 
| 210|0x000000008d200000, 0x000000008d200000, 0x000000008d300000|  0%| F|  |TAMS 0x000000008d200000, 0x000000008d200000| Untracked 
| 211|0x000000008d300000, 0x000000008d300000, 0x000000008d400000|  0%| F|  |TAMS 0x000000008d300000, 0x000000008d300000| Untracked 
| 212|0x000000008d400000, 0x000000008d400000, 0x000000008d500000|  0%| F|  |TAMS 0x000000008d400000, 0x000000008d400000| Untracked 
| 213|0x000000008d500000, 0x000000008d500000, 0x000000008d600000|  0%| F|  |TAMS 0x000000008d500000, 0x000000008d500000| Untracked 
| 214|0x000000008d600000, 0x000000008d700000, 0x000000008d700000|100%| S|CS|TAMS 0x000000008d600000, 0x000000008d600000| Complete 
| 215|0x000000008d700000, 0x000000008d800000, 0x000000008d800000|100%| S|CS|TAMS 0x000000008d700000, 0x000000008d700000| Complete 
| 216|0x000000008d800000, 0x000000008d900000, 0x000000008d900000|100%| S|CS|TAMS 0x000000008d800000, 0x000000008d800000| Complete 
| 217|0x000000008d900000, 0x000000008da00000, 0x000000008da00000|100%| S|CS|TAMS 0x000000008d900000, 0x000000008d900000| Complete 
| 218|0x000000008da00000, 0x000000008db00000, 0x000000008db00000|100%| S|CS|TAMS 0x000000008da00000, 0x000000008da00000| Complete 
| 219|0x000000008db00000, 0x000000008dc00000, 0x000000008dc00000|100%| S|CS|TAMS 0x000000008db00000, 0x000000008db00000| Complete 
| 220|0x000000008dc00000, 0x000000008dc00000, 0x000000008dd00000|  0%| F|  |TAMS 0x000000008dc00000, 0x000000008dc00000| Untracked 
| 221|0x000000008dd00000, 0x000000008dd00000, 0x000000008de00000|  0%| F|  |TAMS 0x000000008dd00000, 0x000000008dd00000| Untracked 
| 222|0x000000008de00000, 0x000000008de00000, 0x000000008df00000|  0%| F|  |TAMS 0x000000008de00000, 0x000000008de00000| Untracked 
| 223|0x000000008df00000, 0x000000008e000000, 0x000000008e000000|100%| S|CS|TAMS 0x000000008df00000, 0x000000008df00000| Complete 
| 224|0x000000008e000000, 0x000000008e000000, 0x000000008e100000|  0%| F|  |TAMS 0x000000008e000000, 0x000000008e000000| Untracked 
| 225|0x000000008e100000, 0x000000008e100000, 0x000000008e200000|  0%| F|  |TAMS 0x000000008e100000, 0x000000008e100000| Untracked 
| 226|0x000000008e200000, 0x000000008e200000, 0x000000008e300000|  0%| F|  |TAMS 0x000000008e200000, 0x000000008e200000| Untracked 
| 227|0x000000008e300000, 0x000000008e300000, 0x000000008e400000|  0%| F|  |TAMS 0x000000008e300000, 0x000000008e300000| Untracked 
| 228|0x000000008e400000, 0x000000008e400000, 0x000000008e500000|  0%| F|  |TAMS 0x000000008e400000, 0x000000008e400000| Untracked 
| 229|0x000000008e500000, 0x000000008e500000, 0x000000008e600000|  0%| F|  |TAMS 0x000000008e500000, 0x000000008e500000| Untracked 
| 230|0x000000008e600000, 0x000000008e600000, 0x000000008e700000|  0%| F|  |TAMS 0x000000008e600000, 0x000000008e600000| Untracked 
| 231|0x000000008e700000, 0x000000008e700000, 0x000000008e800000|  0%| F|  |TAMS 0x000000008e700000, 0x000000008e700000| Untracked 
| 232|0x000000008e800000, 0x000000008e800000, 0x000000008e900000|  0%| F|  |TAMS 0x000000008e800000, 0x000000008e800000| Untracked 
| 233|0x000000008e900000, 0x000000008e900000, 0x000000008ea00000|  0%| F|  |TAMS 0x000000008e900000, 0x000000008e900000| Untracked 
| 234|0x000000008ea00000, 0x000000008ea00000, 0x000000008eb00000|  0%| F|  |TAMS 0x000000008ea00000, 0x000000008ea00000| Untracked 
| 235|0x000000008eb00000, 0x000000008eb00000, 0x000000008ec00000|  0%| F|  |TAMS 0x000000008eb00000, 0x000000008eb00000| Untracked 
| 236|0x000000008ec00000, 0x000000008ec80800, 0x000000008ed00000| 50%| E|  |TAMS 0x000000008ec00000, 0x000000008ec00000| Complete 
| 237|0x000000008ed00000, 0x000000008ee00000, 0x000000008ee00000|100%| E|CS|TAMS 0x000000008ed00000, 0x000000008ed00000| Complete 
| 238|0x000000008ee00000, 0x000000008ef00000, 0x000000008ef00000|100%| E|CS|TAMS 0x000000008ee00000, 0x000000008ee00000| Complete 
| 239|0x000000008ef00000, 0x000000008f000000, 0x000000008f000000|100%| E|CS|TAMS 0x000000008ef00000, 0x000000008ef00000| Complete 
| 240|0x000000008f000000, 0x000000008f100000, 0x000000008f100000|100%| E|CS|TAMS 0x000000008f000000, 0x000000008f000000| Complete 
| 241|0x000000008f100000, 0x000000008f200000, 0x000000008f200000|100%| E|CS|TAMS 0x000000008f100000, 0x000000008f100000| Complete 
| 242|0x000000008f200000, 0x000000008f300000, 0x000000008f300000|100%| E|CS|TAMS 0x000000008f200000, 0x000000008f200000| Complete 
| 243|0x000000008f300000, 0x000000008f400000, 0x000000008f400000|100%| E|CS|TAMS 0x000000008f300000, 0x000000008f300000| Complete 
| 244|0x000000008f400000, 0x000000008f500000, 0x000000008f500000|100%| E|CS|TAMS 0x000000008f400000, 0x000000008f400000| Complete 
| 245|0x000000008f500000, 0x000000008f600000, 0x000000008f600000|100%| E|CS|TAMS 0x000000008f500000, 0x000000008f500000| Complete 
| 246|0x000000008f600000, 0x000000008f700000, 0x000000008f700000|100%| E|CS|TAMS 0x000000008f600000, 0x000000008f600000| Complete 
| 247|0x000000008f700000, 0x000000008f800000, 0x000000008f800000|100%| E|CS|TAMS 0x000000008f700000, 0x000000008f700000| Complete 
| 248|0x000000008f800000, 0x000000008f900000, 0x000000008f900000|100%| E|CS|TAMS 0x000000008f800000, 0x000000008f800000| Complete 
| 249|0x000000008f900000, 0x000000008fa00000, 0x000000008fa00000|100%| E|CS|TAMS 0x000000008f900000, 0x000000008f900000| Complete 
| 250|0x000000008fa00000, 0x000000008fb00000, 0x000000008fb00000|100%| E|CS|TAMS 0x000000008fa00000, 0x000000008fa00000| Complete 
| 251|0x000000008fb00000, 0x000000008fc00000, 0x000000008fc00000|100%| E|CS|TAMS 0x000000008fb00000, 0x000000008fb00000| Complete 
| 252|0x000000008fc00000, 0x000000008fd00000, 0x000000008fd00000|100%| E|CS|TAMS 0x000000008fc00000, 0x000000008fc00000| Complete 
| 253|0x000000008fd00000, 0x000000008fe00000, 0x000000008fe00000|100%| E|CS|TAMS 0x000000008fd00000, 0x000000008fd00000| Complete 
| 254|0x000000008fe00000, 0x000000008ff00000, 0x000000008ff00000|100%| E|CS|TAMS 0x000000008fe00000, 0x000000008fe00000| Complete 
| 255|0x000000008ff00000, 0x0000000090000000, 0x0000000090000000|100%| E|CS|TAMS 0x000000008ff00000, 0x000000008ff00000| Complete 
| 256|0x0000000090000000, 0x0000000090100000, 0x0000000090100000|100%| E|CS|TAMS 0x0000000090000000, 0x0000000090000000| Complete 
| 257|0x0000000090100000, 0x0000000090200000, 0x0000000090200000|100%| E|CS|TAMS 0x0000000090100000, 0x0000000090100000| Complete 
| 258|0x0000000090200000, 0x0000000090300000, 0x0000000090300000|100%| E|CS|TAMS 0x0000000090200000, 0x0000000090200000| Complete 
| 259|0x0000000090300000, 0x0000000090400000, 0x0000000090400000|100%| E|CS|TAMS 0x0000000090300000, 0x0000000090300000| Complete 
| 260|0x0000000090400000, 0x0000000090500000, 0x0000000090500000|100%| E|CS|TAMS 0x0000000090400000, 0x0000000090400000| Complete 
| 261|0x0000000090500000, 0x0000000090600000, 0x0000000090600000|100%| E|CS|TAMS 0x0000000090500000, 0x0000000090500000| Complete 
| 262|0x0000000090600000, 0x0000000090700000, 0x0000000090700000|100%| E|CS|TAMS 0x0000000090600000, 0x0000000090600000| Complete 
| 263|0x0000000090700000, 0x0000000090800000, 0x0000000090800000|100%| E|CS|TAMS 0x0000000090700000, 0x0000000090700000| Complete 
| 264|0x0000000090800000, 0x0000000090900000, 0x0000000090900000|100%| E|CS|TAMS 0x0000000090800000, 0x0000000090800000| Complete 
| 265|0x0000000090900000, 0x0000000090a00000, 0x0000000090a00000|100%| E|CS|TAMS 0x0000000090900000, 0x0000000090900000| Complete 
| 266|0x0000000090a00000, 0x0000000090b00000, 0x0000000090b00000|100%| E|CS|TAMS 0x0000000090a00000, 0x0000000090a00000| Complete 

Card table byte_map: [0x00000235e4c70000,0x00000235e5070000] _byte_map_base: 0x00000235e4870000

Marking Bits (Prev, Next): (CMBitMap*) 0x00000235ccf1b7e8, (CMBitMap*) 0x00000235ccf1b820
 Prev Bits: [0x00000235e5470000, 0x00000235e7470000)
 Next Bits: [0x00000235e7470000, 0x00000235e9470000)

Polling page: 0x00000235cb5f0000

Metaspace:

Usage:
  Non-class:     98.05 MB capacity,    95.64 MB ( 98%) used,     2.08 MB (  2%) free+waste,   332.31 KB ( <1%) overhead. 
      Class:     16.04 MB capacity,    14.58 MB ( 91%) used,     1.31 MB (  8%) free+waste,   153.19 KB ( <1%) overhead. 
       Both:    114.09 MB capacity,   110.22 MB ( 97%) used,     3.40 MB (  3%) free+waste,   485.50 KB ( <1%) overhead. 

Virtual space:
  Non-class space:      100.00 MB reserved,      98.25 MB ( 98%) committed 
      Class space:      504.00 MB reserved,      16.07 MB (  3%) committed 
             Both:      604.00 MB reserved,     114.32 MB ( 19%) committed 

Chunk freelists:
   Non-Class:  1.75 KB
       Class:  2.38 KB
        Both:  4.13 KB

CodeHeap 'non-profiled nmethods': size=120064Kb used=9263Kb max_used=9263Kb free=110800Kb
 bounds [0x00000235dcd10000, 0x00000235dd620000, 0x00000235e4250000]
CodeHeap 'profiled nmethods': size=120000Kb used=31836Kb max_used=31836Kb free=88163Kb
 bounds [0x00000235d57e0000, 0x00000235d7710000, 0x00000235dcd10000]
CodeHeap 'non-nmethods': size=5696Kb used=2332Kb max_used=2377Kb free=3363Kb
 bounds [0x00000235d5250000, 0x00000235d54c0000, 0x00000235d57e0000]
 total_blobs=18570 nmethods=13391 adapters=853
 compilation: enabled
              stopped_count=0, restarted_count=0
 full_count=0

Compilation events (10 events):
Event: 230.021 Thread 0x00000235ec40a800 14005       3       org.gradle.api.internal.artifacts.dependencies.AbstractModuleDependency::getAttributes (23 bytes)
Event: 230.022 Thread 0x00000235ec40a800 nmethod 14005 0x00000235d76e4c10 code [0x00000235d76e4de0, 0x00000235d76e5070]
Event: 230.023 Thread 0x00000235ec40a800 14006       3       org.gradle.api.internal.artifacts.ivyservice.resolveengine.graph.builder.PendingDependencies::registerConstraintProvider (47 bytes)
Event: 230.024 Thread 0x00000235ec40a800 nmethod 14006 0x00000235d76e5110 code [0x00000235d76e5320, 0x00000235d76e5960]
Event: 230.024 Thread 0x00000235ec40a800 14007       3       java.util.BitSet::<init> (56 bytes)
Event: 230.025 Thread 0x00000235ec40a800 nmethod 14007 0x00000235d76e5b90 code [0x00000235d76e5e20, 0x00000235d76e68e0]
Event: 230.025 Thread 0x00000235ec40a800 14008       3       org.gradle.api.internal.artifacts.repositories.resolver.ExternalResourceResolver$LocalRepositoryAccess::estimateMetadataFetchingCost (4 bytes)
Event: 230.026 Thread 0x00000235ec40a800 nmethod 14008 0x00000235d76e6c90 code [0x00000235d76e6e40, 0x00000235d76e6fb8]
Event: 230.026 Thread 0x00000235ec40a800 14009       1       org.gradle.api.internal.artifacts.ivyservice.resolveengine.graph.builder.RootNode::isRoot (2 bytes)
Event: 230.026 Thread 0x00000235ec40a800 nmethod 14009 0x00000235dd61b590 code [0x00000235dd61b740, 0x00000235dd61b858]

GC Heap History (10 events):
Event: 221.529 GC heap before
{Heap before GC invocations=69 (full 0):
 garbage-first heap   total 273408K, used 195147K [0x0000000080000000, 0x0000000100000000)
  region size 1024K, 49 young (50176K), 2 survivors (2048K)
 Metaspace       used 104927K, capacity 108341K, committed 108492K, reserved 610304K
  class space    used 13903K, capacity 15217K, committed 15308K, reserved 516096K
}
Event: 221.541 GC heap after
{Heap after GC invocations=70 (full 0):
 garbage-first heap   total 273408K, used 150774K [0x0000000080000000, 0x0000000100000000)
  region size 1024K, 5 young (5120K), 5 survivors (5120K)
 Metaspace       used 104927K, capacity 108341K, committed 108492K, reserved 610304K
  class space    used 13903K, capacity 15217K, committed 15308K, reserved 516096K
}
Event: 222.364 GC heap before
{Heap before GC invocations=70 (full 0):
 garbage-first heap   total 273408K, used 167158K [0x0000000080000000, 0x0000000100000000)
  region size 1024K, 23 young (23552K), 5 survivors (5120K)
 Metaspace       used 105174K, capacity 108680K, committed 108748K, reserved 610304K
  class space    used 13928K, capacity 15274K, committed 15308K, reserved 516096K
}
Event: 222.383 GC heap after
{Heap after GC invocations=71 (full 0):
 garbage-first heap   total 273408K, used 154358K [0x0000000080000000, 0x0000000100000000)
  region size 1024K, 4 young (4096K), 4 survivors (4096K)
 Metaspace       used 105174K, capacity 108680K, committed 108748K, reserved 610304K
  class space    used 13928K, capacity 15274K, committed 15308K, reserved 516096K
}
Event: 223.835 GC heap before
{Heap before GC invocations=72 (full 0):
 garbage-first heap   total 273408K, used 199414K [0x0000000080000000, 0x0000000100000000)
  region size 1024K, 47 young (48128K), 4 survivors (4096K)
 Metaspace       used 107237K, capacity 110769K, committed 110924K, reserved 612352K
  class space    used 14191K, capacity 15583K, committed 15692K, reserved 516096K
}
Event: 223.850 GC heap after
{Heap after GC invocations=73 (full 0):
 garbage-first heap   total 273408K, used 159904K [0x0000000080000000, 0x0000000100000000)
  region size 1024K, 6 young (6144K), 6 survivors (6144K)
 Metaspace       used 107237K, capacity 110769K, committed 110924K, reserved 612352K
  class space    used 14191K, capacity 15583K, committed 15692K, reserved 516096K
}
Event: 226.036 GC heap before
{Heap before GC invocations=73 (full 0):
 garbage-first heap   total 273408K, used 204960K [0x0000000080000000, 0x0000000100000000)
  region size 1024K, 50 young (51200K), 6 survivors (6144K)
 Metaspace       used 110192K, capacity 114013K, committed 114252K, reserved 614400K
  class space    used 14653K, capacity 16127K, committed 16204K, reserved 516096K
}
Event: 226.070 GC heap after
{Heap after GC invocations=74 (full 0):
 garbage-first heap   total 273408K, used 166899K [0x0000000080000000, 0x0000000100000000)
  region size 1024K, 7 young (7168K), 7 survivors (7168K)
 Metaspace       used 110192K, capacity 114013K, committed 114252K, reserved 614400K
  class space    used 14653K, capacity 16127K, committed 16204K, reserved 516096K
}
Event: 228.743 GC heap before
{Heap before GC invocations=75 (full 0):
 garbage-first heap   total 273408K, used 210931K [0x0000000080000000, 0x0000000100000000)
  region size 1024K, 50 young (51200K), 7 survivors (7168K)
 Metaspace       used 112672K, capacity 116529K, committed 116812K, reserved 616448K
  class space    used 14919K, capacity 16394K, committed 16460K, reserved 516096K
}
Event: 228.789 GC heap after
{Heap after GC invocations=76 (full 0):
 garbage-first heap   total 273408K, used 173894K [0x0000000080000000, 0x0000000100000000)
  region size 1024K, 7 young (7168K), 7 survivors (7168K)
 Metaspace       used 112672K, capacity 116529K, committed 116812K, reserved 616448K
  class space    used 14919K, capacity 16394K, committed 16460K, reserved 516096K
}

Deoptimization events (10 events):
Event: 228.620 Thread 0x00000235eeae5800 Uncommon trap: reason=bimorphic_or_optimized_type_check action=maybe_recompile pc=0x00000235dd0cd464 method=com.google.common.collect.ImmutableList.copyOf(Ljava/util/Collection;)Lcom/google/common/collect/ImmutableList; @ 11 c2
Event: 228.627 Thread 0x00000235eeae5800 Uncommon trap: reason=bimorphic_or_optimized_type_check action=maybe_recompile pc=0x00000235dd5e522c method=org.gradle.internal.component.model.ComponentAttributeMatcher$CachedQuery.of(Lorg/gradle/internal/component/model/AttributeSelectionSchema;Lorg/gra
Event: 228.642 Thread 0x00000235eeae5800 Uncommon trap: reason=bimorphic_or_optimized_type_check action=maybe_recompile pc=0x00000235dd5e522c method=org.gradle.internal.component.model.ComponentAttributeMatcher$CachedQuery.of(Lorg/gradle/internal/component/model/AttributeSelectionSchema;Lorg/gra
Event: 228.643 Thread 0x00000235eeae5800 Uncommon trap: reason=bimorphic_or_optimized_type_check action=maybe_recompile pc=0x00000235dd5e522c method=org.gradle.internal.component.model.ComponentAttributeMatcher$CachedQuery.of(Lorg/gradle/internal/component/model/AttributeSelectionSchema;Lorg/gra
Event: 228.643 Thread 0x00000235eeae5800 Uncommon trap: reason=bimorphic_or_optimized_type_check action=maybe_recompile pc=0x00000235dd5e522c method=org.gradle.internal.component.model.ComponentAttributeMatcher$CachedQuery.of(Lorg/gradle/internal/component/model/AttributeSelectionSchema;Lorg/gra
Event: 228.647 Thread 0x00000235eeae5800 Uncommon trap: reason=bimorphic_or_optimized_type_check action=maybe_recompile pc=0x00000235dd0cd464 method=com.google.common.collect.ImmutableList.copyOf(Ljava/util/Collection;)Lcom/google/common/collect/ImmutableList; @ 11 c2
Event: 228.648 Thread 0x00000235eeae5800 Uncommon trap: reason=bimorphic_or_optimized_type_check action=maybe_recompile pc=0x00000235dd0cd464 method=com.google.common.collect.ImmutableList.copyOf(Ljava/util/Collection;)Lcom/google/common/collect/ImmutableList; @ 11 c2
Event: 228.790 Thread 0x00000235ebaa2800 Uncommon trap: reason=unstable_if action=reinterpret pc=0x00000235dd2e8d60 method=java.lang.ThreadLocal.remove()V @ 9 c2
Event: 228.818 Thread 0x00000235eeae5800 Uncommon trap: reason=unstable_if action=reinterpret pc=0x00000235dd520a80 method=org.gradle.api.internal.artifacts.configurations.DefaultConfiguration.preventIllegalMutation(Lorg/gradle/api/internal/artifacts/configurations/MutationValidator$MutationType
Event: 229.142 Thread 0x00000235eeae5800 Uncommon trap: reason=unstable_if action=reinterpret pc=0x00000235dd5842f8 method=java.lang.ClassLoader.definePackage(Ljava/lang/String;Ljava/lang/Module;)Ljava/lang/Package; @ 4 c2

Classes redefined (0 events):
No events

Internal exceptions (10 events):
Event: 226.444 Thread 0x00000235eeae5800 Exception <a 'sun/nio/fs/WindowsException'{0x00000000906155d0}> (0x00000000906155d0) thrown at [t:/workspace/open/src/hotspot/share/prims/jni.cpp, line 615]
Event: 226.444 Thread 0x00000235eeae5800 Exception <a 'sun/nio/fs/WindowsException'{0x00000000906169e8}> (0x00000000906169e8) thrown at [t:/workspace/open/src/hotspot/share/prims/jni.cpp, line 615]
Event: 226.588 Thread 0x00000235eeae5800 Implicit null exception at 0x00000235dd593b39 to 0x00000235dd593c71
Event: 226.625 Thread 0x00000235eeae5800 Implicit null exception at 0x00000235dd44249f to 0x00000235dd4425b2
Event: 227.718 Thread 0x00000235eeae5800 Implicit null exception at 0x00000235dd51a5fb to 0x00000235dd51a9a6
Event: 228.790 Thread 0x00000235ebaa2800 Implicit null exception at 0x00000235dd2e862d to 0x00000235dd2e8d4e
Event: 229.642 Thread 0x00000235eeae5800 Exception <a 'sun/nio/fs/WindowsException'{0x000000008f922770}> (0x000000008f922770) thrown at [t:/workspace/open/src/hotspot/share/prims/jni.cpp, line 615]
Event: 229.642 Thread 0x00000235eeae5800 Exception <a 'sun/nio/fs/WindowsException'{0x000000008f923af8}> (0x000000008f923af8) thrown at [t:/workspace/open/src/hotspot/share/prims/jni.cpp, line 615]
Event: 229.642 Thread 0x00000235eeae5800 Exception <a 'sun/nio/fs/WindowsException'{0x000000008f924ed0}> (0x000000008f924ed0) thrown at [t:/workspace/open/src/hotspot/share/prims/jni.cpp, line 615]
Event: 229.642 Thread 0x00000235eeae5800 Exception <a 'sun/nio/fs/WindowsException'{0x000000008f9262a8}> (0x000000008f9262a8) thrown at [t:/workspace/open/src/hotspot/share/prims/jni.cpp, line 615]

Events (10 events):
Event: 229.153 loading class org/gradle/api/internal/artifacts/repositories/DefaultMavenLocalArtifactRepository$MavenLocalMetadataValidator
Event: 229.153 loading class org/gradle/api/internal/artifacts/repositories/DefaultMavenLocalArtifactRepository$MavenLocalMetadataValidator done
Event: 229.390 loading class org/gradle/api/internal/tasks/TaskDependencyResolveContext
Event: 229.390 loading class org/gradle/api/internal/tasks/TaskDependencyResolveContext done
Event: 229.390 loading class org/gradle/api/internal/tasks/TaskDependencyResolveContext
Event: 229.390 loading class org/gradle/api/internal/tasks/TaskDependencyResolveContext done
Event: 229.390 loading class org/gradle/api/internal/tasks/WorkNodeAction
Event: 229.390 loading class org/gradle/api/internal/tasks/WorkNodeAction done
Event: 229.423 Executing VM operation: ICBufferFull
Event: 229.423 Executing VM operation: ICBufferFull done


Dynamic libraries:
0x00007ff6dddd0000 - 0x00007ff6dde15000 	C:\Users\ARMemon\AppData\Local\jdk-11.0.2\bin\java.exe
0x00007ff8440e0000 - 0x00007ff8442d0000 	C:\WINDOWS\SYSTEM32\ntdll.dll
0x00007ff843700000 - 0x00007ff8437b2000 	C:\WINDOWS\System32\KERNEL32.DLL
0x00007ff841d20000 - 0x00007ff841fc5000 	C:\WINDOWS\System32\KERNELBASE.dll
0x00007ff8434d0000 - 0x00007ff843664000 	C:\WINDOWS\System32\USER32.dll
0x00007ff841cf0000 - 0x00007ff841d11000 	C:\WINDOWS\System32\win32u.dll
0x00007ff843f50000 - 0x00007ff843f76000 	C:\WINDOWS\System32\GDI32.dll
0x00007ff841a30000 - 0x00007ff841bc8000 	C:\WINDOWS\System32\gdi32full.dll
0x00007ff841130000 - 0x00007ff8411ce000 	C:\WINDOWS\System32\msvcp_win.dll
0x00007ff841bd0000 - 0x00007ff841cca000 	C:\WINDOWS\System32\ucrtbase.dll
0x00007ff8315d0000 - 0x00007ff831854000 	C:\WINDOWS\WinSxS\amd64_microsoft.windows.common-controls_6595b64144ccf1df_6.0.18362.1440_none_9e7dbfb9e45e8e67\COMCTL32.dll
0x00007ff843010000 - 0x00007ff8430ae000 	C:\WINDOWS\System32\msvcrt.dll
0x00007ff842cd0000 - 0x00007ff843006000 	C:\WINDOWS\System32\combase.dll
0x00007ff843f80000 - 0x00007ff84409f000 	C:\WINDOWS\System32\RPCRT4.dll
0x00007ff8410a0000 - 0x00007ff841121000 	C:\WINDOWS\System32\bcryptPrimitives.dll
0x00007ff843670000 - 0x00007ff84369e000 	C:\WINDOWS\System32\IMM32.DLL
0x00007ff8333c0000 - 0x00007ff8333d6000 	C:\Users\ARMemon\AppData\Local\jdk-11.0.2\bin\vcruntime140.dll
0x00007fffd1ba0000 - 0x00007fffd1c4a000 	C:\Users\ARMemon\AppData\Local\jdk-11.0.2\bin\msvcp140.dll
0x00007fffd0660000 - 0x00007fffd1183000 	C:\Users\ARMemon\AppData\Local\jdk-11.0.2\bin\server\jvm.dll
0x00007ff842190000 - 0x00007ff842233000 	C:\WINDOWS\System32\ADVAPI32.dll
0x00007ff8430b0000 - 0x00007ff843147000 	C:\WINDOWS\System32\sechost.dll
0x00007ff8434c0000 - 0x00007ff8434c8000 	C:\WINDOWS\System32\PSAPI.DLL
0x00007ff83d490000 - 0x00007ff83d499000 	C:\WINDOWS\SYSTEM32\WSOCK32.dll
0x00007ff843e10000 - 0x00007ff843e7f000 	C:\WINDOWS\System32\WS2_32.dll
0x00007ff83ec80000 - 0x00007ff83eca4000 	C:\WINDOWS\SYSTEM32\WINMM.dll
0x00007ff8321e0000 - 0x00007ff8321ea000 	C:\WINDOWS\SYSTEM32\VERSION.dll
0x00007ff83eb20000 - 0x00007ff83eb4d000 	C:\WINDOWS\SYSTEM32\WINMMBASE.dll
0x00007ff841050000 - 0x00007ff84109a000 	C:\WINDOWS\System32\cfgmgr32.dll
0x00007ff840fa0000 - 0x00007ff840fb1000 	C:\WINDOWS\System32\kernel.appcore.dll
0x00007ff822750000 - 0x00007ff822761000 	C:\Users\ARMemon\AppData\Local\jdk-11.0.2\bin\verify.dll
0x00007ff83f810000 - 0x00007ff83fa04000 	C:\WINDOWS\SYSTEM32\DBGHELP.DLL
0x00007ff830540000 - 0x00007ff83056a000 	C:\WINDOWS\SYSTEM32\dbgcore.DLL
0x00007fffe9fb0000 - 0x00007fffe9fd8000 	C:\Users\ARMemon\AppData\Local\jdk-11.0.2\bin\java.dll
0x00007ff8000d0000 - 0x00007ff8000e6000 	C:\Users\ARMemon\AppData\Local\jdk-11.0.2\bin\zip.dll
0x00007ff83d370000 - 0x00007ff83d37a000 	C:\Users\ARMemon\AppData\Local\jdk-11.0.2\bin\jimage.dll
0x00007ff8425e0000 - 0x00007ff842cc8000 	C:\WINDOWS\System32\SHELL32.dll
0x00007ff843890000 - 0x00007ff843937000 	C:\WINDOWS\System32\shcore.dll
0x00007ff8411d0000 - 0x00007ff84194b000 	C:\WINDOWS\System32\windows.storage.dll
0x00007ff840fc0000 - 0x00007ff840fde000 	C:\WINDOWS\System32\profapi.dll
0x00007ff841000000 - 0x00007ff84104a000 	C:\WINDOWS\System32\powrprof.dll
0x00007ff840f90000 - 0x00007ff840fa0000 	C:\WINDOWS\System32\UMPDC.dll
0x00007ff843940000 - 0x00007ff843992000 	C:\WINDOWS\System32\shlwapi.dll
0x00007ff841cd0000 - 0x00007ff841ce7000 	C:\WINDOWS\System32\cryptsp.dll
0x00007fffe85a0000 - 0x00007fffe85b9000 	C:\Users\ARMemon\AppData\Local\jdk-11.0.2\bin\net.dll
0x00007ff834470000 - 0x00007ff83456a000 	C:\WINDOWS\SYSTEM32\WINHTTP.dll
0x00007ff832970000 - 0x00007ff832b47000 	C:\WINDOWS\SYSTEM32\urlmon.dll
0x00007ff8326c0000 - 0x00007ff832967000 	C:\WINDOWS\SYSTEM32\iertutil.dll
0x00007ff840940000 - 0x00007ff84094c000 	C:\WINDOWS\SYSTEM32\CRYPTBASE.DLL
0x00007ff840770000 - 0x00007ff8407d7000 	C:\WINDOWS\system32\mswsock.dll
0x00007fffdf130000 - 0x00007fffdf143000 	C:\Users\ARMemon\AppData\Local\jdk-11.0.2\bin\nio.dll
0x00007fffdefc0000 - 0x00007fffdefe7000 	C:\Users\ARMemon\.gradle\native\e1d6ef7f7dcc3fd88c89a11ec53ec762bb8ba0a96d01ffa2cd45eb1d1d8dd5c5\windows-amd64\native-platform.dll
0x00007fffd1450000 - 0x00007fffd1594000 	C:\Users\ARMemon\.gradle\native\0d407fdbe67a94daf76414ababcb853783967236a71b16ec16e742cd7a986fd3\windows-amd64\native-platform-file-events.dll
0x00007ff8334f0000 - 0x00007ff8334f9000 	C:\Users\ARMemon\AppData\Local\jdk-11.0.2\bin\management.dll
0x00007ff8334c0000 - 0x00007ff8334cc000 	C:\Users\ARMemon\AppData\Local\jdk-11.0.2\bin\management_ext.dll
0x00007ff8402f0000 - 0x00007ff840323000 	C:\WINDOWS\system32\rsaenh.dll
0x00007ff841a00000 - 0x00007ff841a26000 	C:\WINDOWS\System32\bcrypt.dll
0x00007ff840e70000 - 0x00007ff840e95000 	C:\WINDOWS\SYSTEM32\USERENV.dll
0x00007ff840480000 - 0x00007ff8404ba000 	C:\WINDOWS\SYSTEM32\IPHLPAPI.DLL
0x00007ff842320000 - 0x00007ff842328000 	C:\WINDOWS\System32\NSI.dll
0x00007ff834b70000 - 0x00007ff834b86000 	C:\WINDOWS\SYSTEM32\dhcpcsvc6.DLL
0x00007ff834b50000 - 0x00007ff834b6c000 	C:\WINDOWS\SYSTEM32\dhcpcsvc.DLL
0x00007ff8404c0000 - 0x00007ff84058b000 	C:\WINDOWS\SYSTEM32\DNSAPI.dll

dbghelp: loaded successfully - version: 4.0.5 - missing functions: none
symbol engine: initialized successfully - sym options: 0x614 - pdb path: .;C:\Users\ARMemon\AppData\Local\jdk-11.0.2\bin;C:\WINDOWS\SYSTEM32;C:\WINDOWS\WinSxS\amd64_microsoft.windows.common-controls_6595b64144ccf1df_6.0.18362.1440_none_9e7dbfb9e45e8e67;C:\Users\ARMemon\AppData\Local\jdk-11.0.2\bin\server;C:\Users\ARMemon\.gradle\native\e1d6ef7f7dcc3fd88c89a11ec53ec762bb8ba0a96d01ffa2cd45eb1d1d8dd5c5\windows-amd64;C:\Users\ARMemon\.gradle\native\0d407fdbe67a94daf76414ababcb853783967236a71b16ec16e742cd7a986fd3\windows-amd64

VM Arguments:
jvm_args: -XX:MaxMetaspaceSize=512m --add-opens=java.base/java.util=ALL-UNNAMED --add-opens=java.base/java.lang=ALL-UNNAMED --add-opens=java.base/java.lang.invoke=ALL-UNNAMED --add-opens=java.base/java.util=ALL-UNNAMED --add-opens=java.prefs/java.util.prefs=ALL-UNNAMED --add-opens=java.prefs/java.util.prefs=ALL-UNNAMED --add-opens=java.base/java.nio.charset=ALL-UNNAMED --add-opens=java.base/java.net=ALL-UNNAMED --add-opens=java.base/java.util.concurrent.atomic=ALL-UNNAMED -Xmx2048m -Dfile.encoding=windows-1252 -Duser.country=US -Duser.language=en -Duser.variant 
java_command: org.gradle.launcher.daemon.bootstrap.GradleDaemon 7.5.1
java_class_path (initial): C:\Users\ARMemon\.gradle\wrapper\dists\gradle-7.5.1-all\1ehga6e77gqps5uk2kc5kf1vc\gradle-7.5.1\lib\gradle-launcher-7.5.1.jar
Launcher Type: SUN_STANDARD

[Global flags]
     intx CICompilerCount                          = 3                                         {product} {ergonomic}
   size_t CompressedClassSpaceSize                 = 528482304                                 {product} {ergonomic}
     uint ConcGCThreads                            = 1                                         {product} {ergonomic}
     uint G1ConcRefinementThreads                  = 4                                         {product} {ergonomic}
   size_t G1HeapRegionSize                         = 1048576                                   {product} {ergonomic}
    uintx GCDrainStackTargetSize                   = 64                                        {product} {ergonomic}
   size_t InitialHeapSize                          = 134217728                                 {product} {ergonomic}
   size_t MarkStackSize                            = 4194304                                   {product} {ergonomic}
   size_t MaxHeapSize                              = 2147483648                                {product} {command line}
   size_t MaxMetaspaceSize                         = 536870912                                 {product} {command line}
   size_t MaxNewSize                               = 1287651328                                {product} {ergonomic}
   size_t MinHeapDeltaBytes                        = 1048576                                   {product} {ergonomic}
    uintx NonNMethodCodeHeapSize                   = 5830092                                {pd product} {ergonomic}
    uintx NonProfiledCodeHeapSize                  = 122914074                              {pd product} {ergonomic}
    uintx ProfiledCodeHeapSize                     = 122914074                              {pd product} {ergonomic}
    uintx ReservedCodeCacheSize                    = 251658240                              {pd product} {ergonomic}
     bool SegmentedCodeCache                       = true                                      {product} {ergonomic}
     bool UseCompressedClassPointers               = true                                 {lp64_product} {ergonomic}
     bool UseCompressedOops                        = true                                 {lp64_product} {ergonomic}
     bool UseG1GC                                  = true                                      {product} {ergonomic}
     bool UseLargePagesIndividualAllocation        = false                                  {pd product} {ergonomic}

Logging:
Log output configuration:
 #0: stdout all=warning uptime,level,tags
 #1: stderr all=off uptime,level,tags

Environment Variables:
JAVA_HOME=C:\Users\ARMemon\AppData\Local\jdk-11.0.2
CLASSPATH=C:\Users\ARMemon\Desktop\Codes\ReactNative\IEEE_PES\android\\gradle\wrapper\gradle-wrapper.jar
PATH=C:\Users\ARMemon\Desktop\Codes\ReactNative\IEEE_PES\android\node_modules\.bin;C:\Users\ARMemon\Desktop\Codes\ReactNative\IEEE_PES\node_modules\.bin;C:\Users\ARMemon\Desktop\Codes\ReactNative\node_modules\.bin;C:\Users\ARMemon\Desktop\Codes\node_modules\.bin;C:\Users\ARMemon\Desktop\node_modules\.bin;C:\Users\ARMemon\node_modules\.bin;C:\Users\node_modules\.bin;C:\node_modules\.bin;C:\Program Files\nodejs;C:\Users\ARMemon\Desktop\Codes\ReactNative\IEEE_PES\node_modules\.bin;C:\Users\ARMemon\Desktop\Codes\ReactNative\IEEE_PES\node_modules\.bin;C:\Users\ARMemon\Desktop\Codes\ReactNative\node_modules\.bin;C:\Users\ARMemon\Desktop\Codes\node_modules\.bin;C:\Users\ARMemon\Desktop\node_modules\.bin;C:\Users\ARMemon\node_modules\.bin;C:\Users\node_modules\.bin;C:\node_modules\.bin;C:\Users\ARMemon\AppData\Roaming\npm\node_modules\npm\node_modules\@npmcli\run-script\lib\node-gyp-bin;C:\Users\ARMemon\Desktop\Codes\ReactNative\IEEE_PES\node_modules\.bin;C:\Users\ARMemon\Desktop\Codes\ReactNative\node_modules\.bin;C:\Users\ARMemon\Desktop\Codes\node_modules\.bin;C:\Users\ARMemon\Desktop\node_modules\.bin;C:\Users\ARMemon\node_modules\.bin;C:\Users\node_modules\.bin;C:\node_modules\.bin;C:\Program Files\nodejs;C:\Users\ARMemon\Desktop\Codes\ReactNative\IEEE_PES\node_modules\react-native\scripts\node_modules\.bin;C:\Users\ARMemon\Desktop\Codes\ReactNative\IEEE_PES\node_modules\react-native\node_modules\.bin;C:\Users\ARMemon\Desktop\Codes\ReactNative\IEEE_PES\node_modules\node_modules\.bin;C:\Users\ARMemon\Desktop\Codes\ReactNative\IEEE_PES\node_modules\.bin;C:\Users\ARMemon\Desktop\Codes\ReactNative\node_modules\.bin;C:\Users\ARMemon\Desktop\Codes\node_modules\.bin;C:\Users\ARMemon\Desktop\node_modules\.bin;C:\Users\ARMemon\node_modules\.bin;C:\Users\node_modules\.bin;C:\node_modules\.bin;C:\Program Files\nodejs;C:\Users\ARMemon\Desktop\Codes\ReactNative\IEEE_PES\node_modules\.bin;C:\Users\ARMemon\Desktop\Codes\ReactNative\node_modules\.bin;C:\Users\ARMemon\Desktop\Codes\node_m
USERNAME=ARMemon
OS=Windows_NT
PROCESSOR_IDENTIFIER=Intel64 Family 6 Model 142 Stepping 9, GenuineIntel



---------------  S Y S T E M  ---------------

OS: Windows 10 , 64 bit Build 18362 (10.0.18362.1350)

CPU:total 4 (initial active 4) (2 cores per cpu, 2 threads per core) family 6 model 142 stepping 9, cmov, cx8, fxsr, mmx, sse, sse2, sse3, ssse3, sse4.1, sse4.2, popcnt, avx, avx2, aes, clmul, erms, 3dnowpref, lzcnt, ht, tsc, tscinvbit, bmi1, bmi2, adx, fma

Memory: 4k page, system-wide physical 8078M (309M free)
TotalPageFile size 17921M (AvailPageFile size 10M)
current process WorkingSet (physical memory assigned to process): 546M, peak: 546M
current process commit charge ("private bytes"): 633M, peak: 634M

vm_info: OpenJDK 64-Bit Server VM (11.0.2+9) for windows-amd64 JRE (11.0.2+9), built on Jan 18 2019 05:23:22 by "mach5one" with MS VC++ 15.5 (VS2017)

END.
