#
# There is insufficient memory for the Java Runtime Environment to continue.
# Native memory allocation (malloc) failed to allocate 230896 bytes for Chunk::new
# Possible reasons:
#   The system is out of physical RAM or swap space
#   The process is running with CompressedOops enabled, and the Java Heap may be blocking the growth of the native heap
# Possible solutions:
#   Reduce memory load on the system
#   Increase physical memory or swap space
#   Check if swap backing store is full
#   Decrease Java heap size (-Xmx/-Xms)
#   Decrease number of Java threads
#   Decrease Java thread stack sizes (-Xss)
#   Set larger code cache with -XX:ReservedCodeCacheSize=
#   JVM is running with Unscaled Compressed Oops mode in which the Java heap is
#     placed in the first 4GB address space. The Java Heap base address is the
#     maximum limit for the native heap growth. Please use -XX:HeapBaseMinAddress
#     to set the Java Heap base and to place the Java Heap above 4GB virtual address.
# This output file may be truncated or incomplete.
#
#  Out of Memory Error (t:/workspace/open/src/hotspot/share/memory/arena.cpp:197), pid=5772, tid=14088
#
# JRE version: OpenJDK Runtime Environment (11.0.2+9) (build 11.0.2+9)
# Java VM: OpenJDK 64-Bit Server VM (11.0.2+9, mixed mode, tiered, compressed oops, g1 gc, windows-amd64)
# No core dump will be written. Minidumps are not enabled by default on client versions of Windows
#

---------------  S U M M A R Y ------------

Command Line: -XX:MaxMetaspaceSize=512m --add-opens=java.base/java.util=ALL-UNNAMED --add-opens=java.base/java.lang=ALL-UNNAMED --add-opens=java.base/java.lang.invoke=ALL-UNNAMED --add-opens=java.base/java.util=ALL-UNNAMED --add-opens=java.prefs/java.util.prefs=ALL-UNNAMED --add-opens=java.prefs/java.util.prefs=ALL-UNNAMED --add-opens=java.base/java.nio.charset=ALL-UNNAMED --add-opens=java.base/java.net=ALL-UNNAMED --add-opens=java.base/java.util.concurrent.atomic=ALL-UNNAMED -Xmx2048m -Dfile.encoding=windows-1252 -Duser.country=US -Duser.language=en -Duser.variant org.gradle.launcher.daemon.bootstrap.GradleDaemon 7.5.1

Host: Intel(R) Core(TM) i5-7Y54 CPU @ 1.20GHz, 4 cores, 7G,  Windows 10 , 64 bit Build 18362 (10.0.18362.1350)
Time: Mon Aug 21 17:58:12 2023 Pakistan Standard Time elapsed time: 386 seconds (0d 0h 6m 26s)

---------------  T H R E A D  ---------------

Current thread (0x0000024fa0db3800):  JavaThread "C2 CompilerThread0" daemon [_thread_in_native, id=14088, stack(0x0000005eeed00000,0x0000005eeee00000)]


Current CompileTask:
C2: 386544 9417   !   4       java.util.stream.ReferencePipeline$7$1::accept (127 bytes)

Stack: [0x0000005eeed00000,0x0000005eeee00000]
Native frames: (J=compiled Java code, j=interpreted, Vv=VM code, C=native code)
V  [jvm.dll+0x63489a]
V  [jvm.dll+0x771f9f]
V  [jvm.dll+0x773648]
V  [jvm.dll+0x773d03]
V  [jvm.dll+0x25eba8]
V  [jvm.dll+0xc2191]
V  [jvm.dll+0xc271c]
V  [jvm.dll+0x36cc02]
V  [jvm.dll+0x339b13]
V  [jvm.dll+0x338eea]
V  [jvm.dll+0x2189c5]
V  [jvm.dll+0x217b6a]
V  [jvm.dll+0x194370]
V  [jvm.dll+0x226b3f]
V  [jvm.dll+0x225148]
V  [jvm.dll+0x73774d]
V  [jvm.dll+0x633942]
C  [ucrtbase.dll+0x210b2]
C  [KERNEL32.DLL+0x17c24]
C  [ntdll.dll+0x6d721]


---------------  P R O C E S S  ---------------

Threads class SMR info:
_java_thread_list=0x0000024fa7b770b0, length=85, elements={
0x0000024f821f3000, 0x0000024fa0d91800, 0x0000024fa0d92800, 0x0000024fa0dae000,
0x0000024fa0daf800, 0x0000024fa0db3800, 0x0000024fa1766000, 0x0000024fa1773000,
0x0000024fa1867800, 0x0000024fa1892800, 0x0000024fa3f44800, 0x0000024fa2fb4000,
0x0000024fa4965800, 0x0000024fa3b6d800, 0x0000024fa42fc000, 0x0000024fa22f9800,
0x0000024fa2b3b800, 0x0000024fa2a33000, 0x0000024fa44ff000, 0x0000024fa44ff800,
0x0000024fa3197000, 0x0000024fa319a800, 0x0000024fa319b000, 0x0000024fa3198000,
0x0000024fa3195800, 0x0000024fa3199000, 0x0000024fa319c000, 0x0000024fa3199800,
0x0000024fa378b000, 0x0000024fa378c000, 0x0000024fa378c800, 0x0000024fa378d800,
0x0000024fa3788000, 0x0000024fa378a000, 0x0000024fa3789800, 0x0000024fa3790000,
0x0000024fa3791000, 0x0000024fa3791800, 0x0000024fa3793000, 0x0000024fa378f000,
0x0000024fa3795800, 0x0000024fa3792800, 0x0000024fa3794000, 0x0000024fa3796800,
0x0000024fa3196800, 0x0000024fa2aa8000, 0x0000024fa2aad000, 0x0000024fa2aab800,
0x0000024fa2aac000, 0x0000024fa2aa7000, 0x0000024fa2aae000, 0x0000024fa2aae800,
0x0000024fa2aa9000, 0x0000024fa2aaf800, 0x0000024fa2aa9800, 0x0000024fa2ab0000,
0x0000024fa2aaa800, 0x0000024fa2ab1000, 0x0000024fa2ab4800, 0x0000024fa2ab2000,
0x0000024fa2ab2800, 0x0000024fa2ab3800, 0x0000024fa2ab5000, 0x0000024fa2ab6000,
0x0000024fa37a2800, 0x0000024fa379e000, 0x0000024fa37a3800, 0x0000024fa379f800,
0x0000024fa37a0800, 0x0000024fa37a4800, 0x0000024fa37a1000, 0x0000024fa379e800,
0x0000024fa37a7800, 0x0000024fa37a6000, 0x0000024fa37a7000, 0x0000024fa37a2000,
0x0000024fa37ab800, 0x0000024fa37a8800, 0x0000024fa37a9000, 0x0000024fa37aa000,
0x0000024fa37ac800, 0x0000024fa37ab000, 0x0000024fa7b61000, 0x0000024fa7b5f800,
0x0000024fa7b5b800
}

Java Threads: ( => current thread )
  0x0000024f821f3000 JavaThread "main" [_thread_blocked, id=9824, stack(0x0000005eee100000,0x0000005eee200000)]
  0x0000024fa0d91800 JavaThread "Reference Handler" daemon [_thread_blocked, id=17436, stack(0x0000005eee900000,0x0000005eeea00000)]
  0x0000024fa0d92800 JavaThread "Finalizer" daemon [_thread_blocked, id=4748, stack(0x0000005eeea00000,0x0000005eeeb00000)]
  0x0000024fa0dae000 JavaThread "Signal Dispatcher" daemon [_thread_blocked, id=12032, stack(0x0000005eeeb00000,0x0000005eeec00000)]
  0x0000024fa0daf800 JavaThread "Attach Listener" daemon [_thread_blocked, id=4924, stack(0x0000005eeec00000,0x0000005eeed00000)]
=>0x0000024fa0db3800 JavaThread "C2 CompilerThread0" daemon [_thread_in_native, id=14088, stack(0x0000005eeed00000,0x0000005eeee00000)]
  0x0000024fa1766000 JavaThread "C1 CompilerThread0" daemon [_thread_blocked, id=10796, stack(0x0000005eeee00000,0x0000005eeef00000)]
  0x0000024fa1773000 JavaThread "Sweeper thread" daemon [_thread_blocked, id=920, stack(0x0000005eeef00000,0x0000005eef000000)]
  0x0000024fa1867800 JavaThread "Common-Cleaner" daemon [_thread_blocked, id=7816, stack(0x0000005eef000000,0x0000005eef100000)]
  0x0000024fa1892800 JavaThread "Service Thread" daemon [_thread_blocked, id=9660, stack(0x0000005eef100000,0x0000005eef200000)]
  0x0000024fa3f44800 JavaThread "Daemon health stats" [_thread_blocked, id=16964, stack(0x0000005eef500000,0x0000005eef600000)]
  0x0000024fa2fb4000 JavaThread "Incoming local TCP Connector on port 49228" [_thread_in_native, id=780, stack(0x0000005eef600000,0x0000005eef700000)]
  0x0000024fa4965800 JavaThread "Daemon periodic checks" [_thread_blocked, id=13404, stack(0x0000005eef700000,0x0000005eef800000)]
  0x0000024fa3b6d800 JavaThread "Daemon" [_thread_blocked, id=4716, stack(0x0000005eef800000,0x0000005eef900000)]
  0x0000024fa42fc000 JavaThread "Handler for socket connection from /127.0.0.1:49228 to /127.0.0.1:49229" [_thread_in_native, id=4680, stack(0x0000005eef900000,0x0000005eefa00000)]
  0x0000024fa22f9800 JavaThread "Cancel handler" [_thread_blocked, id=9292, stack(0x0000005eefa00000,0x0000005eefb00000)]
  0x0000024fa2b3b800 JavaThread "Daemon worker" [_thread_in_native, id=17572, stack(0x0000005eefb00000,0x0000005eefc00000)]
  0x0000024fa2a33000 JavaThread "Asynchronous log dispatcher for DefaultDaemonConnection: socket connection from /127.0.0.1:49228 to /127.0.0.1:49229" [_thread_blocked, id=15788, stack(0x0000005eefc00000,0x0000005eefd00000)]
  0x0000024fa44ff000 JavaThread "Stdin handler" [_thread_blocked, id=13656, stack(0x0000005eefd00000,0x0000005eefe00000)]
  0x0000024fa44ff800 JavaThread "Daemon client event forwarder" [_thread_blocked, id=1568, stack(0x0000005eefe00000,0x0000005eeff00000)]
  0x0000024fa3197000 JavaThread "Cache worker for journal cache (C:\Users\ARMemon\.gradle\caches\journal-1)" [_thread_blocked, id=17256, stack(0x0000005eeff00000,0x0000005ef0000000)]
  0x0000024fa319a800 JavaThread "File lock request listener" [_thread_in_native, id=3184, stack(0x0000005ef0000000,0x0000005ef0100000)]
  0x0000024fa319b000 JavaThread "Cache worker for file hash cache (C:\Users\ARMemon\.gradle\caches\7.5.1\fileHashes)" [_thread_blocked, id=10520, stack(0x0000005ef0200000,0x0000005ef0300000)]
  0x0000024fa3198000 JavaThread "File watcher server" daemon [_thread_in_native, id=14728, stack(0x0000005ef0600000,0x0000005ef0700000)]
  0x0000024fa3195800 JavaThread "File watcher consumer" daemon [_thread_blocked, id=14548, stack(0x0000005ef0700000,0x0000005ef0800000)]
  0x0000024fa3199000 JavaThread "Cache worker for checksums cache (C:\Users\ARMemon\Desktop\Codes\ReactNative\IEEE_PES\android\.gradle\7.5.1\checksums)" [_thread_blocked, id=14856, stack(0x0000005ef0800000,0x0000005ef0900000)]
  0x0000024fa319c000 JavaThread "Cache worker for cache directory md-rule (C:\Users\ARMemon\.gradle\caches\7.5.1\md-rule)" [_thread_blocked, id=14000, stack(0x0000005ef0900000,0x0000005ef0a00000)]
  0x0000024fa3199800 JavaThread "Cache worker for file content cache (C:\Users\ARMemon\.gradle\caches\7.5.1\fileContent)" [_thread_blocked, id=11084, stack(0x0000005ef0a00000,0x0000005ef0b00000)]
  0x0000024fa378b000 JavaThread "Cache worker for file hash cache (C:\Users\ARMemon\Desktop\Codes\ReactNative\IEEE_PES\android\.gradle\7.5.1\fileHashes)" [_thread_blocked, id=9816, stack(0x0000005ef0b00000,0x0000005ef0c00000)]
  0x0000024fa378c000 JavaThread "Cache worker for cache directory md-supplier (C:\Users\ARMemon\.gradle\caches\7.5.1\md-supplier)" [_thread_blocked, id=10288, stack(0x0000005ef0c00000,0x0000005ef0d00000)]
  0x0000024fa378c800 JavaThread "Cache worker for execution history cache (C:\Users\ARMemon\.gradle\caches\7.5.1\executionHistory)" [_thread_blocked, id=15644, stack(0x0000005ef0d00000,0x0000005ef0e00000)]
  0x0000024fa378d800 JavaThread "jar transforms" [_thread_blocked, id=13632, stack(0x0000005eee000000,0x0000005eee100000)]
  0x0000024fa3788000 JavaThread "jar transforms Thread 2" [_thread_blocked, id=9068, stack(0x0000005eee200000,0x0000005eee300000)]
  0x0000024fa378a000 JavaThread "jar transforms Thread 3" [_thread_blocked, id=6276, stack(0x0000005ef0e00000,0x0000005ef0f00000)]
  0x0000024fa3789800 JavaThread "jar transforms Thread 4" [_thread_blocked, id=240, stack(0x0000005ef0f00000,0x0000005ef1000000)]
  0x0000024fa3790000 JavaThread "Cache worker for kotlin-dsl (C:\Users\ARMemon\.gradle\caches\7.5.1\kotlin-dsl)" [_thread_blocked, id=16160, stack(0x0000005ef0100000,0x0000005ef0200000)]
  0x0000024fa3791000 JavaThread "Cache worker for dependencies-accessors (C:\Users\ARMemon\Desktop\Codes\ReactNative\IEEE_PES\android\.gradle\7.5.1\dependencies-accessors)" [_thread_blocked, id=19312, stack(0x0000005ef1100000,0x0000005ef1200000)]
  0x0000024fa3791800 JavaThread "Cache worker for Build Output Cleanup Cache (C:\Users\ARMemon\Desktop\Codes\ReactNative\IEEE_PES\node_modules\react-native-gradle-plugin\.gradle\buildOutputCleanup)" [_thread_blocked, id=19196, stack(0x0000005ef1200000,0x0000005ef1300000)]
  0x0000024fa3793000 JavaThread "Unconstrained build operations" [_thread_blocked, id=19348, stack(0x0000005ef1300000,0x0000005ef1400000)]
  0x0000024fa378f000 JavaThread "Unconstrained build operations Thread 2" [_thread_blocked, id=19352, stack(0x0000005ef1400000,0x0000005ef1500000)]
  0x0000024fa3795800 JavaThread "Unconstrained build operations Thread 3" [_thread_blocked, id=18816, stack(0x0000005ef1500000,0x0000005ef1600000)]
  0x0000024fa3792800 JavaThread "Unconstrained build operations Thread 4" [_thread_blocked, id=19336, stack(0x0000005ef1600000,0x0000005ef1700000)]
  0x0000024fa3794000 JavaThread "Unconstrained build operations Thread 5" [_thread_blocked, id=19008, stack(0x0000005ef1700000,0x0000005ef1800000)]
  0x0000024fa3796800 JavaThread "Unconstrained build operations Thread 6" [_thread_blocked, id=2460, stack(0x0000005ef1800000,0x0000005ef1900000)]
  0x0000024fa3196800 JavaThread "Unconstrained build operations Thread 7" [_thread_blocked, id=19372, stack(0x0000005ef1900000,0x0000005ef1a00000)]
  0x0000024fa2aa8000 JavaThread "Unconstrained build operations Thread 8" [_thread_blocked, id=5864, stack(0x0000005ef1a00000,0x0000005ef1b00000)]
  0x0000024fa2aad000 JavaThread "Unconstrained build operations Thread 9" [_thread_blocked, id=17444, stack(0x0000005ef1b00000,0x0000005ef1c00000)]
  0x0000024fa2aab800 JavaThread "Unconstrained build operations Thread 10" [_thread_blocked, id=19368, stack(0x0000005ef1c00000,0x0000005ef1d00000)]
  0x0000024fa2aac000 JavaThread "Unconstrained build operations Thread 11" [_thread_blocked, id=10708, stack(0x0000005ef1d00000,0x0000005ef1e00000)]
  0x0000024fa2aa7000 JavaThread "Unconstrained build operations Thread 12" [_thread_blocked, id=19160, stack(0x0000005ef1e00000,0x0000005ef1f00000)]
  0x0000024fa2aae000 JavaThread "Unconstrained build operations Thread 13" [_thread_blocked, id=704, stack(0x0000005ef1f00000,0x0000005ef2000000)]
  0x0000024fa2aae800 JavaThread "Unconstrained build operations Thread 14" [_thread_blocked, id=19292, stack(0x0000005ef2000000,0x0000005ef2100000)]
  0x0000024fa2aa9000 JavaThread "Unconstrained build operations Thread 15" [_thread_blocked, id=19044, stack(0x0000005ef2100000,0x0000005ef2200000)]
  0x0000024fa2aaf800 JavaThread "Unconstrained build operations Thread 16" [_thread_blocked, id=19208, stack(0x0000005ef2200000,0x0000005ef2300000)]
  0x0000024fa2aa9800 JavaThread "Unconstrained build operations Thread 17" [_thread_blocked, id=19200, stack(0x0000005ef2300000,0x0000005ef2400000)]
  0x0000024fa2ab0000 JavaThread "Unconstrained build operations Thread 18" [_thread_blocked, id=8544, stack(0x0000005ef2400000,0x0000005ef2500000)]
  0x0000024fa2aaa800 JavaThread "Unconstrained build operations Thread 19" [_thread_blocked, id=19280, stack(0x0000005ef2500000,0x0000005ef2600000)]
  0x0000024fa2ab1000 JavaThread "Unconstrained build operations Thread 20" [_thread_blocked, id=19320, stack(0x0000005ef2600000,0x0000005ef2700000)]
  0x0000024fa2ab4800 JavaThread "Unconstrained build operations Thread 21" [_thread_blocked, id=6492, stack(0x0000005ef2700000,0x0000005ef2800000)]
  0x0000024fa2ab2000 JavaThread "Unconstrained build operations Thread 22" [_thread_blocked, id=16492, stack(0x0000005ef2800000,0x0000005ef2900000)]
  0x0000024fa2ab2800 JavaThread "Unconstrained build operations Thread 23" [_thread_blocked, id=19284, stack(0x0000005ef2900000,0x0000005ef2a00000)]
  0x0000024fa2ab3800 JavaThread "Unconstrained build operations Thread 24" [_thread_blocked, id=19220, stack(0x0000005ef2a00000,0x0000005ef2b00000)]
  0x0000024fa2ab5000 JavaThread "Unconstrained build operations Thread 25" [_thread_blocked, id=19264, stack(0x0000005ef2b00000,0x0000005ef2c00000)]
  0x0000024fa2ab6000 JavaThread "Unconstrained build operations Thread 26" [_thread_blocked, id=16528, stack(0x0000005ef2c00000,0x0000005ef2d00000)]
  0x0000024fa37a2800 JavaThread "Unconstrained build operations Thread 27" [_thread_blocked, id=19204, stack(0x0000005ef2d00000,0x0000005ef2e00000)]
  0x0000024fa379e000 JavaThread "Unconstrained build operations Thread 28" [_thread_blocked, id=19080, stack(0x0000005ef2e00000,0x0000005ef2f00000)]
  0x0000024fa37a3800 JavaThread "Unconstrained build operations Thread 29" [_thread_blocked, id=19076, stack(0x0000005ef2f00000,0x0000005ef3000000)]
  0x0000024fa379f800 JavaThread "Unconstrained build operations Thread 30" [_thread_blocked, id=6600, stack(0x0000005ef3000000,0x0000005ef3100000)]
  0x0000024fa37a0800 JavaThread "Unconstrained build operations Thread 31" [_thread_blocked, id=19244, stack(0x0000005ef3100000,0x0000005ef3200000)]
  0x0000024fa37a4800 JavaThread "Unconstrained build operations Thread 32" [_thread_blocked, id=19068, stack(0x0000005ef3200000,0x0000005ef3300000)]
  0x0000024fa37a1000 JavaThread "Unconstrained build operations Thread 33" [_thread_blocked, id=18436, stack(0x0000005ef3300000,0x0000005ef3400000)]
  0x0000024fa379e800 JavaThread "build event listener" [_thread_blocked, id=18788, stack(0x0000005ef3400000,0x0000005ef3500000)]
  0x0000024fa37a7800 JavaThread "Memory manager" [_thread_blocked, id=19640, stack(0x0000005ef3500000,0x0000005ef3600000)]
  0x0000024fa37a6000 JavaThread "Cache worker for Build Output Cleanup Cache (C:\Users\ARMemon\Desktop\Codes\ReactNative\IEEE_PES\android\.gradle\buildOutputCleanup)" [_thread_blocked, id=20248, stack(0x0000005ef3600000,0x0000005ef3700000)]
  0x0000024fa37a7000 JavaThread "Execution worker" [_thread_blocked, id=19420, stack(0x0000005ef3800000,0x0000005ef3900000)]
  0x0000024fa37a2000 JavaThread "Execution worker Thread 2" [_thread_blocked, id=18716, stack(0x0000005ef3900000,0x0000005ef3a00000)]
  0x0000024fa37ab800 JavaThread "Execution worker Thread 3" [_thread_blocked, id=19628, stack(0x0000005ef3a00000,0x0000005ef3b00000)]
  0x0000024fa37a8800 JavaThread "Cache worker for execution history cache (C:\Users\ARMemon\Desktop\Codes\ReactNative\IEEE_PES\node_modules\react-native-gradle-plugin\.gradle\7.5.1\executionHistory)" [_thread_blocked, id=4484, stack(0x0000005ef3b00000,0x0000005ef3c00000)]
  0x0000024fa37a9000 JavaThread "Unconstrained build operations Thread 34" [_thread_blocked, id=18840, stack(0x0000005ef3c00000,0x0000005ef3d00000)]
  0x0000024fa37aa000 JavaThread "Unconstrained build operations Thread 35" [_thread_blocked, id=18768, stack(0x0000005ef3d00000,0x0000005ef3e00000)]
  0x0000024fa37ac800 JavaThread "Unconstrained build operations Thread 36" [_thread_blocked, id=19644, stack(0x0000005ef3e00000,0x0000005ef3f00000)]
  0x0000024fa37ab000 JavaThread "Unconstrained build operations Thread 37" [_thread_blocked, id=6404, stack(0x0000005ef3f00000,0x0000005ef4000000)]
  0x0000024fa7b61000 JavaThread "Unconstrained build operations Thread 38" [_thread_blocked, id=18348, stack(0x0000005ef4000000,0x0000005ef4100000)]
  0x0000024fa7b5f800 JavaThread "Unconstrained build operations Thread 39" [_thread_blocked, id=12904, stack(0x0000005ef4100000,0x0000005ef4200000)]
  0x0000024fa7b5b800 JavaThread "Unconstrained build operations Thread 40" [_thread_blocked, id=14588, stack(0x0000005ef4200000,0x0000005ef4300000)]

Other Threads:
  0x0000024fa0d89000 VMThread "VM Thread" [stack: 0x0000005eee800000,0x0000005eee900000] [id=15000]
  0x0000024fa18d1800 WatcherThread [stack: 0x0000005eef200000,0x0000005eef300000] [id=5964]
  0x0000024f82205000 GCTaskThread "GC Thread#0" [stack: 0x0000005eee300000,0x0000005eee400000] [id=16196]
  0x0000024fa1bd3000 GCTaskThread "GC Thread#1" [stack: 0x0000005eef300000,0x0000005eef400000] [id=17424]
  0x0000024fa1bfe000 GCTaskThread "GC Thread#2" [stack: 0x0000005eef400000,0x0000005eef500000] [id=7056]
  0x0000024fa45af000 GCTaskThread "GC Thread#3" [stack: 0x0000005ef0300000,0x0000005ef0400000] [id=416]
  0x0000024f82234800 ConcurrentGCThread "G1 Main Marker" [stack: 0x0000005eee400000,0x0000005eee500000] [id=13504]
  0x0000024f82235800 ConcurrentGCThread "G1 Conc#0" [stack: 0x0000005eee500000,0x0000005eee600000] [id=2676]
  0x0000024f822b9000 ConcurrentGCThread "G1 Refine#0" [stack: 0x0000005eee600000,0x0000005eee700000] [id=2244]
  0x0000024fa0c00800 ConcurrentGCThread "G1 Young RemSet Sampling" [stack: 0x0000005eee700000,0x0000005eee800000] [id=16228]

Threads with active compile tasks:
C2 CompilerThread09417   !   4       java.util.stream.ReferencePipeline$7$1::accept (127 bytes)

VM state:not at safepoint (normal execution)

VM Mutex/Monitor currently owned by a thread: None

Heap address: 0x0000000080000000, size: 2048 MB, Compressed Oops mode: 32-bit
Narrow klass base: 0x0000000000000000, Narrow klass shift: 3
Compressed class space size: 528482304 Address: 0x0000000100000000

Heap:
 garbage-first heap   total 131072K, used 90495K [0x0000000080000000, 0x0000000100000000)
  region size 1024K, 27 young (27648K), 5 survivors (5120K)
 Metaspace       used 84006K, capacity 86173K, committed 86280K, reserved 591872K
  class space    used 10947K, capacity 11860K, committed 11904K, reserved 516096K
Heap Regions: E=young(eden), S=young(survivor), O=old, HS=humongous(starts), HC=humongous(continues), CS=collection set, F=free, A=archive, TAMS=top-at-mark-start (previous, next)
|   0|0x0000000080000000, 0x0000000080100000, 0x0000000080100000|100%|HS|  |TAMS 0x0000000080100000, 0x0000000080000000| Complete 
|   1|0x0000000080100000, 0x0000000080200000, 0x0000000080200000|100%|HC|  |TAMS 0x0000000080200000, 0x0000000080100000| Complete 
|   2|0x0000000080200000, 0x0000000080300000, 0x0000000080300000|100%|HC|  |TAMS 0x0000000080300000, 0x0000000080200000| Complete 
|   3|0x0000000080300000, 0x0000000080400000, 0x0000000080400000|100%| O|  |TAMS 0x0000000080400000, 0x0000000080300000| Untracked 
|   4|0x0000000080400000, 0x0000000080500000, 0x0000000080500000|100%| O|  |TAMS 0x0000000080500000, 0x0000000080400000| Untracked 
|   5|0x0000000080500000, 0x0000000080600000, 0x0000000080600000|100%| O|  |TAMS 0x0000000080600000, 0x0000000080500000| Untracked 
|   6|0x0000000080600000, 0x0000000080700000, 0x0000000080700000|100%| O|  |TAMS 0x0000000080700000, 0x0000000080600000| Untracked 
|   7|0x0000000080700000, 0x0000000080800000, 0x0000000080800000|100%| O|  |TAMS 0x0000000080800000, 0x0000000080700000| Untracked 
|   8|0x0000000080800000, 0x0000000080900000, 0x0000000080900000|100%| O|  |TAMS 0x0000000080900000, 0x0000000080800000| Untracked 
|   9|0x0000000080900000, 0x0000000080a00000, 0x0000000080a00000|100%| O|  |TAMS 0x0000000080a00000, 0x0000000080900000| Untracked 
|  10|0x0000000080a00000, 0x0000000080b00000, 0x0000000080b00000|100%| O|  |TAMS 0x0000000080b00000, 0x0000000080a00000| Untracked 
|  11|0x0000000080b00000, 0x0000000080c00000, 0x0000000080c00000|100%| O|  |TAMS 0x0000000080c00000, 0x0000000080b00000| Untracked 
|  12|0x0000000080c00000, 0x0000000080d00000, 0x0000000080d00000|100%| O|  |TAMS 0x0000000080d00000, 0x0000000080c00000| Untracked 
|  13|0x0000000080d00000, 0x0000000080e00000, 0x0000000080e00000|100%| O|  |TAMS 0x0000000080e00000, 0x0000000080d00000| Untracked 
|  14|0x0000000080e00000, 0x0000000080f00000, 0x0000000080f00000|100%| O|  |TAMS 0x0000000080f00000, 0x0000000080e00000| Untracked 
|  15|0x0000000080f00000, 0x0000000081000000, 0x0000000081000000|100%| O|  |TAMS 0x0000000081000000, 0x0000000080f00000| Untracked 
|  16|0x0000000081000000, 0x0000000081100000, 0x0000000081100000|100%| O|  |TAMS 0x0000000081100000, 0x0000000081000000| Untracked 
|  17|0x0000000081100000, 0x0000000081200000, 0x0000000081200000|100%|HS|  |TAMS 0x0000000081200000, 0x0000000081100000| Complete 
|  18|0x0000000081200000, 0x0000000081300000, 0x0000000081300000|100%| O|  |TAMS 0x0000000081300000, 0x0000000081200000| Untracked 
|  19|0x0000000081300000, 0x0000000081400000, 0x0000000081400000|100%| O|  |TAMS 0x0000000081400000, 0x0000000081300000| Untracked 
|  20|0x0000000081400000, 0x0000000081500000, 0x0000000081500000|100%| O|  |TAMS 0x0000000081500000, 0x0000000081400000| Untracked 
|  21|0x0000000081500000, 0x0000000081600000, 0x0000000081600000|100%| O|  |TAMS 0x0000000081600000, 0x0000000081500000| Untracked 
|  22|0x0000000081600000, 0x0000000081700000, 0x0000000081700000|100%| O|  |TAMS 0x0000000081700000, 0x0000000081600000| Untracked 
|  23|0x0000000081700000, 0x0000000081800000, 0x0000000081800000|100%| O|  |TAMS 0x0000000081800000, 0x0000000081700000| Untracked 
|  24|0x0000000081800000, 0x0000000081900000, 0x0000000081900000|100%| O|  |TAMS 0x0000000081900000, 0x0000000081800000| Untracked 
|  25|0x0000000081900000, 0x0000000081a00000, 0x0000000081a00000|100%| O|  |TAMS 0x0000000081a00000, 0x0000000081900000| Untracked 
|  26|0x0000000081a00000, 0x0000000081b00000, 0x0000000081b00000|100%| O|  |TAMS 0x0000000081b00000, 0x0000000081a00000| Untracked 
|  27|0x0000000081b00000, 0x0000000081c00000, 0x0000000081c00000|100%| O|  |TAMS 0x0000000081c00000, 0x0000000081b00000| Untracked 
|  28|0x0000000081c00000, 0x0000000081d00000, 0x0000000081d00000|100%|HS|  |TAMS 0x0000000081d00000, 0x0000000081c00000| Complete 
|  29|0x0000000081d00000, 0x0000000081e00000, 0x0000000081e00000|100%|HC|  |TAMS 0x0000000081e00000, 0x0000000081d00000| Complete 
|  30|0x0000000081e00000, 0x0000000081f00000, 0x0000000081f00000|100%|HC|  |TAMS 0x0000000081f00000, 0x0000000081e00000| Complete 
|  31|0x0000000081f00000, 0x0000000082000000, 0x0000000082000000|100%| O|  |TAMS 0x0000000082000000, 0x0000000081f00000| Untracked 
|  32|0x0000000082000000, 0x0000000082100000, 0x0000000082100000|100%| O|  |TAMS 0x0000000082100000, 0x0000000082000000| Untracked 
|  33|0x0000000082100000, 0x0000000082200000, 0x0000000082200000|100%| O|  |TAMS 0x0000000082200000, 0x0000000082100000| Untracked 
|  34|0x0000000082200000, 0x0000000082300000, 0x0000000082300000|100%| O|  |TAMS 0x0000000082300000, 0x0000000082200000| Untracked 
|  35|0x0000000082300000, 0x0000000082400000, 0x0000000082400000|100%| O|  |TAMS 0x0000000082400000, 0x0000000082300000| Untracked 
|  36|0x0000000082400000, 0x0000000082500000, 0x0000000082500000|100%| O|  |TAMS 0x0000000082500000, 0x0000000082400000| Untracked 
|  37|0x0000000082500000, 0x0000000082600000, 0x0000000082600000|100%| O|  |TAMS 0x0000000082600000, 0x0000000082500000| Untracked 
|  38|0x0000000082600000, 0x0000000082700000, 0x0000000082700000|100%| O|  |TAMS 0x0000000082700000, 0x0000000082600000| Untracked 
|  39|0x0000000082700000, 0x0000000082800000, 0x0000000082800000|100%| O|  |TAMS 0x0000000082800000, 0x0000000082700000| Untracked 
|  40|0x0000000082800000, 0x0000000082900000, 0x0000000082900000|100%| O|  |TAMS 0x0000000082900000, 0x0000000082800000| Untracked 
|  41|0x0000000082900000, 0x0000000082a00000, 0x0000000082a00000|100%|HS|  |TAMS 0x0000000082a00000, 0x0000000082900000| Complete 
|  42|0x0000000082a00000, 0x0000000082b00000, 0x0000000082b00000|100%|HS|  |TAMS 0x0000000082b00000, 0x0000000082a00000| Complete 
|  43|0x0000000082b00000, 0x0000000082b00000, 0x0000000082c00000|  0%| F|  |TAMS 0x0000000082b00000, 0x0000000082b00000| Untracked 
|  44|0x0000000082c00000, 0x0000000082d00000, 0x0000000082d00000|100%|HS|  |TAMS 0x0000000082d00000, 0x0000000082c00000| Complete 
|  45|0x0000000082d00000, 0x0000000082e00000, 0x0000000082e00000|100%|HC|  |TAMS 0x0000000082e00000, 0x0000000082d00000| Complete 
|  46|0x0000000082e00000, 0x0000000082f00000, 0x0000000082f00000|100%| O|  |TAMS 0x0000000082f00000, 0x0000000082e00000| Untracked 
|  47|0x0000000082f00000, 0x0000000083000000, 0x0000000083000000|100%| O|  |TAMS 0x0000000083000000, 0x0000000082f00000| Untracked 
|  48|0x0000000083000000, 0x0000000083100000, 0x0000000083100000|100%| O|  |TAMS 0x0000000083100000, 0x0000000083000000| Untracked 
|  49|0x0000000083100000, 0x0000000083200000, 0x0000000083200000|100%| O|  |TAMS 0x0000000083200000, 0x0000000083100000| Untracked 
|  50|0x0000000083200000, 0x0000000083300000, 0x0000000083300000|100%| O|  |TAMS 0x0000000083300000, 0x0000000083200000| Untracked 
|  51|0x0000000083300000, 0x0000000083400000, 0x0000000083400000|100%| O|  |TAMS 0x0000000083400000, 0x0000000083300000| Untracked 
|  52|0x0000000083400000, 0x0000000083500000, 0x0000000083500000|100%| O|  |TAMS 0x0000000083500000, 0x0000000083400000| Untracked 
|  53|0x0000000083500000, 0x0000000083600000, 0x0000000083600000|100%| O|  |TAMS 0x0000000083600000, 0x0000000083500000| Untracked 
|  54|0x0000000083600000, 0x0000000083600000, 0x0000000083700000|  0%| F|  |TAMS 0x0000000083600000, 0x0000000083600000| Untracked 
|  55|0x0000000083700000, 0x0000000083700000, 0x0000000083800000|  0%| F|  |TAMS 0x0000000083700000, 0x0000000083700000| Untracked 
|  56|0x0000000083800000, 0x0000000083800000, 0x0000000083900000|  0%| F|  |TAMS 0x0000000083800000, 0x0000000083800000| Untracked 
|  57|0x0000000083900000, 0x0000000083900000, 0x0000000083a00000|  0%| F|  |TAMS 0x0000000083900000, 0x0000000083900000| Untracked 
|  58|0x0000000083a00000, 0x0000000083b00000, 0x0000000083b00000|100%| O|  |TAMS 0x0000000083b00000, 0x0000000083a00000| Untracked 
|  59|0x0000000083b00000, 0x0000000083c00000, 0x0000000083c00000|100%| O|  |TAMS 0x0000000083c00000, 0x0000000083b00000| Untracked 
|  60|0x0000000083c00000, 0x0000000083d00000, 0x0000000083d00000|100%| O|  |TAMS 0x0000000083d00000, 0x0000000083c00000| Untracked 
|  61|0x0000000083d00000, 0x0000000083e00000, 0x0000000083e00000|100%| O|  |TAMS 0x0000000083e00000, 0x0000000083d00000| Untracked 
|  62|0x0000000083e00000, 0x0000000083f00000, 0x0000000083f00000|100%| O|  |TAMS 0x0000000083f00000, 0x0000000083e00000| Untracked 
|  63|0x0000000083f00000, 0x0000000084000000, 0x0000000084000000|100%| O|  |TAMS 0x0000000084000000, 0x0000000083f00000| Untracked 
|  64|0x0000000084000000, 0x0000000084100000, 0x0000000084100000|100%| O|  |TAMS 0x0000000084100000, 0x0000000084000000| Untracked 
|  65|0x0000000084100000, 0x0000000084200000, 0x0000000084200000|100%| O|  |TAMS 0x0000000084200000, 0x0000000084100000| Untracked 
|  66|0x0000000084200000, 0x0000000084300000, 0x0000000084300000|100%| O|  |TAMS 0x0000000084300000, 0x0000000084200000| Untracked 
|  67|0x0000000084300000, 0x00000000843b1c00, 0x0000000084400000| 69%| O|  |TAMS 0x00000000843b1c00, 0x0000000084300000| Untracked 
|  68|0x0000000084400000, 0x0000000084400000, 0x0000000084500000|  0%| F|  |TAMS 0x0000000084400000, 0x0000000084400000| Untracked 
|  69|0x0000000084500000, 0x0000000084500000, 0x0000000084600000|  0%| F|  |TAMS 0x0000000084500000, 0x0000000084500000| Untracked 
|  70|0x0000000084600000, 0x0000000084600000, 0x0000000084700000|  0%| F|  |TAMS 0x0000000084600000, 0x0000000084600000| Untracked 
|  71|0x0000000084700000, 0x0000000084700000, 0x0000000084800000|  0%| F|  |TAMS 0x0000000084700000, 0x0000000084700000| Untracked 
|  72|0x0000000084800000, 0x0000000084800000, 0x0000000084900000|  0%| F|  |TAMS 0x0000000084800000, 0x0000000084800000| Untracked 
|  73|0x0000000084900000, 0x0000000084900000, 0x0000000084a00000|  0%| F|  |TAMS 0x0000000084900000, 0x0000000084900000| Untracked 
|  74|0x0000000084a00000, 0x0000000084a00000, 0x0000000084b00000|  0%| F|  |TAMS 0x0000000084a00000, 0x0000000084a00000| Untracked 
|  75|0x0000000084b00000, 0x0000000084b00000, 0x0000000084c00000|  0%| F|  |TAMS 0x0000000084b00000, 0x0000000084b00000| Untracked 
|  76|0x0000000084c00000, 0x0000000084c00000, 0x0000000084d00000|  0%| F|  |TAMS 0x0000000084c00000, 0x0000000084c00000| Untracked 
|  77|0x0000000084d00000, 0x0000000084d00000, 0x0000000084e00000|  0%| F|  |TAMS 0x0000000084d00000, 0x0000000084d00000| Untracked 
|  78|0x0000000084e00000, 0x0000000084e00000, 0x0000000084f00000|  0%| F|  |TAMS 0x0000000084e00000, 0x0000000084e00000| Untracked 
|  79|0x0000000084f00000, 0x0000000084f00000, 0x0000000085000000|  0%| F|  |TAMS 0x0000000084f00000, 0x0000000084f00000| Untracked 
|  80|0x0000000085000000, 0x0000000085000000, 0x0000000085100000|  0%| F|  |TAMS 0x0000000085000000, 0x0000000085000000| Untracked 
|  81|0x0000000085100000, 0x0000000085100000, 0x0000000085200000|  0%| F|  |TAMS 0x0000000085100000, 0x0000000085100000| Untracked 
|  82|0x0000000085200000, 0x0000000085200000, 0x0000000085300000|  0%| F|  |TAMS 0x0000000085200000, 0x0000000085200000| Untracked 
|  83|0x0000000085300000, 0x00000000853ae330, 0x0000000085400000| 68%| S|CS|TAMS 0x0000000085300000, 0x0000000085300000| Complete 
|  84|0x0000000085400000, 0x0000000085500000, 0x0000000085500000|100%| S|CS|TAMS 0x0000000085400000, 0x0000000085400000| Complete 
|  85|0x0000000085500000, 0x0000000085600000, 0x0000000085600000|100%| S|CS|TAMS 0x0000000085500000, 0x0000000085500000| Complete 
|  86|0x0000000085600000, 0x0000000085700000, 0x0000000085700000|100%| S|CS|TAMS 0x0000000085600000, 0x0000000085600000| Complete 
|  87|0x0000000085700000, 0x0000000085800000, 0x0000000085800000|100%| S|CS|TAMS 0x0000000085700000, 0x0000000085700000| Complete 
|  88|0x0000000085800000, 0x0000000085800000, 0x0000000085900000|  0%| F|  |TAMS 0x0000000085800000, 0x0000000085800000| Untracked 
|  89|0x0000000085900000, 0x0000000085900000, 0x0000000085a00000|  0%| F|  |TAMS 0x0000000085900000, 0x0000000085900000| Untracked 
|  90|0x0000000085a00000, 0x0000000085a00000, 0x0000000085b00000|  0%| F|  |TAMS 0x0000000085a00000, 0x0000000085a00000| Untracked 
|  91|0x0000000085b00000, 0x0000000085b00000, 0x0000000085c00000|  0%| F|  |TAMS 0x0000000085b00000, 0x0000000085b00000| Untracked 
|  92|0x0000000085c00000, 0x0000000085c00000, 0x0000000085d00000|  0%| F|  |TAMS 0x0000000085c00000, 0x0000000085c00000| Untracked 
|  93|0x0000000085d00000, 0x0000000085d00000, 0x0000000085e00000|  0%| F|  |TAMS 0x0000000085d00000, 0x0000000085d00000| Untracked 
|  94|0x0000000085e00000, 0x0000000085e00000, 0x0000000085f00000|  0%| F|  |TAMS 0x0000000085e00000, 0x0000000085e00000| Untracked 
|  95|0x0000000085f00000, 0x0000000085f00000, 0x0000000086000000|  0%| F|  |TAMS 0x0000000085f00000, 0x0000000085f00000| Untracked 
|  96|0x0000000086000000, 0x0000000086000000, 0x0000000086100000|  0%| F|  |TAMS 0x0000000086000000, 0x0000000086000000| Untracked 
|  97|0x0000000086100000, 0x0000000086100000, 0x0000000086200000|  0%| F|  |TAMS 0x0000000086100000, 0x0000000086100000| Untracked 
|  98|0x0000000086200000, 0x0000000086200000, 0x0000000086300000|  0%| F|  |TAMS 0x0000000086200000, 0x0000000086200000| Untracked 
|  99|0x0000000086300000, 0x0000000086300000, 0x0000000086400000|  0%| F|  |TAMS 0x0000000086300000, 0x0000000086300000| Untracked 
| 100|0x0000000086400000, 0x0000000086400000, 0x0000000086500000|  0%| F|  |TAMS 0x0000000086400000, 0x0000000086400000| Untracked 
| 101|0x0000000086500000, 0x0000000086500000, 0x0000000086600000|  0%| F|  |TAMS 0x0000000086500000, 0x0000000086500000| Untracked 
| 102|0x0000000086600000, 0x0000000086600000, 0x0000000086700000|  0%| F|  |TAMS 0x0000000086600000, 0x0000000086600000| Untracked 
| 103|0x0000000086700000, 0x0000000086700000, 0x0000000086800000|  0%| F|  |TAMS 0x0000000086700000, 0x0000000086700000| Untracked 
| 104|0x0000000086800000, 0x0000000086800000, 0x0000000086900000|  0%| F|  |TAMS 0x0000000086800000, 0x0000000086800000| Untracked 
| 105|0x0000000086900000, 0x0000000086900000, 0x0000000086a00000|  0%| F|  |TAMS 0x0000000086900000, 0x0000000086900000| Untracked 
| 106|0x0000000086a00000, 0x0000000086a84010, 0x0000000086b00000| 51%| E|  |TAMS 0x0000000086a00000, 0x0000000086a00000| Complete 
| 107|0x0000000086b00000, 0x0000000086c00000, 0x0000000086c00000|100%| E|CS|TAMS 0x0000000086b00000, 0x0000000086b00000| Complete 
| 108|0x0000000086c00000, 0x0000000086d00000, 0x0000000086d00000|100%| E|CS|TAMS 0x0000000086c00000, 0x0000000086c00000| Complete 
| 109|0x0000000086d00000, 0x0000000086e00000, 0x0000000086e00000|100%| E|CS|TAMS 0x0000000086d00000, 0x0000000086d00000| Complete 
| 110|0x0000000086e00000, 0x0000000086f00000, 0x0000000086f00000|100%| E|CS|TAMS 0x0000000086e00000, 0x0000000086e00000| Complete 
| 111|0x0000000086f00000, 0x0000000087000000, 0x0000000087000000|100%| E|CS|TAMS 0x0000000086f00000, 0x0000000086f00000| Complete 
| 112|0x0000000087000000, 0x0000000087100000, 0x0000000087100000|100%| E|CS|TAMS 0x0000000087000000, 0x0000000087000000| Complete 
| 113|0x0000000087100000, 0x0000000087200000, 0x0000000087200000|100%| E|CS|TAMS 0x0000000087100000, 0x0000000087100000| Complete 
| 114|0x0000000087200000, 0x0000000087300000, 0x0000000087300000|100%| E|CS|TAMS 0x0000000087200000, 0x0000000087200000| Complete 
| 115|0x0000000087300000, 0x0000000087400000, 0x0000000087400000|100%| E|CS|TAMS 0x0000000087300000, 0x0000000087300000| Complete 
| 116|0x0000000087400000, 0x0000000087500000, 0x0000000087500000|100%| E|CS|TAMS 0x0000000087400000, 0x0000000087400000| Complete 
| 117|0x0000000087500000, 0x0000000087600000, 0x0000000087600000|100%| E|CS|TAMS 0x0000000087500000, 0x0000000087500000| Complete 
| 118|0x0000000087600000, 0x0000000087700000, 0x0000000087700000|100%| E|CS|TAMS 0x0000000087600000, 0x0000000087600000| Complete 
| 119|0x0000000087700000, 0x0000000087800000, 0x0000000087800000|100%| E|CS|TAMS 0x0000000087700000, 0x0000000087700000| Complete 
| 120|0x0000000087800000, 0x0000000087900000, 0x0000000087900000|100%| E|CS|TAMS 0x0000000087800000, 0x0000000087800000| Complete 
| 121|0x0000000087900000, 0x0000000087a00000, 0x0000000087a00000|100%| E|CS|TAMS 0x0000000087900000, 0x0000000087900000| Complete 
| 122|0x0000000087a00000, 0x0000000087b00000, 0x0000000087b00000|100%| E|CS|TAMS 0x0000000087a00000, 0x0000000087a00000| Complete 
| 123|0x0000000087b00000, 0x0000000087c00000, 0x0000000087c00000|100%| E|CS|TAMS 0x0000000087b00000, 0x0000000087b00000| Complete 
| 124|0x0000000087c00000, 0x0000000087d00000, 0x0000000087d00000|100%| E|CS|TAMS 0x0000000087c00000, 0x0000000087c00000| Complete 
| 125|0x0000000087d00000, 0x0000000087e00000, 0x0000000087e00000|100%| E|CS|TAMS 0x0000000087d00000, 0x0000000087d00000| Complete 
| 126|0x0000000087e00000, 0x0000000087f00000, 0x0000000087f00000|100%| E|CS|TAMS 0x0000000087e00000, 0x0000000087e00000| Complete 
| 127|0x0000000087f00000, 0x0000000088000000, 0x0000000088000000|100%| E|CS|TAMS 0x0000000087f00000, 0x0000000087f00000| Complete 

Card table byte_map: [0x0000024f99f60000,0x0000024f9a360000] _byte_map_base: 0x0000024f99b60000

Marking Bits (Prev, Next): (CMBitMap*) 0x0000024f8222b820, (CMBitMap*) 0x0000024f8222b7e8
 Prev Bits: [0x0000024f9c760000, 0x0000024f9e760000)
 Next Bits: [0x0000024f9a760000, 0x0000024f9c760000)

Polling page: 0x0000024f822c0000

Metaspace:

Usage:
  Non-class:     72.57 MB capacity,    71.35 MB ( 98%) used,  1007.39 KB (  1%) free+waste,   246.00 KB ( <1%) overhead. 
      Class:     11.58 MB capacity,    10.69 MB ( 92%) used,   796.88 KB (  7%) free+waste,   116.00 KB ( <1%) overhead. 
       Both:     84.15 MB capacity,    82.04 MB ( 97%) used,     1.76 MB (  2%) free+waste,   362.00 KB ( <1%) overhead. 

Virtual space:
  Non-class space:       74.00 MB reserved,      72.63 MB ( 98%) committed 
      Class space:      504.00 MB reserved,      11.63 MB (  2%) committed 
             Both:      578.00 MB reserved,      84.26 MB ( 15%) committed 

Chunk freelists:
   Non-Class:  384 bytes
       Class:  1.50 KB
        Both:  1.88 KB

CodeHeap 'non-profiled nmethods': size=120064Kb used=6269Kb max_used=6269Kb free=113794Kb
 bounds [0x0000024f91ff0000, 0x0000024f92610000, 0x0000024f99530000]
CodeHeap 'profiled nmethods': size=120000Kb used=21109Kb max_used=21109Kb free=98890Kb
 bounds [0x0000024f8aac0000, 0x0000024f8bf70000, 0x0000024f91ff0000]
CodeHeap 'non-nmethods': size=5696Kb used=2297Kb max_used=2349Kb free=3398Kb
 bounds [0x0000024f8a530000, 0x0000024f8a7a0000, 0x0000024f8aac0000]
 total_blobs=12657 nmethods=9163 adapters=812
 compilation: enabled
              stopped_count=0, restarted_count=0
 full_count=0

Compilation events (10 events):
Event: 377.117 Thread 0x0000024fa1766000 nmethod 9412 0x0000024f8bf5f510 code [0x0000024f8bf5f700, 0x0000024f8bf5fa20]
Event: 379.608 Thread 0x0000024fa0db3800 9413       4       java.lang.String::getBytes (44 bytes)
Event: 379.612 Thread 0x0000024fa0db3800 nmethod 9413 0x0000024f9260f210 code [0x0000024f9260f3a0, 0x0000024f9260f5b8]
Event: 383.779 Thread 0x0000024fa1766000 9414       3       sun.util.logging.internal.LoggingProviderImpl$JULWrapper::isLoggable (12 bytes)
Event: 383.780 Thread 0x0000024fa1766000 nmethod 9414 0x0000024f8bf5fb10 code [0x0000024f8bf5fce0, 0x0000024f8bf60010]
Event: 383.780 Thread 0x0000024fa1766000 9415       3       sun.util.logging.internal.LoggingProviderImpl$JULWrapper::toJUL (40 bytes)
Event: 383.781 Thread 0x0000024fa1766000 nmethod 9415 0x0000024f8bf60190 code [0x0000024f8bf60360, 0x0000024f8bf60558]
Event: 383.781 Thread 0x0000024fa1766000 9416       3       java.util.logging.Logger::isLoggable (27 bytes)
Event: 383.781 Thread 0x0000024fa1766000 nmethod 9416 0x0000024f8bf60690 code [0x0000024f8bf60840, 0x0000024f8bf60a58]
Event: 386.517 Thread 0x0000024fa0db3800 9417   !   4       java.util.stream.ReferencePipeline$7$1::accept (127 bytes)

GC Heap History (10 events):
Event: 324.639 GC heap before
{Heap before GC invocations=18 (full 0):
 garbage-first heap   total 131072K, used 110968K [0x0000000080000000, 0x0000000100000000)
  region size 1024K, 64 young (65536K), 9 survivors (9216K)
 Metaspace       used 74558K, capacity 76687K, committed 76936K, reserved 583680K
  class space    used 9781K, capacity 10653K, committed 10752K, reserved 516096K
}
Event: 324.689 GC heap after
{Heap after GC invocations=19 (full 0):
 garbage-first heap   total 131072K, used 60812K [0x0000000080000000, 0x0000000100000000)
  region size 1024K, 7 young (7168K), 7 survivors (7168K)
 Metaspace       used 74558K, capacity 76687K, committed 76936K, reserved 583680K
  class space    used 9781K, capacity 10653K, committed 10752K, reserved 516096K
}
Event: 339.210 GC heap before
{Heap before GC invocations=19 (full 0):
 garbage-first heap   total 131072K, used 106892K [0x0000000080000000, 0x0000000100000000)
  region size 1024K, 49 young (50176K), 7 survivors (7168K)
 Metaspace       used 79167K, capacity 81327K, committed 81544K, reserved 587776K
  class space    used 10280K, capacity 11173K, committed 11264K, reserved 516096K
}
Event: 339.237 GC heap after
{Heap after GC invocations=20 (full 0):
 garbage-first heap   total 131072K, used 69534K [0x0000000080000000, 0x0000000100000000)
  region size 1024K, 6 young (6144K), 6 survivors (6144K)
 Metaspace       used 79167K, capacity 81327K, committed 81544K, reserved 587776K
  class space    used 10280K, capacity 11173K, committed 11264K, reserved 516096K
}
Event: 348.320 GC heap before
{Heap before GC invocations=21 (full 0):
 garbage-first heap   total 131072K, used 108446K [0x0000000080000000, 0x0000000100000000)
  region size 1024K, 42 young (43008K), 6 survivors (6144K)
 Metaspace       used 82236K, capacity 84439K, committed 84744K, reserved 589824K
  class space    used 10666K, capacity 11565K, committed 11648K, reserved 516096K
}
Event: 348.333 GC heap after
{Heap after GC invocations=22 (full 0):
 garbage-first heap   total 131072K, used 66790K [0x0000000080000000, 0x0000000100000000)
  region size 1024K, 3 young (3072K), 3 survivors (3072K)
 Metaspace       used 82236K, capacity 84439K, committed 84744K, reserved 589824K
  class space    used 10666K, capacity 11565K, committed 11648K, reserved 516096K
}
Event: 350.222 GC heap before
{Heap before GC invocations=22 (full 0):
 garbage-first heap   total 131072K, used 71910K [0x0000000080000000, 0x0000000100000000)
  region size 1024K, 9 young (9216K), 3 survivors (3072K)
 Metaspace       used 82687K, capacity 84894K, committed 85000K, reserved 589824K
  class space    used 10740K, capacity 11630K, committed 11648K, reserved 516096K
}
Event: 350.229 GC heap after
{Heap after GC invocations=23 (full 0):
 garbage-first heap   total 131072K, used 67072K [0x0000000080000000, 0x0000000100000000)
  region size 1024K, 3 young (3072K), 3 survivors (3072K)
 Metaspace       used 82687K, capacity 84894K, committed 85000K, reserved 589824K
  class space    used 10740K, capacity 11630K, committed 11648K, reserved 516096K
}
Event: 357.567 GC heap before
{Heap before GC invocations=24 (full 0):
 garbage-first heap   total 131072K, used 105984K [0x0000000080000000, 0x0000000100000000)
  region size 1024K, 40 young (40960K), 3 survivors (3072K)
 Metaspace       used 83897K, capacity 86160K, committed 86280K, reserved 591872K
  class space    used 10937K, capacity 11857K, committed 11904K, reserved 516096K
}
Event: 357.582 GC heap after
{Heap after GC invocations=25 (full 0):
 garbage-first heap   total 131072K, used 68991K [0x0000000080000000, 0x0000000100000000)
  region size 1024K, 5 young (5120K), 5 survivors (5120K)
 Metaspace       used 83897K, capacity 86160K, committed 86280K, reserved 591872K
  class space    used 10937K, capacity 11857K, committed 11904K, reserved 516096K
}

Deoptimization events (10 events):
Event: 351.020 Thread 0x0000024fa2b3b800 Uncommon trap: reason=unstable_if action=reinterpret pc=0x0000024f92080c14 method=java.lang.StringLatin1.canEncode(I)Z @ 4 c2
Event: 351.020 Thread 0x0000024fa2b3b800 Uncommon trap: reason=unstable_if action=reinterpret pc=0x0000024f9201bd88 method=java.lang.AbstractStringBuilder.isLatin1()Z @ 10 c2
Event: 351.021 Thread 0x0000024fa2b3b800 Uncommon trap: reason=unstable_if action=reinterpret pc=0x0000024f91ffa554 method=java.lang.StringLatin1.canEncode(I)Z @ 4 c2
Event: 351.022 Thread 0x0000024fa2b3b800 Uncommon trap: reason=unstable_if action=reinterpret pc=0x0000024f923b3d88 method=java.util.regex.Pattern.closure(Ljava/util/regex/Pattern$Node;)Ljava/util/regex/Pattern$Node; @ 79 c2
Event: 352.819 Thread 0x0000024fa2b3b800 Uncommon trap: reason=unstable_if action=reinterpret pc=0x0000024f923350c0 method=jdk.internal.org.objectweb.asm.Type.getType([CI)Ljdk/internal/org/objectweb/asm/Type; @ 3 c2
Event: 353.427 Thread 0x0000024fa2b3b800 Uncommon trap: reason=unstable_if action=reinterpret pc=0x0000024f921c1c70 method=java.util.StringJoiner.add(Ljava/lang/CharSequence;)Ljava/util/StringJoiner; @ 33 c2
Event: 355.922 Thread 0x0000024fa2b3b800 Uncommon trap: reason=null_check action=make_not_entrant pc=0x0000024f922fe230 method=com.sun.beans.introspect.MethodInfo$MethodOrder.compare(Ljava/lang/reflect/Method;Ljava/lang/reflect/Method;)I @ 133 c2
Event: 359.531 Thread 0x0000024fa2b3b800 Uncommon trap: reason=null_check action=make_not_entrant pc=0x0000024f925c66fc method=java.lang.PublicMethods$MethodList.getMostSpecific()Ljava/lang/reflect/Method; @ 41 c2
Event: 361.455 Thread 0x0000024fa2b3b800 Uncommon trap: reason=bimorphic_or_optimized_type_check action=maybe_recompile pc=0x0000024f925d87f4 method=org.codehaus.groovy.util.SingleKeyHashMap.get(Ljava/lang/Object;)Ljava/lang/Object; @ 43 c2
Event: 361.462 Thread 0x0000024fa2b3b800 Uncommon trap: reason=bimorphic_or_optimized_type_check action=maybe_recompile pc=0x0000024f925d87f4 method=org.codehaus.groovy.util.SingleKeyHashMap.get(Ljava/lang/Object;)Ljava/lang/Object; @ 43 c2

Classes redefined (0 events):
No events

Internal exceptions (10 events):
Event: 362.490 Thread 0x0000024fa2b3b800 Exception <a 'java/lang/ClassNotFoundException'{0x0000000086e796b8}: org/gradle/api/internal/artifacts/dependencies/DefaultExternalModuleDependency_DecoratedBeanInfo> (0x0000000086e796b8) thrown at [t:/workspace/open/src/hotspot/share/classfile/systemDict
Event: 362.539 Thread 0x0000024fa2b3b800 Exception <a 'java/lang/ClassNotFoundException'{0x0000000086ec45d8}: org/gradle/api/internal/artifacts/dependencies/DefaultExternalModuleDependencyBeanInfo> (0x0000000086ec45d8) thrown at [t:/workspace/open/src/hotspot/share/classfile/systemDictionary.cpp
Event: 362.541 Thread 0x0000024fa2b3b800 Exception <a 'java/lang/ClassNotFoundException'{0x0000000086d0fa10}: org/gradle/api/internal/artifacts/dependencies/AbstractExternalModuleDependencyBeanInfo> (0x0000000086d0fa10) thrown at [t:/workspace/open/src/hotspot/share/classfile/systemDictionary.cp
Event: 362.543 Thread 0x0000024fa2b3b800 Exception <a 'java/lang/ClassNotFoundException'{0x0000000086d49468}: org/gradle/api/internal/artifacts/dependencies/AbstractModuleDependencyBeanInfo> (0x0000000086d49468) thrown at [t:/workspace/open/src/hotspot/share/classfile/systemDictionary.cpp, line 
Event: 362.546 Thread 0x0000024fa2b3b800 Exception <a 'java/lang/ClassNotFoundException'{0x0000000086d804a8}: org/gradle/api/internal/artifacts/dependencies/AbstractDependencyBeanInfo> (0x0000000086d804a8) thrown at [t:/workspace/open/src/hotspot/share/classfile/systemDictionary.cpp, line 231]
Event: 362.558 Thread 0x0000024fa2b3b800 Exception <a 'java/lang/ClassNotFoundException'{0x0000000086de9350}: org/gradle/api/internal/artifacts/dependencies/AbstractDependencyCustomizer> (0x0000000086de9350) thrown at [t:/workspace/open/src/hotspot/share/classfile/systemDictionary.cpp, line 231]
Event: 362.567 Thread 0x0000024fa2b3b800 Exception <a 'java/lang/ClassNotFoundException'{0x0000000086c268a0}: org/gradle/api/internal/artifacts/dependencies/AbstractModuleDependencyCustomizer> (0x0000000086c268a0) thrown at [t:/workspace/open/src/hotspot/share/classfile/systemDictionary.cpp, lin
Event: 362.578 Thread 0x0000024fa2b3b800 Exception <a 'java/lang/ClassNotFoundException'{0x0000000086c8adb8}: org/gradle/api/internal/artifacts/dependencies/AbstractExternalModuleDependencyCustomizer> (0x0000000086c8adb8) thrown at [t:/workspace/open/src/hotspot/share/classfile/systemDictionary.
Event: 363.801 Thread 0x0000024fa2b3b800 Exception <a 'java/lang/ClassNotFoundException'{0x0000000086ce5bc0}: org/gradle/api/internal/artifacts/dependencies/DefaultExternalModuleDependencyCustomizer> (0x0000000086ce5bc0) thrown at [t:/workspace/open/src/hotspot/share/classfile/systemDictionary.c
Event: 363.804 Thread 0x0000024fa2b3b800 Exception <a 'java/lang/ClassNotFoundException'{0x0000000086b47d98}: org/gradle/api/internal/artifacts/dependencies/DefaultExternalModuleDependency_DecoratedCustomizer> (0x0000000086b47d98) thrown at [t:/workspace/open/src/hotspot/share/classfile/systemDi

Events (10 events):
Event: 363.804 loading class org/gradle/api/internal/artifacts/dependencies/DefaultExternalModuleDependency_DecoratedCustomizer
Event: 363.804 loading class org/gradle/api/internal/artifacts/dependencies/DefaultExternalModuleDependency_DecoratedCustomizer done
Event: 363.816 loading class org/gradle/api/internal/artifacts/DefaultExcludeRule
Event: 363.816 loading class org/gradle/api/internal/artifacts/DefaultExcludeRule done
Event: 363.818 loading class org/codehaus/groovy/runtime/dgm$1301
Event: 363.818 loading class org/codehaus/groovy/runtime/dgm$1301 done
Event: 367.451 Thread 0x0000024fa7b5c000 Thread exited: 0x0000024fa7b5c000
Event: 376.167 Executing VM operation: RevokeBias
Event: 376.167 Executing VM operation: RevokeBias done
Event: 376.167 Thread 0x0000024fa3795000 Thread exited: 0x0000024fa3795000


Dynamic libraries:
0x00007ff6c9520000 - 0x00007ff6c9565000 	C:\Users\ARMemon\AppData\Local\jdk-11.0.2\bin\java.exe
0x00007ffff7000000 - 0x00007ffff71f0000 	C:\WINDOWS\SYSTEM32\ntdll.dll
0x00007ffff51f0000 - 0x00007ffff52a2000 	C:\WINDOWS\System32\KERNEL32.DLL
0x00007ffff4dd0000 - 0x00007ffff5075000 	C:\WINDOWS\System32\KERNELBASE.dll
0x00007ffff6d00000 - 0x00007ffff6e94000 	C:\WINDOWS\System32\USER32.dll
0x00007ffff4b00000 - 0x00007ffff4b21000 	C:\WINDOWS\System32\win32u.dll
0x00007ffff6c10000 - 0x00007ffff6c36000 	C:\WINDOWS\System32\GDI32.dll
0x00007ffff3fd0000 - 0x00007ffff4168000 	C:\WINDOWS\System32\gdi32full.dll
0x00007ffff4c80000 - 0x00007ffff4d1e000 	C:\WINDOWS\System32\msvcp_win.dll
0x00007ffff4b80000 - 0x00007ffff4c7a000 	C:\WINDOWS\System32\ucrtbase.dll
0x00007fffe4730000 - 0x00007fffe49b4000 	C:\WINDOWS\WinSxS\amd64_microsoft.windows.common-controls_6595b64144ccf1df_6.0.18362.1440_none_9e7dbfb9e45e8e67\COMCTL32.dll
0x00007ffff50b0000 - 0x00007ffff514e000 	C:\WINDOWS\System32\msvcrt.dll
0x00007ffff65b0000 - 0x00007ffff68e6000 	C:\WINDOWS\System32\combase.dll
0x00007ffff5980000 - 0x00007ffff5a9f000 	C:\WINDOWS\System32\RPCRT4.dll
0x00007ffff4a70000 - 0x00007ffff4af1000 	C:\WINDOWS\System32\bcryptPrimitives.dll
0x00007ffff6470000 - 0x00007ffff649e000 	C:\WINDOWS\System32\IMM32.DLL
0x00007fffedfb0000 - 0x00007fffedfc6000 	C:\Users\ARMemon\AppData\Local\jdk-11.0.2\bin\vcruntime140.dll
0x00007fffc2b70000 - 0x00007fffc2c1a000 	C:\Users\ARMemon\AppData\Local\jdk-11.0.2\bin\msvcp140.dll
0x00007fff793c0000 - 0x00007fff79ee3000 	C:\Users\ARMemon\AppData\Local\jdk-11.0.2\bin\server\jvm.dll
0x00007ffff5460000 - 0x00007ffff5503000 	C:\WINDOWS\System32\ADVAPI32.dll
0x00007ffff6510000 - 0x00007ffff65a7000 	C:\WINDOWS\System32\sechost.dll
0x00007ffff62c0000 - 0x00007ffff62c8000 	C:\WINDOWS\System32\PSAPI.DLL
0x00007ffff0500000 - 0x00007ffff0509000 	C:\WINDOWS\SYSTEM32\WSOCK32.dll
0x00007ffff64a0000 - 0x00007ffff650f000 	C:\WINDOWS\System32\WS2_32.dll
0x00007ffff1d00000 - 0x00007ffff1d24000 	C:\WINDOWS\SYSTEM32\WINMM.dll
0x00007fffeab90000 - 0x00007fffeab9a000 	C:\WINDOWS\SYSTEM32\VERSION.dll
0x00007ffff1a40000 - 0x00007ffff1a6d000 	C:\WINDOWS\SYSTEM32\WINMMBASE.dll
0x00007ffff4b30000 - 0x00007ffff4b7a000 	C:\WINDOWS\System32\cfgmgr32.dll
0x00007ffff3ec0000 - 0x00007ffff3ed1000 	C:\WINDOWS\System32\kernel.appcore.dll
0x00007fffe5f00000 - 0x00007fffe5f11000 	C:\Users\ARMemon\AppData\Local\jdk-11.0.2\bin\verify.dll
0x00007ffff2730000 - 0x00007ffff2924000 	C:\WINDOWS\SYSTEM32\DBGHELP.DLL
0x00007fffe31e0000 - 0x00007fffe320a000 	C:\WINDOWS\SYSTEM32\dbgcore.DLL
0x00007fffca850000 - 0x00007fffca878000 	C:\Users\ARMemon\AppData\Local\jdk-11.0.2\bin\java.dll
0x00007fffe5e30000 - 0x00007fffe5e46000 	C:\Users\ARMemon\AppData\Local\jdk-11.0.2\bin\zip.dll
0x00007ffff0250000 - 0x00007ffff025a000 	C:\Users\ARMemon\AppData\Local\jdk-11.0.2\bin\jimage.dll
0x00007ffff5bd0000 - 0x00007ffff62b8000 	C:\WINDOWS\System32\SHELL32.dll
0x00007ffff6ea0000 - 0x00007ffff6f47000 	C:\WINDOWS\System32\shcore.dll
0x00007ffff42d0000 - 0x00007ffff4a4b000 	C:\WINDOWS\System32\windows.storage.dll
0x00007ffff3ee0000 - 0x00007ffff3efe000 	C:\WINDOWS\System32\profapi.dll
0x00007ffff3f20000 - 0x00007ffff3f6a000 	C:\WINDOWS\System32\powrprof.dll
0x00007ffff3eb0000 - 0x00007ffff3ec0000 	C:\WINDOWS\System32\UMPDC.dll
0x00007ffff62d0000 - 0x00007ffff6322000 	C:\WINDOWS\System32\shlwapi.dll
0x00007ffff4a50000 - 0x00007ffff4a67000 	C:\WINDOWS\System32\cryptsp.dll
0x00007fffd6ba0000 - 0x00007fffd6bb9000 	C:\Users\ARMemon\AppData\Local\jdk-11.0.2\bin\net.dll
0x00007fffe74b0000 - 0x00007fffe75aa000 	C:\WINDOWS\SYSTEM32\WINHTTP.dll
0x00007fffe5430000 - 0x00007fffe5607000 	C:\WINDOWS\SYSTEM32\urlmon.dll
0x00007fffe5120000 - 0x00007fffe53c7000 	C:\WINDOWS\SYSTEM32\iertutil.dll
0x00007ffff3860000 - 0x00007ffff386c000 	C:\WINDOWS\SYSTEM32\CRYPTBASE.DLL
0x00007ffff3690000 - 0x00007ffff36f7000 	C:\WINDOWS\system32\mswsock.dll
0x00007fffcf800000 - 0x00007fffcf813000 	C:\Users\ARMemon\AppData\Local\jdk-11.0.2\bin\nio.dll
0x00007fffc9b70000 - 0x00007fffc9b97000 	C:\Users\ARMemon\.gradle\native\e1d6ef7f7dcc3fd88c89a11ec53ec762bb8ba0a96d01ffa2cd45eb1d1d8dd5c5\windows-amd64\native-platform.dll
0x00007fff84f50000 - 0x00007fff85094000 	C:\Users\ARMemon\.gradle\native\0d407fdbe67a94daf76414ababcb853783967236a71b16ec16e742cd7a986fd3\windows-amd64\native-platform-file-events.dll
0x00007fffe72d0000 - 0x00007fffe72d9000 	C:\Users\ARMemon\AppData\Local\jdk-11.0.2\bin\management.dll
0x00007fffe6090000 - 0x00007fffe609c000 	C:\Users\ARMemon\AppData\Local\jdk-11.0.2\bin\management_ext.dll
0x00007ffff3210000 - 0x00007ffff3243000 	C:\WINDOWS\system32\rsaenh.dll
0x00007ffff5080000 - 0x00007ffff50a6000 	C:\WINDOWS\System32\bcrypt.dll
0x00007ffff3d90000 - 0x00007ffff3db5000 	C:\WINDOWS\SYSTEM32\USERENV.dll
0x00007ffff33a0000 - 0x00007ffff33da000 	C:\WINDOWS\SYSTEM32\IPHLPAPI.DLL
0x00007ffff6cf0000 - 0x00007ffff6cf8000 	C:\WINDOWS\System32\NSI.dll
0x00007fffeb400000 - 0x00007fffeb416000 	C:\WINDOWS\SYSTEM32\dhcpcsvc6.DLL
0x00007fffeaec0000 - 0x00007fffeaedc000 	C:\WINDOWS\SYSTEM32\dhcpcsvc.DLL
0x00007ffff33e0000 - 0x00007ffff34ab000 	C:\WINDOWS\SYSTEM32\DNSAPI.dll

dbghelp: loaded successfully - version: 4.0.5 - missing functions: none
symbol engine: initialized successfully - sym options: 0x614 - pdb path: .;C:\Users\ARMemon\AppData\Local\jdk-11.0.2\bin;C:\WINDOWS\SYSTEM32;C:\WINDOWS\WinSxS\amd64_microsoft.windows.common-controls_6595b64144ccf1df_6.0.18362.1440_none_9e7dbfb9e45e8e67;C:\Users\ARMemon\AppData\Local\jdk-11.0.2\bin\server;C:\Users\ARMemon\.gradle\native\e1d6ef7f7dcc3fd88c89a11ec53ec762bb8ba0a96d01ffa2cd45eb1d1d8dd5c5\windows-amd64;C:\Users\ARMemon\.gradle\native\0d407fdbe67a94daf76414ababcb853783967236a71b16ec16e742cd7a986fd3\windows-amd64

VM Arguments:
jvm_args: -XX:MaxMetaspaceSize=512m --add-opens=java.base/java.util=ALL-UNNAMED --add-opens=java.base/java.lang=ALL-UNNAMED --add-opens=java.base/java.lang.invoke=ALL-UNNAMED --add-opens=java.base/java.util=ALL-UNNAMED --add-opens=java.prefs/java.util.prefs=ALL-UNNAMED --add-opens=java.prefs/java.util.prefs=ALL-UNNAMED --add-opens=java.base/java.nio.charset=ALL-UNNAMED --add-opens=java.base/java.net=ALL-UNNAMED --add-opens=java.base/java.util.concurrent.atomic=ALL-UNNAMED -Xmx2048m -Dfile.encoding=windows-1252 -Duser.country=US -Duser.language=en -Duser.variant 
java_command: org.gradle.launcher.daemon.bootstrap.GradleDaemon 7.5.1
java_class_path (initial): C:\Users\ARMemon\.gradle\wrapper\dists\gradle-7.5.1-all\1ehga6e77gqps5uk2kc5kf1vc\gradle-7.5.1\lib\gradle-launcher-7.5.1.jar
Launcher Type: SUN_STANDARD

[Global flags]
     intx CICompilerCount                          = 3                                         {product} {ergonomic}
   size_t CompressedClassSpaceSize                 = 528482304                                 {product} {ergonomic}
     uint ConcGCThreads                            = 1                                         {product} {ergonomic}
     uint G1ConcRefinementThreads                  = 4                                         {product} {ergonomic}
   size_t G1HeapRegionSize                         = 1048576                                   {product} {ergonomic}
    uintx GCDrainStackTargetSize                   = 64                                        {product} {ergonomic}
   size_t InitialHeapSize                          = 134217728                                 {product} {ergonomic}
   size_t MarkStackSize                            = 4194304                                   {product} {ergonomic}
   size_t MaxHeapSize                              = 2147483648                                {product} {command line}
   size_t MaxMetaspaceSize                         = 536870912                                 {product} {command line}
   size_t MaxNewSize                               = 1287651328                                {product} {ergonomic}
   size_t MinHeapDeltaBytes                        = 1048576                                   {product} {ergonomic}
    uintx NonNMethodCodeHeapSize                   = 5830092                                {pd product} {ergonomic}
    uintx NonProfiledCodeHeapSize                  = 122914074                              {pd product} {ergonomic}
    uintx ProfiledCodeHeapSize                     = 122914074                              {pd product} {ergonomic}
    uintx ReservedCodeCacheSize                    = 251658240                              {pd product} {ergonomic}
     bool SegmentedCodeCache                       = true                                      {product} {ergonomic}
     bool UseCompressedClassPointers               = true                                 {lp64_product} {ergonomic}
     bool UseCompressedOops                        = true                                 {lp64_product} {ergonomic}
     bool UseG1GC                                  = true                                      {product} {ergonomic}
     bool UseLargePagesIndividualAllocation        = false                                  {pd product} {ergonomic}

Logging:
Log output configuration:
 #0: stdout all=warning uptime,level,tags
 #1: stderr all=off uptime,level,tags

Environment Variables:
JAVA_HOME=C:\Users\ARMemon\AppData\Local\jdk-11.0.2
CLASSPATH=C:\Users\ARMemon\Desktop\Codes\ReactNative\IEEE_PES\android\\gradle\wrapper\gradle-wrapper.jar
PATH=C:\Users\ARMemon\Desktop\Codes\ReactNative\IEEE_PES\android\node_modules\.bin;C:\Users\ARMemon\Desktop\Codes\ReactNative\IEEE_PES\node_modules\.bin;C:\Users\ARMemon\Desktop\Codes\ReactNative\node_modules\.bin;C:\Users\ARMemon\Desktop\Codes\node_modules\.bin;C:\Users\ARMemon\Desktop\node_modules\.bin;C:\Users\ARMemon\node_modules\.bin;C:\Users\node_modules\.bin;C:\node_modules\.bin;C:\Program Files\nodejs;C:\Users\ARMemon\Desktop\Codes\ReactNative\IEEE_PES\node_modules\.bin;C:\Users\ARMemon\Desktop\Codes\ReactNative\IEEE_PES\node_modules\.bin;C:\Users\ARMemon\Desktop\Codes\ReactNative\node_modules\.bin;C:\Users\ARMemon\Desktop\Codes\node_modules\.bin;C:\Users\ARMemon\Desktop\node_modules\.bin;C:\Users\ARMemon\node_modules\.bin;C:\Users\node_modules\.bin;C:\node_modules\.bin;C:\Users\ARMemon\AppData\Roaming\npm\node_modules\npm\node_modules\@npmcli\run-script\lib\node-gyp-bin;C:\Users\ARMemon\Desktop\Codes\ReactNative\IEEE_PES\node_modules\.bin;C:\Users\ARMemon\Desktop\Codes\ReactNative\node_modules\.bin;C:\Users\ARMemon\Desktop\Codes\node_modules\.bin;C:\Users\ARMemon\Desktop\node_modules\.bin;C:\Users\ARMemon\node_modules\.bin;C:\Users\node_modules\.bin;C:\node_modules\.bin;C:\Program Files\nodejs;C:\Users\ARMemon\Desktop\Codes\ReactNative\IEEE_PES\node_modules\react-native\scripts\node_modules\.bin;C:\Users\ARMemon\Desktop\Codes\ReactNative\IEEE_PES\node_modules\react-native\node_modules\.bin;C:\Users\ARMemon\Desktop\Codes\ReactNative\IEEE_PES\node_modules\node_modules\.bin;C:\Users\ARMemon\Desktop\Codes\ReactNative\IEEE_PES\node_modules\.bin;C:\Users\ARMemon\Desktop\Codes\ReactNative\node_modules\.bin;C:\Users\ARMemon\Desktop\Codes\node_modules\.bin;C:\Users\ARMemon\Desktop\node_modules\.bin;C:\Users\ARMemon\node_modules\.bin;C:\Users\node_modules\.bin;C:\node_modules\.bin;C:\Program Files\nodejs;C:\Users\ARMemon\Desktop\Codes\ReactNative\IEEE_PES\node_modules\.bin;C:\Users\ARMemon\Desktop\Codes\ReactNative\node_modules\.bin;C:\Users\ARMemon\Desktop\Codes\node_m
USERNAME=ARMemon
OS=Windows_NT
PROCESSOR_IDENTIFIER=Intel64 Family 6 Model 142 Stepping 9, GenuineIntel



---------------  S Y S T E M  ---------------

OS: Windows 10 , 64 bit Build 18362 (10.0.18362.1350)

CPU:total 4 (initial active 4) (2 cores per cpu, 2 threads per core) family 6 model 142 stepping 9, cmov, cx8, fxsr, mmx, sse, sse2, sse3, ssse3, sse4.1, sse4.2, popcnt, avx, avx2, aes, clmul, erms, 3dnowpref, lzcnt, ht, tsc, tscinvbit, bmi1, bmi2, adx, fma

Memory: 4k page, system-wide physical 8078M (267M free)
TotalPageFile size 19315M (AvailPageFile size 0M)
current process WorkingSet (physical memory assigned to process): 329M, peak: 371M
current process commit charge ("private bytes"): 369M, peak: 408M

vm_info: OpenJDK 64-Bit Server VM (11.0.2+9) for windows-amd64 JRE (11.0.2+9), built on Jan 18 2019 05:23:22 by "mach5one" with MS VC++ 15.5 (VS2017)

END.
